2023-04-26 14:14:37.738 [info] [SharedProcess] using utility process
2023-04-26 14:14:37.818 [info] update#setState idle
2023-04-26 14:14:38.456 [info] [UtilityProcess type: shared-process, pid: <none>]: creating new...
2023-04-26 14:14:38.463 [info] [UtilityProcess id: 1, type: fileWatcher, pid: <none>]: creating new...
2023-04-26 14:14:38.468 [info] [UtilityProcess type: shared-process, pid: 137417]: successfully created
2023-04-26 14:14:38.471 [info] [UtilityProcess id: 1, type: fileWatcher, pid: 137421]: successfully created
2023-04-26 14:14:38.490 [info] [UtilityProcess id: 2, type: extensionHost, pid: <none>]: creating new...
2023-04-26 14:14:38.494 [info] [UtilityProcess id: 2, type: extensionHost, pid: 137438]: successfully created
2023-04-26 14:14:38.520 [info] [UtilityProcess id: 2, type: fileWatcher, pid: <none>]: creating new...
2023-04-26 14:14:38.523 [info] [UtilityProcess id: 1, type: extensionHost, pid: <none>]: creating new...
2023-04-26 14:14:38.527 [info] [UtilityProcess id: 2, type: fileWatcher, pid: 137451]: successfully created
2023-04-26 14:14:38.528 [info] [UtilityProcess id: 1, type: extensionHost, pid: 137452]: successfully created
2023-04-26 14:15:07.819 [info] update#setState checking for updates
2023-04-26 14:15:07.915 [info] update#setState idle
2023-04-26 14:15:45.480 [info] [UtilityProcess id: 2, type: fileWatcher, pid: 137451]: attempting to kill the process...
2023-04-26 14:15:45.480 [info] [UtilityProcess id: 2, type: fileWatcher, pid: 137451]: successfully killed the process
2023-04-26 14:15:45.486 [info] [UtilityProcess id: 2, type: fileWatcher, pid: 137451]: received exit event with code 15
2023-04-26 14:15:45.487 [error] [UtilityProcessWorker]: terminated unexpectedly with code 15, signal: unknown
2023-04-26 14:15:45.487 [error] [UtilityProcess id: 2, type: fileWatcher, pid: 137451]: crashed with code 15 and reason 'killed'
2023-04-26 14:15:46.121 [info] [UtilityProcess id: 1, type: extensionHost, pid: 137452]: received exit event with code 0
2023-04-26 14:15:46.121 [info] Extension host with pid 137452 exited with code: 0, signal: unknown.
2023-04-26 15:15:07.845 [info] update#setState checking for updates
2023-04-26 15:15:08.180 [info] update#setState idle
2023-04-26 16:15:07.847 [info] update#setState checking for updates
2023-04-26 16:15:08.190 [info] update#setState idle
2023-04-26 17:15:07.873 [info] update#setState checking for updates
2023-04-26 17:15:08.213 [info] update#setState idle
2023-04-26 18:15:07.899 [info] update#setState checking for updates
2023-04-26 18:15:08.265 [info] update#setState idle
2023-04-26 19:15:07.906 [info] update#setState checking for updates
2023-04-26 19:15:08.268 [info] update#setState idle
2023-04-26 20:15:07.931 [info] update#setState checking for updates
2023-04-26 20:15:08.377 [info] update#setState idle
2023-04-26 21:15:07.957 [info] update#setState checking for updates
2023-04-26 21:15:08.340 [info] update#setState idle
2023-04-26 22:15:07.982 [info] update#setState checking for updates
2023-04-26 22:15:08.368 [info] update#setState idle
