2023-04-27 23:33:38.543 [info] Log level: Info
2023-04-27 23:33:38.544 [info] Validating found git in: "git"
2023-04-27 23:33:38.544 [info] Using git "2.40.0" from "git"
2023-04-27 23:33:38.549 [info] > git rev-parse --show-toplevel [5ms]
2023-04-27 23:33:38.568 [info] > git rev-parse --git-dir --git-common-dir [3ms]
2023-04-27 23:33:38.576 [info] Open repository: /home/rafe/Documents/sp23/EEL5632/final_project/V2X_Example
2023-04-27 23:33:38.590 [info] > git rev-parse --show-toplevel [10ms]
2023-04-27 23:33:38.590 [info] fatal: not a git repository (or any parent up to mount point /)
Stopping at filesystem boundary (GIT_DISCOVERY_ACROSS_FILESYSTEM not set).
2023-04-27 23:33:38.603 [info] > git rev-parse --show-toplevel [10ms]
2023-04-27 23:33:38.606 [info] > git config --get commit.template [22ms]
2023-04-27 23:33:38.609 [info] > git rev-parse --show-toplevel [3ms]
2023-04-27 23:33:38.618 [info] > git rev-parse --show-toplevel [5ms]
2023-04-27 23:33:38.638 [info] > git rev-parse --show-toplevel [17ms]
2023-04-27 23:33:38.641 [info] > git for-each-ref --format=%(refname)%00%(upstream:short)%00%(objectname)%00%(upstream:track)%00%(upstream:remotename)%00%(upstream:remoteref) refs/heads/master refs/remotes/master [24ms]
2023-04-27 23:33:38.648 [info] > git rev-parse --show-toplevel [7ms]
2023-04-27 23:33:38.658 [info] > git status -z -uall [14ms]
2023-04-27 23:33:38.658 [info] > git rev-parse --show-toplevel [7ms]
2023-04-27 23:33:38.669 [info] > git rev-parse --show-toplevel [8ms]
2023-04-27 23:33:38.679 [info] > git rev-parse --show-toplevel [8ms]
2023-04-27 23:33:38.680 [info] > git config --get commit.template [12ms]
2023-04-27 23:33:38.688 [info] > git for-each-ref --format=%(refname)%00%(upstream:short)%00%(objectname)%00%(upstream:track)%00%(upstream:remotename)%00%(upstream:remoteref) refs/heads/master refs/remotes/master [1ms]
2023-04-27 23:33:38.699 [info] > git status -z -uall [8ms]
