2023-05-13 14:06:05.466 [info] Log level: Info
2023-05-13 14:06:05.466 [info] Validating found git in: "git"
2023-05-13 14:06:05.466 [info] Using git "2.40.0" from "git"
2023-05-13 14:06:05.466 [info] > git rev-parse --show-toplevel [3ms]
2023-05-13 14:06:05.466 [info] > git rev-parse --git-dir --git-common-dir [7ms]
2023-05-13 14:06:05.466 [info] Open repository: /home/rafe/Documents/sp23/EEL5632/final_project/V2X_Example
2023-05-13 14:06:05.466 [info] > git rev-parse --show-toplevel [12ms]
2023-05-13 14:06:05.466 [info] fatal: not a git repository (or any parent up to mount point /)
Stopping at filesystem boundary (GIT_DISCOVERY_ACROSS_FILESYSTEM not set).
2023-05-13 14:06:05.466 [info] > git rev-parse --show-toplevel [12ms]
2023-05-13 14:06:05.466 [info] > git config --get commit.template [25ms]
2023-05-13 14:06:05.466 [info] > git rev-parse --show-toplevel [5ms]
2023-05-13 14:06:05.467 [info] > git for-each-ref --format=%(refname)%00%(upstream:short)%00%(objectname)%00%(upstream:track)%00%(upstream:remotename)%00%(upstream:remoteref) refs/heads/C refs/remotes/C [1ms]
2023-05-13 14:06:05.474 [info] > git rev-parse --show-toplevel [13ms]
2023-05-13 14:06:05.479 [info] > git status -z -uall [7ms]
2023-05-13 14:06:05.479 [info] > git rev-parse --show-toplevel [1ms]
2023-05-13 14:06:05.494 [info] > git rev-parse --show-toplevel [10ms]
2023-05-13 14:06:05.514 [info] > git config --get commit.template [20ms]
2023-05-13 14:06:05.516 [info] > git rev-parse --show-toplevel [20ms]
2023-05-13 14:06:05.535 [info] > git rev-parse --show-toplevel [11ms]
2023-05-13 14:06:05.540 [info] > git for-each-ref --format=%(refname)%00%(upstream:short)%00%(objectname)%00%(upstream:track)%00%(upstream:remotename)%00%(upstream:remoteref) refs/heads/C refs/remotes/C [6ms]
2023-05-13 14:06:05.554 [info] > git rev-parse --show-toplevel [14ms]
2023-05-13 14:06:05.556 [info] > git status -z -uall [12ms]
2023-05-13 14:06:05.953 [info] > git check-ignore -v -z --stdin [7ms]
