2023-04-26 13:14:53.938 [info] [SharedProcess] using utility process
2023-04-26 13:14:54.029 [info] update#setState idle
2023-04-26 13:14:54.818 [info] [UtilityProcess type: shared-process, pid: <none>]: creating new...
2023-04-26 13:14:54.822 [info] [UtilityProcess id: 1, type: fileWatcher, pid: <none>]: creating new...
2023-04-26 13:14:54.829 [info] [UtilityProcess type: shared-process, pid: 130027]: successfully created
2023-04-26 13:14:54.830 [info] [UtilityProcess id: 1, type: fileWatcher, pid: 130028]: successfully created
2023-04-26 13:14:54.915 [info] [UtilityProcess id: 1, type: extensionHost, pid: <none>]: creating new...
2023-04-26 13:14:54.923 [info] [UtilityProcess id: 1, type: extensionHost, pid: 130052]: successfully created
2023-04-26 13:15:24.029 [info] update#setState checking for updates
2023-04-26 13:15:24.128 [info] update#setState idle
2023-04-26 13:42:46.842 [info] [UtilityProcess id: 2, type: fileWatcher, pid: <none>]: creating new...
2023-04-26 13:42:46.845 [info] [UtilityProcess id: 2, type: fileWatcher, pid: 132038]: successfully created
2023-04-26 13:42:46.905 [info] [UtilityProcess id: 2, type: extensionHost, pid: <none>]: creating new...
2023-04-26 13:42:46.910 [info] [UtilityProcess id: 2, type: extensionHost, pid: 132049]: successfully created
2023-04-26 13:45:54.895 [info] [UtilityProcess id: 1, type: fileWatcher, pid: 130028]: attempting to kill the process...
2023-04-26 13:45:54.895 [info] [UtilityProcess id: 1, type: fileWatcher, pid: 130028]: successfully killed the process
2023-04-26 13:45:54.916 [info] [UtilityProcess id: 1, type: extensionHost, pid: 130052]: received exit event with code 0
2023-04-26 13:45:54.917 [info] Extension host with pid 130052 exited with code: 0, signal: unknown.
2023-04-26 13:45:54.918 [info] [UtilityProcess id: 1, type: fileWatcher, pid: 130028]: received exit event with code 15
2023-04-26 13:45:54.918 [error] [UtilityProcessWorker]: terminated unexpectedly with code 15, signal: unknown
2023-04-26 13:45:54.918 [error] [UtilityProcess id: 1, type: fileWatcher, pid: 130028]: crashed with code 15 and reason 'killed'
2023-04-26 13:45:55.331 [info] [UtilityProcess id: 1, type: fileWatcher, pid: <none>]: creating new...
2023-04-26 13:45:55.335 [info] [UtilityProcess id: 1, type: fileWatcher, pid: 133351]: successfully created
2023-04-26 13:45:55.388 [info] [UtilityProcess id: 3, type: extensionHost, pid: <none>]: creating new...
2023-04-26 13:45:55.393 [info] [UtilityProcess id: 3, type: extensionHost, pid: 133361]: successfully created
2023-04-26 13:56:30.202 [info] [UtilityProcess id: 2, type: fileWatcher, pid: 132038]: attempting to kill the process...
2023-04-26 13:56:30.202 [info] [UtilityProcess id: 2, type: fileWatcher, pid: 132038]: successfully killed the process
2023-04-26 13:56:30.230 [info] [UtilityProcess id: 2, type: extensionHost, pid: 132049]: waiting to exit...
2023-04-26 13:56:30.230 [info] [UtilityProcess id: 3, type: extensionHost, pid: 133361]: waiting to exit...
2023-04-26 13:56:30.230 [info] [UtilityProcess id: 1, type: fileWatcher, pid: 133351]: attempting to kill the process...
2023-04-26 13:56:30.231 [info] [UtilityProcess id: 1, type: fileWatcher, pid: 133351]: successfully killed the process
2023-04-26 13:56:30.232 [info] [UtilityProcess id: 2, type: fileWatcher, pid: 132038]: received exit event with code 0
2023-04-26 13:56:30.232 [info] [UtilityProcess id: 3, type: extensionHost, pid: 133361]: received exit event with code 0
2023-04-26 13:56:30.232 [info] Extension host with pid 133361 exited with code: 0, signal: unknown.
2023-04-26 13:56:30.233 [info] [UtilityProcess id: 2, type: extensionHost, pid: 132049]: received exit event with code 0
2023-04-26 13:56:30.233 [info] Extension host with pid 132049 exited with code: 0, signal: unknown.
2023-04-26 13:56:30.234 [info] [UtilityProcess id: 1, type: fileWatcher, pid: 133351]: received exit event with code 0
