2023-04-26 13:14:55.663 [info] Reading sessions from keychain...
2023-04-26 13:14:55.663 [info] Getting sessions for all scopes...
2023-04-26 13:14:55.663 [info] Getting sessions for user:email...
2023-04-26 13:14:55.663 [info] Got stored sessions!
2023-04-26 13:14:55.663 [info] Got 1 verified sessions.
2023-04-26 13:14:55.663 [info] Got 1 sessions for ...
2023-04-26 13:14:55.663 [info] Got 0 sessions for user:email...
2023-04-26 13:14:55.663 [info] Getting sessions for all scopes...
2023-04-26 13:14:55.663 [info] Got 1 sessions for ...
2023-04-26 13:14:55.676 [info] Getting sessions for all scopes...
2023-04-26 13:14:55.676 [info] Got 1 sessions for ...
2023-04-26 13:14:55.684 [info] Getting sessions for read:user,repo,user:email,workflow...
2023-04-26 13:14:55.684 [info] Got 1 sessions for read:user,repo,user:email,workflow...
2023-04-26 13:14:56.807 [info] Getting user info...
2023-04-26 13:14:57.111 [info] Got account info!
2023-04-26 13:45:56.083 [info] Reading sessions from keychain...
2023-04-26 13:45:56.083 [info] Getting sessions for all scopes...
2023-04-26 13:45:56.083 [info] Getting sessions for user:email...
2023-04-26 13:45:56.083 [info] Got stored sessions!
2023-04-26 13:45:56.083 [info] Got 1 verified sessions.
2023-04-26 13:45:56.083 [info] Got 1 sessions for ...
2023-04-26 13:45:56.083 [info] Got 0 sessions for user:email...
2023-04-26 13:45:56.083 [info] Getting sessions for all scopes...
2023-04-26 13:45:56.083 [info] Got 1 sessions for ...
2023-04-26 13:45:56.113 [info] Getting sessions for all scopes...
2023-04-26 13:45:56.113 [info] Got 1 sessions for ...
2023-04-26 13:45:56.141 [info] Getting sessions for read:user,repo,user:email,workflow...
2023-04-26 13:45:56.141 [info] Got 1 sessions for read:user,repo,user:email,workflow...
2023-04-26 13:45:57.260 [info] Getting user info...
2023-04-26 13:45:57.862 [info] Got account info!
