2023-04-26 13:56:33.768 [info] Log level: Info
2023-04-26 13:56:33.768 [info] Validating found git in: "git"
2023-04-26 13:56:33.768 [info] Using git "2.40.0" from "git"
2023-04-26 13:56:33.773 [info] > git rev-parse --show-toplevel [6ms]
2023-04-26 13:56:33.796 [info] > git rev-parse --git-dir --git-common-dir [5ms]
2023-04-26 13:56:33.805 [info] Open repository: /home/rafe/Documents/sp23/EEL5632/final_project/V2X_Example
2023-04-26 13:56:33.819 [info] > git rev-parse --show-toplevel [7ms]
2023-04-26 13:56:34.148 [info] > git rev-parse --show-toplevel [318ms]
2023-04-26 13:56:34.154 [info] > git config --get commit.template [335ms]
2023-04-26 13:56:34.187 [info] > git rev-parse --show-toplevel [33ms]
2023-04-26 13:56:34.212 [info] > git rev-parse --show-toplevel [21ms]
2023-04-26 13:56:34.224 [info] > git rev-parse --show-toplevel [7ms]
2023-04-26 13:56:34.231 [info] > git for-each-ref --format=%(refname)%00%(upstream:short)%00%(objectname)%00%(upstream:track)%00%(upstream:remotename)%00%(upstream:remoteref) refs/heads/master refs/remotes/master [23ms]
2023-04-26 13:56:34.238 [info] > git rev-parse --show-toplevel [7ms]
2023-04-26 13:56:34.245 [info] > git status -z -uall [8ms]
2023-04-26 13:56:34.245 [info] > git rev-parse --show-toplevel [2ms]
2023-04-26 13:56:34.261 [info] > git rev-parse --show-toplevel [11ms]
2023-04-26 13:56:34.268 [info] > git rev-parse --show-toplevel [2ms]
2023-04-26 13:56:34.269 [info] > git config --get commit.template [9ms]
2023-04-26 13:56:34.302 [info] > git for-each-ref --format=%(refname)%00%(upstream:short)%00%(objectname)%00%(upstream:track)%00%(upstream:remotename)%00%(upstream:remoteref) refs/heads/master refs/remotes/master [10ms]
2023-04-26 13:56:34.313 [info] > git status -z -uall [3ms]
2023-04-26 13:56:34.653 [info] > git check-ignore -v -z --stdin [1ms]
2023-04-26 13:56:34.728 [info] > git show --textconv :report/eel5632_report_Autogators.tex [6ms]
2023-04-26 13:56:34.729 [info] > git ls-files --stage -- /home/rafe/Documents/sp23/EEL5632/final_project/V2X_Example/report/eel5632_report_Autogators.tex [2ms]
2023-04-26 13:56:34.734 [info] > git cat-file -s 6b984f5bd23dd708878ba7b694ef16172ad5db29 [1ms]
2023-04-26 14:00:19.905 [info] > git config --get commit.template [6ms]
2023-04-26 14:00:19.905 [info] > git for-each-ref --format=%(refname)%00%(upstream:short)%00%(objectname)%00%(upstream:track)%00%(upstream:remotename)%00%(upstream:remoteref) refs/heads/master refs/remotes/master [1ms]
2023-04-26 14:00:19.914 [info] > git status -z -uall [2ms]
2023-04-26 14:14:25.278 [info] > git config --get commit.template [1ms]
2023-04-26 14:14:25.285 [info] > git for-each-ref --format=%(refname)%00%(upstream:short)%00%(objectname)%00%(upstream:track)%00%(upstream:remotename)%00%(upstream:remoteref) refs/heads/master refs/remotes/master [0ms]
2023-04-26 14:14:25.296 [info] > git status -z -uall [4ms]
2023-04-26 14:14:30.307 [info] > git config --get commit.template [3ms]
2023-04-26 14:14:30.308 [info] > git for-each-ref --format=%(refname)%00%(upstream:short)%00%(objectname)%00%(upstream:track)%00%(upstream:remotename)%00%(upstream:remoteref) refs/heads/master refs/remotes/master [1ms]
2023-04-26 14:14:30.312 [info] > git status -z -uall [2ms]
