2023-04-29 14:04:18.373 [info] Log level: Info
2023-04-29 14:04:18.373 [info] Validating found git in: "git"
2023-04-29 14:04:18.373 [info] Using git "2.40.0" from "git"
2023-04-29 14:04:18.373 [info] > git rev-parse --show-toplevel [10ms]
2023-04-29 14:04:18.378 [info] > git rev-parse --git-dir --git-common-dir [2ms]
2023-04-29 14:04:18.386 [info] Open repository: /home/rafe/Documents/sp23/EEL5632/final_project/V2X_Example
2023-04-29 14:04:18.406 [info] > git rev-parse --show-toplevel [12ms]
2023-04-29 14:04:18.406 [info] fatal: not a git repository (or any parent up to mount point /)
Stopping at filesystem boundary (GIT_DISCOVERY_ACROSS_FILESYSTEM not set).
2023-04-29 14:04:18.412 [info] > git rev-parse --show-toplevel [3ms]
2023-04-29 14:04:18.415 [info] > git config --get commit.template [18ms]
2023-04-29 14:04:18.426 [info] > git rev-parse --show-toplevel [11ms]
2023-04-29 14:04:18.442 [info] > git rev-parse --show-toplevel [12ms]
2023-04-29 14:04:18.474 [info] > git rev-parse --show-toplevel [30ms]
2023-04-29 14:04:18.478 [info] > git for-each-ref --format=%(refname)%00%(upstream:short)%00%(objectname)%00%(upstream:track)%00%(upstream:remotename)%00%(upstream:remoteref) refs/heads/master refs/remotes/master [36ms]
2023-04-29 14:04:18.482 [info] > git rev-parse --show-toplevel [4ms]
2023-04-29 14:04:18.492 [info] > git status -z -uall [11ms]
2023-04-29 14:04:18.492 [info] > git rev-parse --show-toplevel [6ms]
2023-04-29 14:04:18.504 [info] > git rev-parse --show-toplevel [9ms]
2023-04-29 14:04:18.515 [info] > git rev-parse --show-toplevel [9ms]
2023-04-29 14:04:18.516 [info] > git config --get commit.template [12ms]
2023-04-29 14:04:18.525 [info] > git for-each-ref --format=%(refname)%00%(upstream:short)%00%(objectname)%00%(upstream:track)%00%(upstream:remotename)%00%(upstream:remoteref) refs/heads/master refs/remotes/master [1ms]
2023-04-29 14:04:18.538 [info] > git status -z -uall [9ms]
2023-04-29 14:04:21.508 [info] > git check-ignore -v -z --stdin [1ms]
2023-04-29 14:04:24.332 [info] > git show --textconv :report/eel5632_report_Autogators.tex [9ms]
2023-04-29 14:04:24.333 [info] > git ls-files --stage -- /home/rafe/Documents/sp23/EEL5632/final_project/V2X_Example/report/eel5632_report_Autogators.tex [3ms]
2023-04-29 14:04:24.338 [info] > git cat-file -s ed5001d4dc9ff94a8843cd10063958ac0469add3 [1ms]
2023-04-29 14:04:48.548 [info] > git config --get commit.template [1ms]
2023-04-29 14:04:48.557 [info] > git ls-files --stage -- /home/rafe/Documents/sp23/EEL5632/final_project/V2X_Example/report/eel5632_report_Autogators.tex [5ms]
2023-04-29 14:04:48.561 [info] > git for-each-ref --format=%(refname)%00%(upstream:short)%00%(objectname)%00%(upstream:track)%00%(upstream:remotename)%00%(upstream:remoteref) refs/heads/master refs/remotes/master [3ms]
2023-04-29 14:04:48.565 [info] > git cat-file -s ed5001d4dc9ff94a8843cd10063958ac0469add3 [4ms]
2023-04-29 14:04:48.568 [info] > git status -z -uall [4ms]
2023-04-29 14:04:48.570 [info] > git show --textconv :report/eel5632_report_Autogators.tex [2ms]
2023-04-29 14:05:45.878 [info] > git config --get commit.template [1ms]
2023-04-29 14:05:45.887 [info] > git ls-files --stage -- /home/rafe/Documents/sp23/EEL5632/final_project/V2X_Example/report/eel5632_report_Autogators.tex [4ms]
2023-04-29 14:05:45.890 [info] > git for-each-ref --format=%(refname)%00%(upstream:short)%00%(objectname)%00%(upstream:track)%00%(upstream:remotename)%00%(upstream:remoteref) refs/heads/master refs/remotes/master [4ms]
2023-04-29 14:05:45.895 [info] > git cat-file -s ed5001d4dc9ff94a8843cd10063958ac0469add3 [5ms]
2023-04-29 14:05:45.899 [info] > git status -z -uall [5ms]
2023-04-29 14:05:45.901 [info] > git show --textconv :report/eel5632_report_Autogators.tex [2ms]
2023-04-29 14:05:50.239 [info] > git show --textconv :report/eel5632_report_Autogators.tex [3ms]
2023-04-29 14:05:50.240 [info] > git ls-files --stage -- /home/rafe/Documents/sp23/EEL5632/final_project/V2X_Example/report/eel5632_report_Autogators.tex [1ms]
2023-04-29 14:05:50.243 [info] > git cat-file -s ed5001d4dc9ff94a8843cd10063958ac0469add3 [0ms]
2023-04-29 14:08:47.810 [info] > git config --get commit.template [1ms]
2023-04-29 14:08:47.818 [info] > git for-each-ref --format=%(refname)%00%(upstream:short)%00%(objectname)%00%(upstream:track)%00%(upstream:remotename)%00%(upstream:remoteref) refs/heads/master refs/remotes/master [2ms]
2023-04-29 14:08:47.829 [info] > git status -z -uall [5ms]
2023-04-29 14:08:59.385 [info] > git config --get commit.template [2ms]
2023-04-29 14:08:59.395 [info] > git for-each-ref --format=%(refname)%00%(upstream:short)%00%(objectname)%00%(upstream:track)%00%(upstream:remotename)%00%(upstream:remoteref) refs/heads/master refs/remotes/master [2ms]
2023-04-29 14:08:59.409 [info] > git status -z -uall [5ms]
2023-04-29 14:17:45.114 [info] > git for-each-ref --sort -committerdate --format %(refname) %(objectname) %(*objectname) [1ms]
2023-04-29 14:17:46.381 [info] > git for-each-ref --sort -committerdate --format %(refname) %(objectname) %(*objectname) [0ms]
2023-04-29 14:17:47.347 [info] > git for-each-ref --sort -committerdate --format %(refname) %(objectname) %(*objectname) [2ms]
2023-04-29 14:25:23.586 [info] > git config --get commit.template [2ms]
2023-04-29 14:25:23.611 [info] > git for-each-ref --format=%(refname)%00%(upstream:short)%00%(objectname)%00%(upstream:track)%00%(upstream:remotename)%00%(upstream:remoteref) refs/heads/master refs/remotes/master [2ms]
2023-04-29 14:25:23.637 [info] > git status -z -uall [8ms]
2023-04-29 14:25:28.830 [info] > git config --get commit.template [1ms]
2023-04-29 14:25:28.840 [info] > git for-each-ref --format=%(refname)%00%(upstream:short)%00%(objectname)%00%(upstream:track)%00%(upstream:remotename)%00%(upstream:remoteref) refs/heads/master refs/remotes/master [0ms]
2023-04-29 14:25:28.853 [info] > git status -z -uall [6ms]
2023-04-29 14:25:43.065 [info] > git config --get commit.template [6ms]
2023-04-29 14:25:43.068 [info] > git for-each-ref --format=%(refname)%00%(upstream:short)%00%(objectname)%00%(upstream:track)%00%(upstream:remotename)%00%(upstream:remoteref) refs/heads/master refs/remotes/master [3ms]
2023-04-29 14:25:43.079 [info] > git status -z -uall [4ms]
2023-04-29 14:25:48.088 [info] > git config --get commit.template [1ms]
2023-04-29 14:25:48.096 [info] > git for-each-ref --format=%(refname)%00%(upstream:short)%00%(objectname)%00%(upstream:track)%00%(upstream:remotename)%00%(upstream:remoteref) refs/heads/master refs/remotes/master [1ms]
2023-04-29 14:25:48.106 [info] > git status -z -uall [4ms]
2023-04-29 14:26:22.840 [info] > git config --get commit.template [1ms]
2023-04-29 14:26:22.846 [info] > git for-each-ref --format=%(refname)%00%(upstream:short)%00%(objectname)%00%(upstream:track)%00%(upstream:remotename)%00%(upstream:remoteref) refs/heads/master refs/remotes/master [1ms]
2023-04-29 14:26:22.855 [info] > git status -z -uall [3ms]
2023-04-29 14:26:42.056 [info] > git config --get commit.template [0ms]
2023-04-29 14:26:42.063 [info] > git for-each-ref --format=%(refname)%00%(upstream:short)%00%(objectname)%00%(upstream:track)%00%(upstream:remotename)%00%(upstream:remoteref) refs/heads/master refs/remotes/master [1ms]
2023-04-29 14:26:42.073 [info] > git status -z -uall [4ms]
2023-04-29 14:27:05.803 [info] > git config --get commit.template [5ms]
2023-04-29 14:27:05.803 [info] > git for-each-ref --format=%(refname)%00%(upstream:short)%00%(objectname)%00%(upstream:track)%00%(upstream:remotename)%00%(upstream:remoteref) refs/heads/master refs/remotes/master [1ms]
2023-04-29 14:27:05.811 [info] > git status -z -uall [3ms]
2023-04-29 14:27:21.590 [info] > git config --get commit.template [5ms]
2023-04-29 14:27:21.610 [info] > git for-each-ref --format=%(refname)%00%(upstream:short)%00%(objectname)%00%(upstream:track)%00%(upstream:remotename)%00%(upstream:remoteref) refs/heads/master refs/remotes/master [4ms]
2023-04-29 14:27:21.630 [info] > git status -z -uall [5ms]
2023-04-29 14:28:11.827 [info] > git config --get commit.template [6ms]
2023-04-29 14:28:11.827 [info] > git for-each-ref --format=%(refname)%00%(upstream:short)%00%(objectname)%00%(upstream:track)%00%(upstream:remotename)%00%(upstream:remoteref) refs/heads/master refs/remotes/master [1ms]
2023-04-29 14:28:11.835 [info] > git status -z -uall [3ms]
2023-04-29 14:28:20.387 [info] > git config --get commit.template [0ms]
2023-04-29 14:28:20.397 [info] > git for-each-ref --format=%(refname)%00%(upstream:short)%00%(objectname)%00%(upstream:track)%00%(upstream:remotename)%00%(upstream:remoteref) refs/heads/master refs/remotes/master [2ms]
2023-04-29 14:28:20.410 [info] > git status -z -uall [3ms]
2023-04-29 14:28:25.430 [info] > git config --get commit.template [8ms]
2023-04-29 14:28:25.431 [info] > git for-each-ref --format=%(refname)%00%(upstream:short)%00%(objectname)%00%(upstream:track)%00%(upstream:remotename)%00%(upstream:remoteref) refs/heads/master refs/remotes/master [1ms]
2023-04-29 14:28:25.441 [info] > git status -z -uall [2ms]
2023-04-29 14:28:38.112 [info] > git config --get commit.template [1ms]
2023-04-29 14:28:38.125 [info] > git for-each-ref --format=%(refname)%00%(upstream:short)%00%(objectname)%00%(upstream:track)%00%(upstream:remotename)%00%(upstream:remoteref) refs/heads/master refs/remotes/master [1ms]
2023-04-29 14:28:38.141 [info] > git status -z -uall [3ms]
2023-04-29 14:28:43.160 [info] > git config --get commit.template [2ms]
2023-04-29 14:28:43.173 [info] > git for-each-ref --format=%(refname)%00%(upstream:short)%00%(objectname)%00%(upstream:track)%00%(upstream:remotename)%00%(upstream:remoteref) refs/heads/master refs/remotes/master [0ms]
2023-04-29 14:28:43.187 [info] > git status -z -uall [4ms]
2023-04-29 14:28:48.214 [info] > git config --get commit.template [2ms]
2023-04-29 14:28:48.225 [info] > git for-each-ref --format=%(refname)%00%(upstream:short)%00%(objectname)%00%(upstream:track)%00%(upstream:remotename)%00%(upstream:remoteref) refs/heads/master refs/remotes/master [1ms]
2023-04-29 14:28:48.239 [info] > git status -z -uall [3ms]
2023-04-29 14:28:53.259 [info] > git config --get commit.template [1ms]
2023-04-29 14:28:53.275 [info] > git for-each-ref --format=%(refname)%00%(upstream:short)%00%(objectname)%00%(upstream:track)%00%(upstream:remotename)%00%(upstream:remoteref) refs/heads/master refs/remotes/master [1ms]
2023-04-29 14:28:53.290 [info] > git status -z -uall [4ms]
2023-04-29 14:29:07.558 [info] > git config --get commit.template [5ms]
2023-04-29 14:29:07.572 [info] > git for-each-ref --format=%(refname)%00%(upstream:short)%00%(objectname)%00%(upstream:track)%00%(upstream:remotename)%00%(upstream:remoteref) refs/heads/master refs/remotes/master [2ms]
2023-04-29 14:29:07.590 [info] > git status -z -uall [5ms]
2023-04-29 14:29:12.605 [info] > git config --get commit.template [5ms]
2023-04-29 14:29:12.605 [info] > git for-each-ref --format=%(refname)%00%(upstream:short)%00%(objectname)%00%(upstream:track)%00%(upstream:remotename)%00%(upstream:remoteref) refs/heads/master refs/remotes/master [0ms]
2023-04-29 14:29:12.612 [info] > git status -z -uall [2ms]
2023-04-29 14:30:00.741 [info] > git config --get commit.template [9ms]
2023-04-29 14:30:00.742 [info] > git for-each-ref --format=%(refname)%00%(upstream:short)%00%(objectname)%00%(upstream:track)%00%(upstream:remotename)%00%(upstream:remoteref) refs/heads/master refs/remotes/master [2ms]
2023-04-29 14:30:00.752 [info] > git status -z -uall [2ms]
2023-04-29 14:31:43.219 [info] > git config --get commit.template [2ms]
2023-04-29 14:31:43.229 [info] > git for-each-ref --format=%(refname)%00%(upstream:short)%00%(objectname)%00%(upstream:track)%00%(upstream:remotename)%00%(upstream:remoteref) refs/heads/master refs/remotes/master [1ms]
2023-04-29 14:31:43.241 [info] > git status -z -uall [2ms]
2023-04-29 14:31:52.306 [info] > git config --get commit.template [16ms]
2023-04-29 14:31:52.307 [info] > git for-each-ref --format=%(refname)%00%(upstream:short)%00%(objectname)%00%(upstream:track)%00%(upstream:remotename)%00%(upstream:remoteref) refs/heads/master refs/remotes/master [2ms]
2023-04-29 14:31:52.321 [info] > git status -z -uall [3ms]
2023-04-29 14:32:01.663 [info] > git config --get commit.template [1ms]
2023-04-29 14:32:01.677 [info] > git for-each-ref --format=%(refname)%00%(upstream:short)%00%(objectname)%00%(upstream:track)%00%(upstream:remotename)%00%(upstream:remoteref) refs/heads/master refs/remotes/master [1ms]
2023-04-29 14:32:01.691 [info] > git status -z -uall [4ms]
2023-04-29 14:32:18.155 [info] > git config --get commit.template [0ms]
2023-04-29 14:32:18.161 [info] > git for-each-ref --format=%(refname)%00%(upstream:short)%00%(objectname)%00%(upstream:track)%00%(upstream:remotename)%00%(upstream:remoteref) refs/heads/master refs/remotes/master [1ms]
2023-04-29 14:32:18.167 [info] > git status -z -uall [2ms]
2023-04-29 14:33:25.192 [info] > git config --get commit.template [0ms]
2023-04-29 14:33:25.211 [info] > git ls-files --stage -- /home/rafe/Documents/sp23/EEL5632/final_project/V2X_Example/report/eel5632_report_Autogators.tex [10ms]
2023-04-29 14:33:25.223 [info] > git for-each-ref --format=%(refname)%00%(upstream:short)%00%(objectname)%00%(upstream:track)%00%(upstream:remotename)%00%(upstream:remoteref) refs/heads/master refs/remotes/master [12ms]
2023-04-29 14:33:25.234 [info] > git cat-file -s edc54240598cc19de9fd776b9bc328c5db3ef678 [13ms]
2023-04-29 14:33:25.236 [info] > git status -z -uall [2ms]
2023-04-29 14:33:25.249 [info] > git show --textconv :report/eel5632_report_Autogators.tex [1ms]
2023-04-29 14:33:41.019 [info] > git config --get commit.template [10ms]
2023-04-29 14:33:41.028 [info] > git ls-files --stage -- /home/rafe/Documents/sp23/EEL5632/final_project/V2X_Example/report/eel5632_report_Autogators.tex [10ms]
2023-04-29 14:33:41.037 [info] > git for-each-ref --format=%(refname)%00%(upstream:short)%00%(objectname)%00%(upstream:track)%00%(upstream:remotename)%00%(upstream:remoteref) refs/heads/master refs/remotes/master [10ms]
2023-04-29 14:33:41.049 [info] > git cat-file -s edc54240598cc19de9fd776b9bc328c5db3ef678 [12ms]
2023-04-29 14:33:41.062 [info] > git status -z -uall [14ms]
2023-04-29 14:33:41.064 [info] > git show --textconv :report/eel5632_report_Autogators.tex [3ms]
2023-04-29 14:35:26.647 [info] > git config --get commit.template [1ms]
2023-04-29 14:35:26.659 [info] > git for-each-ref --format=%(refname)%00%(upstream:short)%00%(objectname)%00%(upstream:track)%00%(upstream:remotename)%00%(upstream:remoteref) refs/heads/master refs/remotes/master [1ms]
2023-04-29 14:35:26.680 [info] > git status -z -uall [4ms]
2023-04-29 14:38:52.047 [info] > git show --textconv :report/bibs.bib [16ms]
2023-04-29 14:38:52.051 [info] > git ls-files --stage -- /home/rafe/Documents/sp23/EEL5632/final_project/V2X_Example/report/bibs.bib [4ms]
2023-04-29 14:38:52.064 [info] > git cat-file -s 5cf4e276c670a74a00aa908c2fe08a4389014b7c [1ms]
2023-04-29 14:39:47.358 [info] > git config --get commit.template [10ms]
2023-04-29 14:39:47.359 [info] > git for-each-ref --format=%(refname)%00%(upstream:short)%00%(objectname)%00%(upstream:track)%00%(upstream:remotename)%00%(upstream:remoteref) refs/heads/master refs/remotes/master [2ms]
2023-04-29 14:39:47.371 [info] > git status -z -uall [2ms]
2023-04-29 14:40:08.648 [info] > git config --get commit.template [9ms]
2023-04-29 14:40:08.648 [info] > git for-each-ref --format=%(refname)%00%(upstream:short)%00%(objectname)%00%(upstream:track)%00%(upstream:remotename)%00%(upstream:remoteref) refs/heads/master refs/remotes/master [1ms]
2023-04-29 14:40:08.659 [info] > git status -z -uall [2ms]
2023-04-29 14:41:10.794 [info] > git config --get commit.template [1ms]
2023-04-29 14:41:10.804 [info] > git for-each-ref --format=%(refname)%00%(upstream:short)%00%(objectname)%00%(upstream:track)%00%(upstream:remotename)%00%(upstream:remoteref) refs/heads/master refs/remotes/master [1ms]
2023-04-29 14:41:10.823 [info] > git status -z -uall [3ms]
2023-04-29 14:41:15.834 [info] > git config --get commit.template [0ms]
2023-04-29 14:41:15.845 [info] > git for-each-ref --format=%(refname)%00%(upstream:short)%00%(objectname)%00%(upstream:track)%00%(upstream:remotename)%00%(upstream:remoteref) refs/heads/master refs/remotes/master [1ms]
2023-04-29 14:41:15.857 [info] > git status -z -uall [4ms]
2023-04-29 14:46:32.059 [info] > git config --get commit.template [0ms]
2023-04-29 14:46:32.071 [info] > git for-each-ref --format=%(refname)%00%(upstream:short)%00%(objectname)%00%(upstream:track)%00%(upstream:remotename)%00%(upstream:remoteref) refs/heads/master refs/remotes/master [1ms]
2023-04-29 14:46:32.087 [info] > git status -z -uall [3ms]
2023-04-29 14:46:44.235 [info] > git config --get commit.template [0ms]
2023-04-29 14:46:44.249 [info] > git for-each-ref --format=%(refname)%00%(upstream:short)%00%(objectname)%00%(upstream:track)%00%(upstream:remotename)%00%(upstream:remoteref) refs/heads/master refs/remotes/master [1ms]
2023-04-29 14:46:44.262 [info] > git status -z -uall [2ms]
2023-04-29 14:48:19.190 [info] > git config --get commit.template [8ms]
2023-04-29 14:48:19.191 [info] > git for-each-ref --format=%(refname)%00%(upstream:short)%00%(objectname)%00%(upstream:track)%00%(upstream:remotename)%00%(upstream:remoteref) refs/heads/master refs/remotes/master [1ms]
2023-04-29 14:48:19.199 [info] > git status -z -uall [1ms]
2023-04-29 14:48:41.673 [info] > git config --get commit.template [1ms]
2023-04-29 14:48:41.681 [info] > git for-each-ref --format=%(refname)%00%(upstream:short)%00%(objectname)%00%(upstream:track)%00%(upstream:remotename)%00%(upstream:remoteref) refs/heads/master refs/remotes/master [1ms]
2023-04-29 14:48:41.691 [info] > git status -z -uall [2ms]
2023-04-29 14:48:46.713 [info] > git config --get commit.template [11ms]
2023-04-29 14:48:46.714 [info] > git for-each-ref --format=%(refname)%00%(upstream:short)%00%(objectname)%00%(upstream:track)%00%(upstream:remotename)%00%(upstream:remoteref) refs/heads/master refs/remotes/master [1ms]
2023-04-29 14:48:46.723 [info] > git status -z -uall [2ms]
2023-04-29 14:49:16.875 [info] > git config --get commit.template [9ms]
2023-04-29 14:49:16.875 [info] > git for-each-ref --format=%(refname)%00%(upstream:short)%00%(objectname)%00%(upstream:track)%00%(upstream:remotename)%00%(upstream:remoteref) refs/heads/master refs/remotes/master [0ms]
2023-04-29 14:49:16.883 [info] > git status -z -uall [2ms]
2023-04-29 14:49:22.767 [info] > git config --get commit.template [1ms]
2023-04-29 14:49:22.775 [info] > git for-each-ref --format=%(refname)%00%(upstream:short)%00%(objectname)%00%(upstream:track)%00%(upstream:remotename)%00%(upstream:remoteref) refs/heads/master refs/remotes/master [1ms]
2023-04-29 14:49:22.784 [info] > git status -z -uall [2ms]
2023-04-29 14:49:27.803 [info] > git config --get commit.template [8ms]
2023-04-29 14:49:27.804 [info] > git for-each-ref --format=%(refname)%00%(upstream:short)%00%(objectname)%00%(upstream:track)%00%(upstream:remotename)%00%(upstream:remoteref) refs/heads/master refs/remotes/master [2ms]
2023-04-29 14:49:27.815 [info] > git status -z -uall [3ms]
2023-04-29 14:49:40.374 [info] > git config --get commit.template [9ms]
2023-04-29 14:49:40.374 [info] > git for-each-ref --format=%(refname)%00%(upstream:short)%00%(objectname)%00%(upstream:track)%00%(upstream:remotename)%00%(upstream:remoteref) refs/heads/master refs/remotes/master [1ms]
2023-04-29 14:49:40.382 [info] > git status -z -uall [2ms]
2023-04-29 14:49:49.677 [info] > git config --get commit.template [2ms]
2023-04-29 14:49:49.713 [info] > git for-each-ref --format=%(refname)%00%(upstream:short)%00%(objectname)%00%(upstream:track)%00%(upstream:remotename)%00%(upstream:remoteref) refs/heads/master refs/remotes/master [4ms]
2023-04-29 14:49:49.751 [info] > git status -z -uall [8ms]
2023-04-29 14:50:11.480 [info] > git config --get commit.template [1ms]
2023-04-29 14:50:11.494 [info] > git for-each-ref --format=%(refname)%00%(upstream:short)%00%(objectname)%00%(upstream:track)%00%(upstream:remotename)%00%(upstream:remoteref) refs/heads/master refs/remotes/master [1ms]
2023-04-29 14:50:11.512 [info] > git status -z -uall [3ms]
2023-04-29 15:24:36.483 [info] > git config --get commit.template [1ms]
2023-04-29 15:24:36.516 [info] > git ls-files --stage -- /home/rafe/Documents/sp23/EEL5632/final_project/V2X_Example/report/eel5632_report_Autogators.tex [14ms]
2023-04-29 15:24:36.543 [info] > git ls-files --stage -- /home/rafe/Documents/sp23/EEL5632/final_project/V2X_Example/report/bibs.bib [29ms]
2023-04-29 15:24:36.553 [info] > git for-each-ref --format=%(refname)%00%(upstream:short)%00%(objectname)%00%(upstream:track)%00%(upstream:remotename)%00%(upstream:remoteref) refs/heads/master refs/remotes/master [10ms]
2023-04-29 15:24:36.562 [info] > git cat-file -s d03d69e0d515f0284817823576365f0cbe23bdcc [31ms]
2023-04-29 15:24:36.562 [info] > git cat-file -s 0c02ade8c1ea6bc314e77eac8acd8b0c92f6c3f8 [10ms]
2023-04-29 15:24:36.564 [info] > git status -z -uall [2ms]
2023-04-29 15:24:36.595 [info] > git show --textconv :report/eel5632_report_Autogators.tex [13ms]
2023-04-29 15:24:36.595 [info] > git show --textconv :report/bibs.bib [2ms]
2023-04-29 15:34:39.937 [info] > git config --get commit.template [1ms]
2023-04-29 15:34:39.978 [info] > git ls-files --stage -- /home/rafe/Documents/sp23/EEL5632/final_project/V2X_Example/report/bibs.bib [2ms]
2023-04-29 15:34:40.003 [info] > git ls-files --stage -- /home/rafe/Documents/sp23/EEL5632/final_project/V2X_Example/report/eel5632_report_Autogators.tex [49ms]
2023-04-29 15:34:40.040 [info] > git cat-file -s d03d69e0d515f0284817823576365f0cbe23bdcc [18ms]
2023-04-29 15:34:40.041 [info] > git cat-file -s 0c02ade8c1ea6bc314e77eac8acd8b0c92f6c3f8 [38ms]
2023-04-29 15:34:40.042 [info] > git for-each-ref --format=%(refname)%00%(upstream:short)%00%(objectname)%00%(upstream:track)%00%(upstream:remotename)%00%(upstream:remoteref) refs/heads/C refs/remotes/C [1ms]
2023-04-29 15:34:40.104 [info] > git status -z -uall [45ms]
2023-04-29 15:34:40.104 [info] > git show --textconv :report/eel5632_report_Autogators.tex [23ms]
2023-04-29 15:34:40.108 [info] > git show --textconv :report/bibs.bib [5ms]
2023-04-29 15:34:45.145 [info] > git config --get commit.template [18ms]
2023-04-29 15:34:45.146 [info] > git for-each-ref --format=%(refname)%00%(upstream:short)%00%(objectname)%00%(upstream:track)%00%(upstream:remotename)%00%(upstream:remoteref) refs/heads/C refs/remotes/C [3ms]
2023-04-29 15:34:45.163 [info] > git status -z -uall [4ms]
2023-04-29 15:35:24.575 [info] > git show --textconv :README.md [16ms]
2023-04-29 15:35:24.575 [info] > git ls-files --stage -- /home/rafe/Documents/sp23/EEL5632/final_project/V2X_Example/README.md [1ms]
2023-04-29 15:35:24.594 [info] > git cat-file -s beeab5d49e96e9d87486f58ec2e486d8a0d7ad85 [1ms]
2023-04-29 15:35:42.725 [info] > git show --textconv :report/eel5632_report_Autogators.tex [14ms]
2023-04-29 15:35:42.726 [info] > git ls-files --stage -- /home/rafe/Documents/sp23/EEL5632/final_project/V2X_Example/report/eel5632_report_Autogators.tex [1ms]
2023-04-29 15:35:42.741 [info] > git cat-file -s d03d69e0d515f0284817823576365f0cbe23bdcc [0ms]
2023-04-29 15:35:45.219 [info] > git show --textconv :report/bibs.bib [12ms]
2023-04-29 15:35:45.220 [info] > git ls-files --stage -- /home/rafe/Documents/sp23/EEL5632/final_project/V2X_Example/report/bibs.bib [1ms]
2023-04-29 15:35:45.231 [info] > git cat-file -s 0c02ade8c1ea6bc314e77eac8acd8b0c92f6c3f8 [1ms]
2023-04-29 15:38:19.876 [info] > git for-each-ref --sort -committerdate --format %(refname) %(objectname) %(*objectname) [0ms]
2023-04-29 15:38:21.211 [info] > git checkout -q C [2ms]
2023-04-29 15:38:21.227 [info] > git config --get commit.template [1ms]
2023-04-29 15:38:21.242 [info] > git for-each-ref --format=%(refname)%00%(upstream:short)%00%(objectname)%00%(upstream:track)%00%(upstream:remotename)%00%(upstream:remoteref) refs/heads/C refs/remotes/C [2ms]
2023-04-29 15:38:21.257 [info] > git status -z -uall [2ms]
2023-04-29 15:38:22.306 [info] > git config --get commit.template [1ms]
2023-04-29 15:38:22.318 [info] > git for-each-ref --format=%(refname)%00%(upstream:short)%00%(objectname)%00%(upstream:track)%00%(upstream:remotename)%00%(upstream:remoteref) refs/heads/C refs/remotes/C [1ms]
2023-04-29 15:38:22.335 [info] > git status -z -uall [2ms]
2023-04-29 15:38:31.198 [info] > git show --textconv :report/eel5632_report_Autogators.tex [16ms]
2023-04-29 15:38:31.198 [info] > git ls-files --stage -- /home/rafe/Documents/sp23/EEL5632/final_project/V2X_Example/report/eel5632_report_Autogators.tex [1ms]
2023-04-29 15:38:31.214 [info] > git cat-file -s d03d69e0d515f0284817823576365f0cbe23bdcc [1ms]
2023-04-29 15:42:19.814 [info] > git config --get commit.template [18ms]
2023-04-29 15:42:19.828 [info] > git for-each-ref --format=%(refname)%00%(upstream:short)%00%(objectname)%00%(upstream:track)%00%(upstream:remotename)%00%(upstream:remoteref) refs/heads/master refs/remotes/master [14ms]
2023-04-29 15:42:19.845 [info] > git ls-files --stage -- /home/rafe/Documents/sp23/EEL5632/final_project/V2X_Example/report/eel5632_report_Autogators.tex [17ms]
2023-04-29 15:42:19.858 [info] > git cat-file -s d03d69e0d515f0284817823576365f0cbe23bdcc [1ms]
2023-04-29 15:42:19.880 [info] > git show --textconv :report/eel5632_report_Autogators.tex [1ms]
2023-04-29 15:42:19.949 [info] > git status -z -uall [105ms]
2023-04-29 15:45:06.590 [info] > git for-each-ref --sort -committerdate --format %(refname) %(objectname) %(*objectname) [1ms]
2023-04-29 15:45:12.653 [info] > git checkout -q master [108ms]
2023-04-29 15:45:12.689 [info] > git config --get commit.template [19ms]
2023-04-29 15:45:12.689 [info] > git for-each-ref --format=%(refname)%00%(upstream:short)%00%(objectname)%00%(upstream:track)%00%(upstream:remotename)%00%(upstream:remoteref) refs/heads/master refs/remotes/master [1ms]
2023-04-29 15:45:12.709 [info] > git status -z -uall [2ms]
2023-04-29 15:45:13.808 [info] > git config --get commit.template [13ms]
2023-04-29 15:45:13.809 [info] > git for-each-ref --format=%(refname)%00%(upstream:short)%00%(objectname)%00%(upstream:track)%00%(upstream:remotename)%00%(upstream:remoteref) refs/heads/master refs/remotes/master [1ms]
2023-04-29 15:45:13.824 [info] > git status -z -uall [2ms]
2023-04-29 15:45:13.906 [info] > git ls-files --stage -- /home/rafe/Documents/sp23/EEL5632/final_project/V2X_Example/report/eel5632_report_Autogators.tex [2ms]
2023-04-29 15:45:13.926 [info] > git cat-file -s d03d69e0d515f0284817823576365f0cbe23bdcc [3ms]
2023-04-29 15:45:13.956 [info] > git show --textconv :report/eel5632_report_Autogators.tex [1ms]
2023-04-29 15:49:48.184 [info] > git for-each-ref --sort -committerdate --format %(refname) %(objectname) %(*objectname) [2ms]
2023-04-29 15:49:49.155 [info] > git for-each-ref --format %(refname:short)%00%(upstream:short) refs/heads [0ms]
2023-04-29 15:49:49.632 [info] > git checkout -q C [459ms]
2023-04-29 15:49:49.667 [info] > git config --get commit.template [18ms]
2023-04-29 15:49:49.668 [info] > git for-each-ref --format=%(refname)%00%(upstream:short)%00%(objectname)%00%(upstream:track)%00%(upstream:remotename)%00%(upstream:remoteref) refs/heads/C refs/remotes/C [2ms]
2023-04-29 15:49:49.969 [info] > git status -z -uall [284ms]
2023-04-29 15:49:50.875 [info] > git ls-files --stage -- /home/rafe/Documents/sp23/EEL5632/final_project/V2X_Example/report/eel5632_report_Autogators.tex [1ms]
2023-04-29 15:49:50.894 [info] > git cat-file -s d03d69e0d515f0284817823576365f0cbe23bdcc [2ms]
2023-04-29 15:49:50.916 [info] > git show --textconv :report/eel5632_report_Autogators.tex [3ms]
2023-04-29 15:58:38.603 [info] > git config --get commit.template [1ms]
2023-04-29 15:58:38.621 [info] > git for-each-ref --format=%(refname)%00%(upstream:short)%00%(objectname)%00%(upstream:track)%00%(upstream:remotename)%00%(upstream:remoteref) refs/heads/C refs/remotes/C [2ms]
2023-04-29 15:58:38.905 [info] > git status -z -uall [271ms]
2023-04-29 15:58:43.930 [info] > git config --get commit.template [1ms]
2023-04-29 15:58:43.946 [info] > git for-each-ref --format=%(refname)%00%(upstream:short)%00%(objectname)%00%(upstream:track)%00%(upstream:remotename)%00%(upstream:remoteref) refs/heads/C refs/remotes/C [1ms]
2023-04-29 15:58:44.229 [info] > git status -z -uall [271ms]
2023-04-29 15:58:58.856 [info] > git config --get commit.template [29ms]
2023-04-29 15:58:58.856 [info] > git for-each-ref --format=%(refname)%00%(upstream:short)%00%(objectname)%00%(upstream:track)%00%(upstream:remotename)%00%(upstream:remoteref) refs/heads/C refs/remotes/C [1ms]
2023-04-29 15:58:59.251 [info] > git status -z -uall [363ms]
2023-04-29 15:59:04.271 [info] > git config --get commit.template [1ms]
2023-04-29 15:59:04.285 [info] > git for-each-ref --format=%(refname)%00%(upstream:short)%00%(objectname)%00%(upstream:track)%00%(upstream:remotename)%00%(upstream:remoteref) refs/heads/C refs/remotes/C [1ms]
2023-04-29 15:59:04.557 [info] > git status -z -uall [254ms]
2023-04-29 15:59:40.850 [info] > git config --get commit.template [12ms]
2023-04-29 15:59:40.850 [info] > git for-each-ref --format=%(refname)%00%(upstream:short)%00%(objectname)%00%(upstream:track)%00%(upstream:remotename)%00%(upstream:remoteref) refs/heads/C refs/remotes/C [1ms]
2023-04-29 15:59:41.122 [info] > git status -z -uall [261ms]
2023-04-29 15:59:55.472 [info] > git config --get commit.template [0ms]
2023-04-29 15:59:55.501 [info] > git for-each-ref --format=%(refname)%00%(upstream:short)%00%(objectname)%00%(upstream:track)%00%(upstream:remotename)%00%(upstream:remoteref) refs/heads/C refs/remotes/C [1ms]
2023-04-29 15:59:55.899 [info] > git status -z -uall [372ms]
2023-04-29 16:00:02.772 [info] > git config --get commit.template [21ms]
2023-04-29 16:00:02.772 [info] > git for-each-ref --format=%(refname)%00%(upstream:short)%00%(objectname)%00%(upstream:track)%00%(upstream:remotename)%00%(upstream:remoteref) refs/heads/C refs/remotes/C [1ms]
2023-04-29 16:00:03.072 [info] > git status -z -uall [285ms]
2023-04-29 16:00:14.326 [info] > git config --get commit.template [1ms]
2023-04-29 16:00:14.344 [info] > git for-each-ref --format=%(refname)%00%(upstream:short)%00%(objectname)%00%(upstream:track)%00%(upstream:remotename)%00%(upstream:remoteref) refs/heads/C refs/remotes/C [1ms]
2023-04-29 16:00:14.607 [info] > git status -z -uall [252ms]
2023-04-29 16:00:22.088 [info] > git config --get commit.template [1ms]
2023-04-29 16:00:22.113 [info] > git for-each-ref --format=%(refname)%00%(upstream:short)%00%(objectname)%00%(upstream:track)%00%(upstream:remotename)%00%(upstream:remoteref) refs/heads/C refs/remotes/C [2ms]
2023-04-29 16:00:22.450 [info] > git status -z -uall [313ms]
2023-04-29 16:00:27.466 [info] > git config --get commit.template [1ms]
2023-04-29 16:00:27.482 [info] > git for-each-ref --format=%(refname)%00%(upstream:short)%00%(objectname)%00%(upstream:track)%00%(upstream:remotename)%00%(upstream:remoteref) refs/heads/C refs/remotes/C [1ms]
2023-04-29 16:00:27.765 [info] > git status -z -uall [268ms]
2023-04-29 16:00:32.781 [info] > git config --get commit.template [1ms]
2023-04-29 16:00:32.793 [info] > git for-each-ref --format=%(refname)%00%(upstream:short)%00%(objectname)%00%(upstream:track)%00%(upstream:remotename)%00%(upstream:remoteref) refs/heads/C refs/remotes/C [1ms]
2023-04-29 16:00:33.081 [info] > git status -z -uall [276ms]
2023-04-29 16:00:54.609 [info] > git for-each-ref --format=%(refname)%00%(upstream:short)%00%(objectname)%00%(upstream:track)%00%(upstream:remotename)%00%(upstream:remoteref) refs/heads/C refs/remotes/C [2ms]
2023-04-29 16:00:54.609 [info] > git config --get commit.template [29ms]
2023-04-29 16:00:54.894 [info] > git status -z -uall [262ms]
2023-04-29 16:01:16.589 [info] > git config --get commit.template [1ms]
2023-04-29 16:01:16.617 [info] > git for-each-ref --format=%(refname)%00%(upstream:short)%00%(objectname)%00%(upstream:track)%00%(upstream:remotename)%00%(upstream:remoteref) refs/heads/C refs/remotes/C [3ms]
2023-04-29 16:01:17.013 [info] > git status -z -uall [371ms]
2023-04-29 16:01:22.029 [info] > git config --get commit.template [2ms]
2023-04-29 16:01:22.042 [info] > git for-each-ref --format=%(refname)%00%(upstream:short)%00%(objectname)%00%(upstream:track)%00%(upstream:remotename)%00%(upstream:remoteref) refs/heads/C refs/remotes/C [2ms]
2023-04-29 16:01:22.313 [info] > git status -z -uall [260ms]
2023-04-29 16:02:02.781 [info] > git config --get commit.template [1ms]
2023-04-29 16:02:02.808 [info] > git for-each-ref --format=%(refname)%00%(upstream:short)%00%(objectname)%00%(upstream:track)%00%(upstream:remotename)%00%(upstream:remoteref) refs/heads/C refs/remotes/C [2ms]
2023-04-29 16:02:03.135 [info] > git status -z -uall [301ms]
2023-04-29 16:02:06.684 [info] > git ls-files --stage -- /home/rafe/Documents/sp23/EEL5632/final_project/V2X_Example/report/eel5632_report_Autogators.tex [1ms]
2023-04-29 16:02:06.697 [info] > git cat-file -s 66c663d88f4b5868b8000df5db7d6d72e835dfea [1ms]
2023-04-29 16:02:06.712 [info] > git show --textconv :report/eel5632_report_Autogators.tex [1ms]
2023-04-29 16:02:08.168 [info] > git config --get commit.template [17ms]
2023-04-29 16:02:08.169 [info] > git for-each-ref --format=%(refname)%00%(upstream:short)%00%(objectname)%00%(upstream:track)%00%(upstream:remotename)%00%(upstream:remoteref) refs/heads/C refs/remotes/C [1ms]
2023-04-29 16:02:08.187 [info] > git status -z -uall [2ms]
2023-04-29 16:02:12.608 [info] > git ls-files --stage -- /home/rafe/Documents/sp23/EEL5632/final_project/V2X_Example/report/eel5632_report_Autogators.tex [1ms]
2023-04-29 16:02:12.621 [info] > git cat-file -s 66c663d88f4b5868b8000df5db7d6d72e835dfea [1ms]
2023-04-29 16:02:12.635 [info] > git show --textconv :report/eel5632_report_Autogators.tex [1ms]
2023-04-29 16:02:13.211 [info] > git config --get commit.template [3ms]
2023-04-29 16:02:13.230 [info] > git for-each-ref --format=%(refname)%00%(upstream:short)%00%(objectname)%00%(upstream:track)%00%(upstream:remotename)%00%(upstream:remoteref) refs/heads/C refs/remotes/C [2ms]
2023-04-29 16:02:13.256 [info] > git status -z -uall [6ms]
2023-04-29 16:02:22.672 [info] > git config --get commit.template [19ms]
2023-04-29 16:02:22.673 [info] > git for-each-ref --format=%(refname)%00%(upstream:short)%00%(objectname)%00%(upstream:track)%00%(upstream:remotename)%00%(upstream:remoteref) refs/heads/C refs/remotes/C [1ms]
2023-04-29 16:02:22.693 [info] > git status -z -uall [3ms]
2023-04-29 16:22:04.988 [info] > git config --get commit.template [4ms]
2023-04-29 16:22:05.052 [info] > git ls-files --stage -- /home/rafe/Documents/sp23/EEL5632/final_project/V2X_Example/report/eel5632_report_Autogators.tex [31ms]
2023-04-29 16:22:05.086 [info] > git cat-file -s 6425e2fb2ebde4727de8c60ae18268a2acf773e6 [4ms]
2023-04-29 16:22:05.087 [info] > git for-each-ref --format=%(refname)%00%(upstream:short)%00%(objectname)%00%(upstream:track)%00%(upstream:remotename)%00%(upstream:remoteref) refs/heads/C refs/remotes/C [37ms]
2023-04-29 16:22:05.137 [info] > git status -z -uall [22ms]
2023-04-29 16:22:05.141 [info] > git show --textconv :report/eel5632_report_Autogators.tex [5ms]
2023-04-29 16:22:10.169 [info] > git config --get commit.template [14ms]
2023-04-29 16:22:10.169 [info] > git for-each-ref --format=%(refname)%00%(upstream:short)%00%(objectname)%00%(upstream:track)%00%(upstream:remotename)%00%(upstream:remoteref) refs/heads/C refs/remotes/C [1ms]
2023-04-29 16:22:10.185 [info] > git status -z -uall [2ms]
2023-04-29 16:28:01.570 [info] > git config --get commit.template [1ms]
2023-04-29 16:28:01.594 [info] > git for-each-ref --format=%(refname)%00%(upstream:short)%00%(objectname)%00%(upstream:track)%00%(upstream:remotename)%00%(upstream:remoteref) refs/heads/C refs/remotes/C [1ms]
2023-04-29 16:28:01.623 [info] > git status -z -uall [3ms]
2023-04-29 16:28:41.651 [info] > git config --get commit.template [1ms]
2023-04-29 16:28:41.664 [info] > git for-each-ref --format=%(refname)%00%(upstream:short)%00%(objectname)%00%(upstream:track)%00%(upstream:remotename)%00%(upstream:remoteref) refs/heads/C refs/remotes/C [1ms]
2023-04-29 16:28:41.679 [info] > git status -z -uall [2ms]
2023-04-29 16:28:46.711 [info] > git config --get commit.template [14ms]
2023-04-29 16:28:46.711 [info] > git for-each-ref --format=%(refname)%00%(upstream:short)%00%(objectname)%00%(upstream:track)%00%(upstream:remotename)%00%(upstream:remoteref) refs/heads/C refs/remotes/C [0ms]
2023-04-29 16:28:46.728 [info] > git status -z -uall [3ms]
2023-04-29 16:29:13.264 [info] > git config --get commit.template [0ms]
2023-04-29 16:29:13.279 [info] > git for-each-ref --format=%(refname)%00%(upstream:short)%00%(objectname)%00%(upstream:track)%00%(upstream:remotename)%00%(upstream:remoteref) refs/heads/C refs/remotes/C [0ms]
2023-04-29 16:29:13.296 [info] > git status -z -uall [3ms]
2023-04-29 16:29:50.568 [info] > git config --get commit.template [0ms]
2023-04-29 16:29:50.582 [info] > git for-each-ref --format=%(refname)%00%(upstream:short)%00%(objectname)%00%(upstream:track)%00%(upstream:remotename)%00%(upstream:remoteref) refs/heads/C refs/remotes/C [1ms]
2023-04-29 16:29:50.597 [info] > git status -z -uall [3ms]
2023-04-29 16:30:11.846 [info] > git config --get commit.template [17ms]
2023-04-29 16:30:11.846 [info] > git for-each-ref --format=%(refname)%00%(upstream:short)%00%(objectname)%00%(upstream:track)%00%(upstream:remotename)%00%(upstream:remoteref) refs/heads/C refs/remotes/C [1ms]
2023-04-29 16:30:11.867 [info] > git status -z -uall [3ms]
2023-04-29 16:30:29.623 [info] > git config --get commit.template [20ms]
2023-04-29 16:30:29.624 [info] > git for-each-ref --format=%(refname)%00%(upstream:short)%00%(objectname)%00%(upstream:track)%00%(upstream:remotename)%00%(upstream:remoteref) refs/heads/C refs/remotes/C [1ms]
2023-04-29 16:30:29.642 [info] > git status -z -uall [3ms]
2023-04-29 16:30:34.658 [info] > git config --get commit.template [1ms]
2023-04-29 16:30:34.672 [info] > git for-each-ref --format=%(refname)%00%(upstream:short)%00%(objectname)%00%(upstream:track)%00%(upstream:remotename)%00%(upstream:remoteref) refs/heads/C refs/remotes/C [1ms]
2023-04-29 16:30:34.687 [info] > git status -z -uall [2ms]
2023-04-29 16:32:04.985 [info] > git config --get commit.template [50ms]
2023-04-29 16:32:04.986 [info] > git for-each-ref --format=%(refname)%00%(upstream:short)%00%(objectname)%00%(upstream:track)%00%(upstream:remotename)%00%(upstream:remoteref) refs/heads/C refs/remotes/C [2ms]
2023-04-29 16:32:05.031 [info] > git status -z -uall [3ms]
2023-04-29 16:32:10.051 [info] > git config --get commit.template [1ms]
2023-04-29 16:32:10.067 [info] > git for-each-ref --format=%(refname)%00%(upstream:short)%00%(objectname)%00%(upstream:track)%00%(upstream:remotename)%00%(upstream:remoteref) refs/heads/C refs/remotes/C [1ms]
2023-04-29 16:32:10.082 [info] > git status -z -uall [2ms]
2023-04-29 16:32:29.040 [info] > git config --get commit.template [36ms]
2023-04-29 16:32:29.040 [info] > git for-each-ref --format=%(refname)%00%(upstream:short)%00%(objectname)%00%(upstream:track)%00%(upstream:remotename)%00%(upstream:remoteref) refs/heads/C refs/remotes/C [1ms]
2023-04-29 16:32:29.071 [info] > git status -z -uall [4ms]
2023-04-29 16:32:32.751 [info] > git ls-files --stage -- /home/rafe/Documents/sp23/EEL5632/final_project/V2X_Example/report/eel5632_report_Autogators.tex [0ms]
2023-04-29 16:32:32.765 [info] > git cat-file -s ad507d8619951d96e2df2abc3a9077f7502f127a [1ms]
2023-04-29 16:32:32.782 [info] > git show --textconv :report/eel5632_report_Autogators.tex [1ms]
2023-04-29 16:32:34.095 [info] > git config --get commit.template [1ms]
2023-04-29 16:32:34.111 [info] > git for-each-ref --format=%(refname)%00%(upstream:short)%00%(objectname)%00%(upstream:track)%00%(upstream:remotename)%00%(upstream:remoteref) refs/heads/C refs/remotes/C [1ms]
2023-04-29 16:32:34.128 [info] > git status -z -uall [2ms]
2023-04-29 16:32:38.737 [info] > git ls-files --stage -- /home/rafe/Documents/sp23/EEL5632/final_project/V2X_Example/report/eel5632_report_Autogators.tex [0ms]
2023-04-29 16:32:38.754 [info] > git cat-file -s ad507d8619951d96e2df2abc3a9077f7502f127a [1ms]
2023-04-29 16:32:38.772 [info] > git show --textconv :report/eel5632_report_Autogators.tex [1ms]
2023-04-29 16:32:39.147 [info] > git config --get commit.template [1ms]
2023-04-29 16:32:39.162 [info] > git for-each-ref --format=%(refname)%00%(upstream:short)%00%(objectname)%00%(upstream:track)%00%(upstream:remotename)%00%(upstream:remoteref) refs/heads/C refs/remotes/C [1ms]
2023-04-29 16:32:39.178 [info] > git status -z -uall [2ms]
2023-04-29 16:41:44.953 [info] > git config --get commit.template [18ms]
2023-04-29 16:41:44.954 [info] > git for-each-ref --format=%(refname)%00%(upstream:short)%00%(objectname)%00%(upstream:track)%00%(upstream:remotename)%00%(upstream:remoteref) refs/heads/C refs/remotes/C [1ms]
2023-04-29 16:41:44.971 [info] > git status -z -uall [2ms]
2023-04-29 16:42:14.595 [info] > git config --get commit.template [2ms]
2023-04-29 16:42:14.622 [info] > git for-each-ref --format=%(refname)%00%(upstream:short)%00%(objectname)%00%(upstream:track)%00%(upstream:remotename)%00%(upstream:remoteref) refs/heads/C refs/remotes/C [1ms]
2023-04-29 16:42:14.653 [info] > git status -z -uall [3ms]
2023-04-29 16:42:18.236 [info] > git ls-files --stage -- /home/rafe/Documents/sp23/EEL5632/final_project/V2X_Example/report/eel5632_report_Autogators.tex [1ms]
2023-04-29 16:42:18.253 [info] > git cat-file -s 73129f1bcccfb12f731b68ef996635796b334665 [2ms]
2023-04-29 16:42:18.269 [info] > git show --textconv :report/eel5632_report_Autogators.tex [1ms]
2023-04-29 16:42:19.672 [info] > git config --get commit.template [0ms]
2023-04-29 16:42:19.686 [info] > git for-each-ref --format=%(refname)%00%(upstream:short)%00%(objectname)%00%(upstream:track)%00%(upstream:remotename)%00%(upstream:remoteref) refs/heads/C refs/remotes/C [1ms]
2023-04-29 16:42:19.703 [info] > git status -z -uall [2ms]
2023-04-29 16:42:24.203 [info] > git ls-files --stage -- /home/rafe/Documents/sp23/EEL5632/final_project/V2X_Example/report/eel5632_report_Autogators.tex [0ms]
2023-04-29 16:42:24.223 [info] > git cat-file -s 73129f1bcccfb12f731b68ef996635796b334665 [1ms]
2023-04-29 16:42:24.246 [info] > git show --textconv :report/eel5632_report_Autogators.tex [2ms]
2023-04-29 16:42:24.724 [info] > git config --get commit.template [1ms]
2023-04-29 16:42:24.741 [info] > git for-each-ref --format=%(refname)%00%(upstream:short)%00%(objectname)%00%(upstream:track)%00%(upstream:remotename)%00%(upstream:remoteref) refs/heads/C refs/remotes/C [1ms]
2023-04-29 16:42:24.759 [info] > git status -z -uall [2ms]
2023-04-29 16:45:09.792 [info] > git config --get commit.template [2ms]
2023-04-29 16:45:09.847 [info] > git for-each-ref --format=%(refname)%00%(upstream:short)%00%(objectname)%00%(upstream:track)%00%(upstream:remotename)%00%(upstream:remoteref) refs/heads/C refs/remotes/C [2ms]
2023-04-29 16:45:09.902 [info] > git status -z -uall [6ms]
2023-04-29 16:45:37.796 [info] > git config --get commit.template [29ms]
2023-04-29 16:45:37.797 [info] > git for-each-ref --format=%(refname)%00%(upstream:short)%00%(objectname)%00%(upstream:track)%00%(upstream:remotename)%00%(upstream:remoteref) refs/heads/C refs/remotes/C [1ms]
2023-04-29 16:45:37.836 [info] > git status -z -uall [7ms]
2023-04-29 16:46:06.151 [info] > git config --get commit.template [2ms]
2023-04-29 16:46:06.168 [info] > git for-each-ref --format=%(refname)%00%(upstream:short)%00%(objectname)%00%(upstream:track)%00%(upstream:remotename)%00%(upstream:remoteref) refs/heads/C refs/remotes/C [1ms]
2023-04-29 16:46:06.188 [info] > git status -z -uall [4ms]
2023-04-29 16:46:24.531 [info] > git config --get commit.template [1ms]
2023-04-29 16:46:24.554 [info] > git for-each-ref --format=%(refname)%00%(upstream:short)%00%(objectname)%00%(upstream:track)%00%(upstream:remotename)%00%(upstream:remoteref) refs/heads/C refs/remotes/C [2ms]
2023-04-29 16:46:24.581 [info] > git status -z -uall [4ms]
2023-04-29 16:46:44.743 [info] > git config --get commit.template [20ms]
2023-04-29 16:46:44.744 [info] > git for-each-ref --format=%(refname)%00%(upstream:short)%00%(objectname)%00%(upstream:track)%00%(upstream:remotename)%00%(upstream:remoteref) refs/heads/C refs/remotes/C [1ms]
2023-04-29 16:46:44.769 [info] > git status -z -uall [6ms]
2023-04-29 16:46:59.954 [info] > git config --get commit.template [1ms]
2023-04-29 16:46:59.988 [info] > git for-each-ref --format=%(refname)%00%(upstream:short)%00%(objectname)%00%(upstream:track)%00%(upstream:remotename)%00%(upstream:remoteref) refs/heads/C refs/remotes/C [3ms]
2023-04-29 16:47:00.021 [info] > git status -z -uall [2ms]
2023-04-29 16:47:05.043 [info] > git config --get commit.template [1ms]
2023-04-29 16:47:05.059 [info] > git for-each-ref --format=%(refname)%00%(upstream:short)%00%(objectname)%00%(upstream:track)%00%(upstream:remotename)%00%(upstream:remoteref) refs/heads/C refs/remotes/C [1ms]
2023-04-29 16:47:05.076 [info] > git status -z -uall [2ms]
2023-04-29 16:47:05.994 [info] > git show --textconv :report/dico.txt [16ms]
2023-04-29 16:47:05.994 [info] > git ls-files --stage -- /home/rafe/Documents/sp23/EEL5632/final_project/V2X_Example/report/dico.txt [1ms]
2023-04-29 16:47:06.009 [info] > git cat-file -s 8cdd9417267777aac4884b9fe690312ba0c89ae5 [1ms]
2023-04-29 16:47:19.470 [info] > git config --get commit.template [0ms]
2023-04-29 16:47:19.488 [info] > git for-each-ref --format=%(refname)%00%(upstream:short)%00%(objectname)%00%(upstream:track)%00%(upstream:remotename)%00%(upstream:remoteref) refs/heads/C refs/remotes/C [1ms]
2023-04-29 16:47:19.514 [info] > git status -z -uall [2ms]
2023-04-29 16:47:29.404 [info] > git config --get commit.template [1ms]
2023-04-29 16:47:29.444 [info] > git for-each-ref --format=%(refname)%00%(upstream:short)%00%(objectname)%00%(upstream:track)%00%(upstream:remotename)%00%(upstream:remoteref) refs/heads/C refs/remotes/C [2ms]
2023-04-29 16:47:29.482 [info] > git status -z -uall [3ms]
2023-04-29 16:47:34.512 [info] > git config --get commit.template [2ms]
2023-04-29 16:47:34.534 [info] > git for-each-ref --format=%(refname)%00%(upstream:short)%00%(objectname)%00%(upstream:track)%00%(upstream:remotename)%00%(upstream:remoteref) refs/heads/C refs/remotes/C [3ms]
2023-04-29 16:47:34.558 [info] > git status -z -uall [3ms]
2023-04-29 16:47:41.966 [info] > git config --get commit.template [17ms]
2023-04-29 16:47:41.966 [info] > git for-each-ref --format=%(refname)%00%(upstream:short)%00%(objectname)%00%(upstream:track)%00%(upstream:remotename)%00%(upstream:remoteref) refs/heads/C refs/remotes/C [0ms]
2023-04-29 16:47:41.984 [info] > git status -z -uall [3ms]
2023-04-29 16:47:48.448 [info] > git config --get commit.template [17ms]
2023-04-29 16:47:48.449 [info] > git for-each-ref --format=%(refname)%00%(upstream:short)%00%(objectname)%00%(upstream:track)%00%(upstream:remotename)%00%(upstream:remoteref) refs/heads/C refs/remotes/C [2ms]
2023-04-29 16:47:48.466 [info] > git status -z -uall [3ms]
2023-04-29 16:48:13.285 [info] > git config --get commit.template [20ms]
2023-04-29 16:48:13.285 [info] > git for-each-ref --format=%(refname)%00%(upstream:short)%00%(objectname)%00%(upstream:track)%00%(upstream:remotename)%00%(upstream:remoteref) refs/heads/C refs/remotes/C [0ms]
2023-04-29 16:48:13.308 [info] > git status -z -uall [2ms]
2023-04-29 16:48:18.346 [info] > git config --get commit.template [18ms]
2023-04-29 16:48:18.346 [info] > git for-each-ref --format=%(refname)%00%(upstream:short)%00%(objectname)%00%(upstream:track)%00%(upstream:remotename)%00%(upstream:remoteref) refs/heads/C refs/remotes/C [1ms]
2023-04-29 16:48:18.363 [info] > git status -z -uall [2ms]
2023-04-29 16:48:45.221 [info] > git config --get commit.template [1ms]
2023-04-29 16:48:45.245 [info] > git for-each-ref --format=%(refname)%00%(upstream:short)%00%(objectname)%00%(upstream:track)%00%(upstream:remotename)%00%(upstream:remoteref) refs/heads/C refs/remotes/C [1ms]
2023-04-29 16:48:45.278 [info] > git status -z -uall [3ms]
2023-04-29 16:48:52.904 [info] > git config --get commit.template [1ms]
2023-04-29 16:48:52.920 [info] > git for-each-ref --format=%(refname)%00%(upstream:short)%00%(objectname)%00%(upstream:track)%00%(upstream:remotename)%00%(upstream:remoteref) refs/heads/C refs/remotes/C [1ms]
2023-04-29 16:48:52.936 [info] > git status -z -uall [2ms]
2023-04-29 16:48:57.954 [info] > git config --get commit.template [1ms]
2023-04-29 16:48:57.969 [info] > git for-each-ref --format=%(refname)%00%(upstream:short)%00%(objectname)%00%(upstream:track)%00%(upstream:remotename)%00%(upstream:remoteref) refs/heads/C refs/remotes/C [1ms]
2023-04-29 16:48:57.986 [info] > git status -z -uall [2ms]
2023-04-29 16:49:04.388 [info] > git config --get commit.template [1ms]
2023-04-29 16:49:04.404 [info] > git for-each-ref --format=%(refname)%00%(upstream:short)%00%(objectname)%00%(upstream:track)%00%(upstream:remotename)%00%(upstream:remoteref) refs/heads/C refs/remotes/C [1ms]
2023-04-29 16:49:04.422 [info] > git status -z -uall [2ms]
2023-04-29 16:49:13.694 [info] > git config --get commit.template [1ms]
2023-04-29 16:49:13.711 [info] > git for-each-ref --format=%(refname)%00%(upstream:short)%00%(objectname)%00%(upstream:track)%00%(upstream:remotename)%00%(upstream:remoteref) refs/heads/C refs/remotes/C [1ms]
2023-04-29 16:49:13.732 [info] > git status -z -uall [2ms]
2023-04-29 16:49:18.808 [info] > git config --get commit.template [34ms]
2023-04-29 16:49:18.808 [info] > git for-each-ref --format=%(refname)%00%(upstream:short)%00%(objectname)%00%(upstream:track)%00%(upstream:remotename)%00%(upstream:remoteref) refs/heads/C refs/remotes/C [1ms]
2023-04-29 16:49:18.849 [info] > git status -z -uall [4ms]
2023-04-29 16:49:58.905 [info] > git config --get commit.template [1ms]
2023-04-29 16:49:58.927 [info] > git for-each-ref --format=%(refname)%00%(upstream:short)%00%(objectname)%00%(upstream:track)%00%(upstream:remotename)%00%(upstream:remoteref) refs/heads/C refs/remotes/C [1ms]
2023-04-29 16:49:58.957 [info] > git status -z -uall [4ms]
2023-04-29 16:50:03.995 [info] > git config --get commit.template [16ms]
2023-04-29 16:50:03.995 [info] > git for-each-ref --format=%(refname)%00%(upstream:short)%00%(objectname)%00%(upstream:track)%00%(upstream:remotename)%00%(upstream:remoteref) refs/heads/C refs/remotes/C [1ms]
2023-04-29 16:50:04.013 [info] > git status -z -uall [1ms]
2023-04-29 16:50:09.040 [info] > git config --get commit.template [1ms]
2023-04-29 16:50:09.061 [info] > git for-each-ref --format=%(refname)%00%(upstream:short)%00%(objectname)%00%(upstream:track)%00%(upstream:remotename)%00%(upstream:remoteref) refs/heads/C refs/remotes/C [1ms]
2023-04-29 16:50:09.088 [info] > git status -z -uall [4ms]
2023-04-29 16:50:20.888 [info] > git config --get commit.template [2ms]
2023-04-29 16:50:20.941 [info] > git for-each-ref --format=%(refname)%00%(upstream:short)%00%(objectname)%00%(upstream:track)%00%(upstream:remotename)%00%(upstream:remoteref) refs/heads/C refs/remotes/C [2ms]
2023-04-29 16:50:20.996 [info] > git status -z -uall [4ms]
2023-04-29 16:50:26.014 [info] > git config --get commit.template [1ms]
2023-04-29 16:50:26.031 [info] > git for-each-ref --format=%(refname)%00%(upstream:short)%00%(objectname)%00%(upstream:track)%00%(upstream:remotename)%00%(upstream:remoteref) refs/heads/C refs/remotes/C [1ms]
2023-04-29 16:50:26.048 [info] > git status -z -uall [2ms]
2023-04-29 16:50:51.240 [info] > git config --get commit.template [0ms]
2023-04-29 16:50:51.262 [info] > git for-each-ref --format=%(refname)%00%(upstream:short)%00%(objectname)%00%(upstream:track)%00%(upstream:remotename)%00%(upstream:remoteref) refs/heads/C refs/remotes/C [1ms]
2023-04-29 16:50:51.291 [info] > git status -z -uall [3ms]
2023-04-29 16:50:56.335 [info] > git config --get commit.template [1ms]
2023-04-29 16:50:56.383 [info] > git for-each-ref --format=%(refname)%00%(upstream:short)%00%(objectname)%00%(upstream:track)%00%(upstream:remotename)%00%(upstream:remoteref) refs/heads/C refs/remotes/C [4ms]
2023-04-29 16:50:56.438 [info] > git status -z -uall [8ms]
2023-04-29 16:51:19.507 [info] > git config --get commit.template [1ms]
2023-04-29 16:51:19.526 [info] > git for-each-ref --format=%(refname)%00%(upstream:short)%00%(objectname)%00%(upstream:track)%00%(upstream:remotename)%00%(upstream:remoteref) refs/heads/C refs/remotes/C [1ms]
2023-04-29 16:51:19.550 [info] > git status -z -uall [3ms]
2023-04-29 16:52:08.487 [info] > git show --textconv :report/bibs.bib [20ms]
2023-04-29 16:52:08.488 [info] > git ls-files --stage -- /home/rafe/Documents/sp23/EEL5632/final_project/V2X_Example/report/bibs.bib [1ms]
2023-04-29 16:52:08.504 [info] > git cat-file -s 0c02ade8c1ea6bc314e77eac8acd8b0c92f6c3f8 [1ms]
2023-04-29 16:52:46.501 [info] > git config --get commit.template [2ms]
2023-04-29 16:52:46.532 [info] > git for-each-ref --format=%(refname)%00%(upstream:short)%00%(objectname)%00%(upstream:track)%00%(upstream:remotename)%00%(upstream:remoteref) refs/heads/C refs/remotes/C [1ms]
2023-04-29 16:52:46.570 [info] > git status -z -uall [3ms]
2023-04-29 16:52:49.861 [info] > git ls-files --stage -- /home/rafe/Documents/sp23/EEL5632/final_project/V2X_Example/report/dico.txt [15ms]
2023-04-29 16:52:49.876 [info] > git ls-files --stage -- /home/rafe/Documents/sp23/EEL5632/final_project/V2X_Example/report/eel5632_report_Autogators.tex [45ms]
2023-04-29 16:52:49.892 [info] > git cat-file -s 2331886349f6b5220bd643393bed02e34254a2fe [16ms]
2023-04-29 16:52:49.892 [info] > git ls-files --stage -- /home/rafe/Documents/sp23/EEL5632/final_project/V2X_Example/report/bibs.bib [32ms]
2023-04-29 16:52:49.907 [info] > git cat-file -s cdba05ecc26bfb4ded7adaf616937bcc8d7c0f93 [16ms]
2023-04-29 16:52:49.922 [info] > git cat-file -s 0c02ade8c1ea6bc314e77eac8acd8b0c92f6c3f8 [15ms]
2023-04-29 16:52:49.939 [info] > git show --textconv :report/dico.txt [17ms]
2023-04-29 16:52:49.955 [info] > git show --textconv :report/eel5632_report_Autogators.tex [17ms]
2023-04-29 16:52:49.956 [info] > git show --textconv :report/bibs.bib [2ms]
2023-04-29 16:52:51.588 [info] > git config --get commit.template [0ms]
2023-04-29 16:52:51.605 [info] > git for-each-ref --format=%(refname)%00%(upstream:short)%00%(objectname)%00%(upstream:track)%00%(upstream:remotename)%00%(upstream:remoteref) refs/heads/C refs/remotes/C [1ms]
2023-04-29 16:52:51.622 [info] > git status -z -uall [2ms]
2023-04-29 16:52:55.895 [info] > git ls-files --stage -- /home/rafe/Documents/sp23/EEL5632/final_project/V2X_Example/report/dico.txt [15ms]
2023-04-29 16:52:55.911 [info] > git ls-files --stage -- /home/rafe/Documents/sp23/EEL5632/final_project/V2X_Example/report/eel5632_report_Autogators.tex [46ms]
2023-04-29 16:52:55.926 [info] > git cat-file -s 2331886349f6b5220bd643393bed02e34254a2fe [15ms]
2023-04-29 16:52:55.926 [info] > git ls-files --stage -- /home/rafe/Documents/sp23/EEL5632/final_project/V2X_Example/report/bibs.bib [32ms]
2023-04-29 16:52:55.942 [info] > git cat-file -s cdba05ecc26bfb4ded7adaf616937bcc8d7c0f93 [16ms]
2023-04-29 16:52:55.957 [info] > git cat-file -s 0c02ade8c1ea6bc314e77eac8acd8b0c92f6c3f8 [16ms]
2023-04-29 16:52:55.972 [info] > git show --textconv :report/dico.txt [15ms]
2023-04-29 16:52:55.987 [info] > git show --textconv :report/eel5632_report_Autogators.tex [15ms]
2023-04-29 16:52:55.988 [info] > git show --textconv :report/bibs.bib [1ms]
2023-04-29 16:52:56.644 [info] > git config --get commit.template [1ms]
2023-04-29 16:52:56.662 [info] > git for-each-ref --format=%(refname)%00%(upstream:short)%00%(objectname)%00%(upstream:track)%00%(upstream:remotename)%00%(upstream:remoteref) refs/heads/C refs/remotes/C [1ms]
2023-04-29 16:52:56.681 [info] > git status -z -uall [2ms]
2023-04-29 16:57:38.784 [info] > git config --get commit.template [0ms]
2023-04-29 16:57:38.823 [info] > git for-each-ref --format=%(refname)%00%(upstream:short)%00%(objectname)%00%(upstream:track)%00%(upstream:remotename)%00%(upstream:remoteref) refs/heads/C refs/remotes/C [2ms]
2023-04-29 16:57:38.859 [info] > git status -z -uall [5ms]
2023-04-29 16:57:42.077 [info] > git ls-files --stage -- /home/rafe/Documents/sp23/EEL5632/final_project/V2X_Example/report/dico.txt [33ms]
2023-04-29 16:57:42.109 [info] > git ls-files --stage -- /home/rafe/Documents/sp23/EEL5632/final_project/V2X_Example/report/eel5632_report_Autogators.tex [95ms]
2023-04-29 16:57:42.135 [info] > git cat-file -s cdba05ecc26bfb4ded7adaf616937bcc8d7c0f93 [1ms]
2023-04-29 16:57:42.136 [info] > git cat-file -s 2331886349f6b5220bd643393bed02e34254a2fe [27ms]
2023-04-29 16:57:42.136 [info] > git ls-files --stage -- /home/rafe/Documents/sp23/EEL5632/final_project/V2X_Example/report/bibs.bib [59ms]
2023-04-29 16:57:42.195 [info] > git show --textconv :report/eel5632_report_Autogators.tex [19ms]
2023-04-29 16:57:42.195 [info] > git show --textconv :report/dico.txt [0ms]
2023-04-29 16:57:42.196 [info] > git cat-file -s 0c02ade8c1ea6bc314e77eac8acd8b0c92f6c3f8 [38ms]
2023-04-29 16:57:42.217 [info] > git show --textconv :report/bibs.bib [1ms]
2023-04-29 16:57:43.877 [info] > git config --get commit.template [0ms]
2023-04-29 16:57:43.893 [info] > git for-each-ref --format=%(refname)%00%(upstream:short)%00%(objectname)%00%(upstream:track)%00%(upstream:remotename)%00%(upstream:remoteref) refs/heads/C refs/remotes/C [1ms]
2023-04-29 16:57:43.910 [info] > git status -z -uall [2ms]
2023-04-29 16:57:47.976 [info] > git ls-files --stage -- /home/rafe/Documents/sp23/EEL5632/final_project/V2X_Example/report/dico.txt [22ms]
2023-04-29 16:57:47.997 [info] > git ls-files --stage -- /home/rafe/Documents/sp23/EEL5632/final_project/V2X_Example/report/eel5632_report_Autogators.tex [69ms]
2023-04-29 16:57:48.014 [info] > git cat-file -s 2331886349f6b5220bd643393bed02e34254a2fe [18ms]
2023-04-29 16:57:48.015 [info] > git ls-files --stage -- /home/rafe/Documents/sp23/EEL5632/final_project/V2X_Example/report/bibs.bib [41ms]
2023-04-29 16:57:48.036 [info] > git cat-file -s cdba05ecc26bfb4ded7adaf616937bcc8d7c0f93 [22ms]
2023-04-29 16:57:48.054 [info] > git cat-file -s 0c02ade8c1ea6bc314e77eac8acd8b0c92f6c3f8 [18ms]
2023-04-29 16:57:48.071 [info] > git show --textconv :report/dico.txt [17ms]
2023-04-29 16:57:48.087 [info] > git show --textconv :report/eel5632_report_Autogators.tex [17ms]
2023-04-29 16:57:48.088 [info] > git show --textconv :report/bibs.bib [1ms]
2023-04-29 16:58:35.201 [info] > git config --get commit.template [0ms]
2023-04-29 16:58:35.222 [info] > git for-each-ref --format=%(refname)%00%(upstream:short)%00%(objectname)%00%(upstream:track)%00%(upstream:remotename)%00%(upstream:remoteref) refs/heads/C refs/remotes/C [1ms]
2023-04-29 16:58:35.254 [info] > git status -z -uall [3ms]
