2023-04-26 14:14:38.725 [info] Extension host with pid 137438 started
2023-04-26 14:14:38.725 [info] Skipping acquiring lock for /home/rafe/.config/Code/User/workspaceStorage/fd08cbe65149f3855c439ad405bcd7e7.
2023-04-26 14:14:38.790 [info] ExtensionService#_doActivateExtension vscode.emmet, startup: false, activationEvent: 'onLanguage'
2023-04-26 14:14:38.814 [info] ExtensionService#_doActivateExtension vscode.git-base, startup: true, activationEvent: '*', root cause: vscode.git
2023-04-26 14:14:38.816 [info] ExtensionService#_doActivateExtension vscodevim.vim, startup: true, activationEvent: '*'
2023-04-26 14:14:38.886 [info] ExtensionService#_doActivateExtension vscode.git, startup: true, activationEvent: '*'
2023-04-26 14:14:38.905 [info] ExtensionService#_doActivateExtension vscode.github, startup: true, activationEvent: '*'
2023-04-26 14:14:39.317 [info] ExtensionService#_doActivateExtension vscode.github-authentication, startup: false, activationEvent: 'onAuthenticationRequest:github'
2023-04-26 14:14:39.339 [info] Eager extensions activated
2023-04-26 14:14:39.343 [info] ExtensionService#_doActivateExtension vscode.debug-auto-launch, startup: false, activationEvent: 'onStartupFinished'
2023-04-26 14:14:39.345 [info] ExtensionService#_doActivateExtension vscode.merge-conflict, startup: false, activationEvent: 'onStartupFinished'
2023-04-26 14:14:39.350 [info] ExtensionService#_doActivateExtension ms-vsliveshare.vsliveshare, startup: false, activationEvent: 'onStartupFinished'
2023-04-26 14:14:39.633 [info] ExtensionService#_doActivateExtension vscode.microsoft-authentication, startup: false, activationEvent: 'onAuthenticationRequest:microsoft'
2023-04-26 14:51:40.474 [info] ExtensionService#_doActivateExtension vscode.configuration-editing, startup: false, activationEvent: 'onLanguage:jsonc'
2023-04-26 14:51:40.476 [info] ExtensionService#_doActivateExtension vscode.json-language-features, startup: false, activationEvent: 'onLanguage:jsonc'
2023-04-26 14:51:40.490 [info] ExtensionService#_doActivateExtension vscode.typescript-language-features, startup: false, activationEvent: 'onLanguage:jsonc'
2023-04-26 14:54:30.411 [warning] TextEditor is closed/disposed
2023-04-26 14:54:30.411 [warning] TextEditor is closed/disposed
2023-04-26 14:54:30.422 [warning] ExtHostTextEditorOptions 'setCursorStyle' failed:'
2023-04-26 14:54:30.423 [warning] TextEditor(vs.editor.ICodeEditor:1,$model6) has been disposed
2023-04-26 15:23:07.093 [warning] TextEditor is closed/disposed
2023-04-26 15:23:07.093 [warning] TextEditor is closed/disposed
2023-04-26 15:23:07.096 [warning] ExtHostTextEditorOptions 'setCursorStyle' failed:'
2023-04-26 15:23:07.096 [warning] TextEditor(vs.editor.ICodeEditor:1,$model4) has been disposed
