2023-05-13 14:06:05.324 [info] Log level: Info
2023-05-13 14:06:05.324 [info] Validating found git in: "git"
2023-05-13 14:06:05.324 [info] Using git "2.40.0" from "git"
2023-05-13 14:06:05.324 [info] > git rev-parse --show-toplevel [3ms]
2023-05-13 14:06:05.324 [info] fatal: not a git repository (or any parent up to mount point /)
Stopping at filesystem boundary (GIT_DISCOVERY_ACROSS_FILESYSTEM not set).
2023-05-13 14:06:05.325 [info] > git rev-parse --show-toplevel [3ms]
2023-05-13 14:06:05.325 [info] fatal: not a git repository (or any parent up to mount point /)
Stopping at filesystem boundary (GIT_DISCOVERY_ACROSS_FILESYSTEM not set).
2023-05-13 14:06:05.334 [info] > git rev-parse --show-toplevel [5ms]
2023-05-13 14:06:05.334 [info] fatal: not a git repository (or any parent up to mount point /)
Stopping at filesystem boundary (GIT_DISCOVERY_ACROSS_FILESYSTEM not set).
2023-05-13 14:06:05.352 [info] > git rev-parse --show-toplevel [13ms]
2023-05-13 14:06:05.352 [info] fatal: not a git repository (or any parent up to mount point /)
Stopping at filesystem boundary (GIT_DISCOVERY_ACROSS_FILESYSTEM not set).
2023-05-13 14:06:05.372 [info] > git rev-parse --show-toplevel [15ms]
2023-05-13 14:06:05.372 [info] fatal: not a git repository (or any parent up to mount point /)
Stopping at filesystem boundary (GIT_DISCOVERY_ACROSS_FILESYSTEM not set).
2023-05-13 14:06:05.379 [info] > git rev-parse --show-toplevel [2ms]
2023-05-13 14:06:05.379 [info] fatal: not a git repository (or any parent up to mount point /)
Stopping at filesystem boundary (GIT_DISCOVERY_ACROSS_FILESYSTEM not set).
2023-05-13 14:06:05.406 [info] > git rev-parse --show-toplevel [22ms]
2023-05-13 14:06:05.406 [info] fatal: not a git repository (or any parent up to mount point /)
Stopping at filesystem boundary (GIT_DISCOVERY_ACROSS_FILESYSTEM not set).
2023-05-13 14:06:05.411 [info] > git rev-parse --show-toplevel [0ms]
2023-05-13 14:06:05.411 [info] fatal: not a git repository (or any parent up to mount point /)
Stopping at filesystem boundary (GIT_DISCOVERY_ACROSS_FILESYSTEM not set).
2023-05-13 14:06:05.415 [info] > git rev-parse --show-toplevel [1ms]
2023-05-13 14:06:05.415 [info] fatal: not a git repository (or any parent up to mount point /)
Stopping at filesystem boundary (GIT_DISCOVERY_ACROSS_FILESYSTEM not set).
2023-05-13 14:06:05.428 [info] > git rev-parse --show-toplevel [6ms]
2023-05-13 14:06:05.428 [info] fatal: not a git repository (or any parent up to mount point /)
Stopping at filesystem boundary (GIT_DISCOVERY_ACROSS_FILESYSTEM not set).
2023-05-13 14:06:05.438 [info] > git rev-parse --show-toplevel [4ms]
2023-05-13 14:06:05.438 [info] fatal: not a git repository (or any parent up to mount point /)
Stopping at filesystem boundary (GIT_DISCOVERY_ACROSS_FILESYSTEM not set).
2023-05-13 14:06:05.449 [info] > git rev-parse --show-toplevel [3ms]
2023-05-13 14:06:05.449 [info] fatal: not a git repository (or any parent up to mount point /)
Stopping at filesystem boundary (GIT_DISCOVERY_ACROSS_FILESYSTEM not set).
2023-05-13 14:06:05.812 [info] > git rev-parse --show-toplevel [6ms]
2023-05-13 14:06:05.812 [info] fatal: not a git repository (or any parent up to mount point /)
Stopping at filesystem boundary (GIT_DISCOVERY_ACROSS_FILESYSTEM not set).
