2023-05-13 14:05:56.185 [info] Log level: Info
2023-05-13 14:05:56.185 [info] Validating found git in: "git"
2023-05-13 14:05:56.185 [info] Using git "2.40.0" from "git"
2023-05-13 14:05:56.188 [info] > git rev-parse --show-toplevel [4ms]
2023-05-13 14:05:56.199 [info] > git rev-parse --git-dir --git-common-dir [4ms]
2023-05-13 14:05:56.207 [info] Open repository: /home/rafe/Documents/sp23/EEL5632/final_project/V2X_Example
2023-05-13 14:05:56.220 [info] > git rev-parse --show-toplevel [7ms]
2023-05-13 14:05:56.220 [info] fatal: not a git repository (or any parent up to mount point /)
Stopping at filesystem boundary (GIT_DISCOVERY_ACROSS_FILESYSTEM not set).
2023-05-13 14:05:56.225 [info] > git rev-parse --show-toplevel [2ms]
2023-05-13 14:05:56.233 [info] > git config --get commit.template [13ms]
2023-05-13 14:05:56.241 [info] > git rev-parse --show-toplevel [9ms]
2023-05-13 14:05:56.254 [info] > git rev-parse --show-toplevel [9ms]
2023-05-13 14:05:56.260 [info] > git rev-parse --show-toplevel [2ms]
2023-05-13 14:05:56.265 [info] > git for-each-ref --format=%(refname)%00%(upstream:short)%00%(objectname)%00%(upstream:track)%00%(upstream:remotename)%00%(upstream:remoteref) refs/heads/C refs/remotes/C [12ms]
2023-05-13 14:05:56.270 [info] > git rev-parse --show-toplevel [5ms]
2023-05-13 14:05:56.276 [info] > git rev-parse --show-toplevel [0ms]
2023-05-13 14:05:56.301 [info] > git status -z -uall [32ms]
2023-05-13 14:05:56.306 [info] > git rev-parse --show-toplevel [25ms]
2023-05-13 14:05:56.323 [info] > git rev-parse --show-toplevel [12ms]
2023-05-13 14:05:56.325 [info] > git config --get commit.template [2ms]
2023-05-13 14:05:56.348 [info] > git for-each-ref --format=%(refname)%00%(upstream:short)%00%(objectname)%00%(upstream:track)%00%(upstream:remotename)%00%(upstream:remoteref) refs/heads/C refs/remotes/C [6ms]
2023-05-13 14:05:56.356 [info] > git status -z -uall [3ms]
2023-05-13 14:05:56.788 [info] > git check-ignore -v -z --stdin [15ms]
