2023-04-26 13:56:33.877 [info] Reading sessions from keychain...
2023-04-26 13:56:33.877 [info] Getting sessions for all scopes...
2023-04-26 13:56:33.877 [info] Getting sessions for user:email...
2023-04-26 13:56:33.877 [info] Got stored sessions!
2023-04-26 13:56:33.877 [info] Got 1 verified sessions.
2023-04-26 13:56:33.877 [info] Got 1 sessions for ...
2023-04-26 13:56:33.877 [info] Got 0 sessions for user:email...
2023-04-26 13:56:33.877 [info] Getting sessions for all scopes...
2023-04-26 13:56:33.877 [info] Got 1 sessions for ...
2023-04-26 13:56:34.310 [info] Getting sessions for all scopes...
2023-04-26 13:56:34.310 [info] Got 1 sessions for ...
2023-04-26 13:56:34.364 [info] Getting sessions for read:user,repo,user:email,workflow...
2023-04-26 13:56:34.364 [info] Got 1 sessions for read:user,repo,user:email,workflow...
2023-04-26 13:56:35.072 [info] Getting user info...
2023-04-26 13:56:35.322 [info] Got account info!
2023-04-26 13:57:39.207 [info] Reading sessions from keychain...
2023-04-26 13:57:39.207 [info] Getting sessions for all scopes...
2023-04-26 13:57:39.207 [info] Getting sessions for user:email...
2023-04-26 13:57:39.207 [info] Got stored sessions!
2023-04-26 13:57:39.207 [info] Got 1 verified sessions.
2023-04-26 13:57:39.207 [info] Got 1 sessions for ...
2023-04-26 13:57:39.207 [info] Got 0 sessions for user:email...
2023-04-26 13:57:39.207 [info] Getting sessions for all scopes...
2023-04-26 13:57:39.207 [info] Got 1 sessions for ...
2023-04-26 13:57:39.207 [info] Getting sessions for user:email...
2023-04-26 13:57:39.207 [info] Got 0 sessions for user:email...
2023-04-26 13:57:39.210 [info] Getting sessions for all scopes...
2023-04-26 13:57:39.210 [info] Got 1 sessions for ...
2023-04-26 13:57:39.271 [info] Getting sessions for read:user,repo,user:email,workflow...
2023-04-26 13:57:39.271 [info] Got 1 sessions for read:user,repo,user:email,workflow...
2023-04-26 13:57:40.400 [info] Getting user info...
2023-04-26 13:57:40.637 [info] Got account info!
