2023-04-26 14:14:39.624 [info] Configuration changed
2023-04-26 14:14:39.724 [info] Configuration changed
2023-04-26 14:15:28.885 [info] /home/rafe/Documents/sp23/EEL5632/final_project/V2X_Example/report/eel5632_report_Autogators.tex closed
2023-04-26 14:15:28.886 [info] /home/rafe/Documents/sp23/EEL5632/final_project/V2X_Example/report/eel5632_report_Autogators.tex.git closed
2023-04-26 14:15:35.791 [info] Active editor: file:///home/rafe/Documents/sp23/EEL5632/final_project/V2X_Example/report/eel5632_report_Autogators.tex
2023-04-26 14:25:25.708 [info] Executing :w
2023-04-26 14:25:40.089 [info] Executing :w
2023-04-26 14:26:01.472 [info] Executing :w
2023-04-26 14:34:08.610 [info] Searching for unfortunate
2023-04-26 14:34:27.161 [info] Executing :w
2023-04-26 14:34:27.732 [info] Executing :w
2023-04-26 14:34:28.250 [info] Executing :w
2023-04-26 14:43:09.689 [info] Executing :w
2023-04-26 14:43:33.525 [info] Executing :w
2023-04-26 14:43:34.337 [info] Executing :w
2023-04-26 14:43:35.084 [info] Executing :w
2023-04-26 14:43:35.731 [info] Executing :w
2023-04-26 14:44:02.151 [info] Executing :w
2023-04-26 14:44:02.738 [info] Executing :w
2023-04-26 14:44:03.416 [info] Executing :w
2023-04-26 14:45:44.494 [info] Executing :w
2023-04-26 14:45:45.067 [info] Executing :w
2023-04-26 14:45:48.716 [info] Executing :w
2023-04-26 14:45:49.278 [info] Executing :w
2023-04-26 14:45:49.844 [info] Executing :w
2023-04-26 14:45:50.432 [info] Executing :w
2023-04-26 14:45:56.192 [info] Executing :w
2023-04-26 14:45:56.860 [info] Executing :w
2023-04-26 14:45:57.507 [info] Executing :w
2023-04-26 14:46:02.976 [info] Executing :w
2023-04-26 14:46:09.038 [info] Searching for ad 
2023-04-26 14:46:13.463 [info] Executing :w
2023-04-26 14:46:15.206 [info] Searching for ad hoc
2023-04-26 14:51:40.448 [info] Active editor: vscode-userdata:/home/rafe/.config/Code/User/settings.json
2023-04-26 14:52:00.482 [info] Executing :w
2023-04-26 14:53:18.675 [info] Executing :w
2023-04-26 14:53:18.924 [info] Configuration changed
2023-04-26 14:53:21.088 [info] Executing :w
2023-04-26 14:53:21.335 [info] Configuration changed
2023-04-26 14:54:30.368 [info] Executing :x
2023-04-26 14:54:30.411 [warning] getLineLength() called with out-of-bounds line 9
2023-04-26 14:54:30.411 [warning] getLineLength() called with out-of-bounds line 9
2023-04-26 14:54:32.841 [info] Active editor: file:///home/rafe/Documents/sp23/EEL5632/final_project/V2X_Example/report/eel5632_report_Autogators.tex
2023-04-26 14:54:40.675 [info] /settings/user closed
2023-04-26 14:54:40.736 [info] /settings/resourceLanguage closed
2023-04-26 14:54:40.737 [info] /ignoredSettings closed
2023-04-26 14:54:40.759 [info] /launch closed
2023-04-26 14:54:40.761 [info] /token-styling closed
2023-04-26 14:54:40.761 [info] /textmate-colors closed
2023-04-26 14:54:40.765 [info] /workbench-colors closed
2023-04-26 14:54:53.298 [info] Executing :w
2023-04-26 14:55:10.250 [info] Configuration changed
2023-04-26 14:55:18.581 [info] Configuration changed
2023-04-26 14:55:33.624 [info] Configuration changed
2023-04-26 14:55:34.783 [info] Active editor: file:///home/rafe/Documents/sp23/EEL5632/final_project/V2X_Example/report/eel5632_report_Autogators.tex
2023-04-26 14:57:14.894 [info] Executing :w
2023-04-26 14:57:15.541 [info] Executing :w
2023-04-26 14:57:16.251 [info] Executing :w
2023-04-26 14:57:20.871 [info] Executing :w
2023-04-26 14:57:21.443 [info] Executing :w
2023-04-26 14:57:24.693 [info] Executing :w
2023-04-26 14:57:25.242 [info] Executing :w
2023-04-26 14:57:25.790 [info] Executing :w
2023-04-26 14:58:48.014 [info] Executing :w
2023-04-26 14:58:48.620 [info] Executing :w
2023-04-26 14:58:49.199 [info] Executing :w
2023-04-26 14:58:49.790 [info] Executing :w
2023-04-26 14:58:52.910 [info] Executing :w
2023-04-26 14:58:53.535 [info] Executing :w
2023-04-26 14:59:20.846 [info] Executing :w
2023-04-26 15:00:10.337 [info] Executing :w
2023-04-26 15:00:17.434 [info] Configuration changed
2023-04-26 15:00:21.990 [info] Configuration changed
2023-04-26 15:00:24.449 [info] Configuration changed
2023-04-26 15:01:23.502 [info] Active editor: file:///home/rafe/Documents/sp23/EEL5632/final_project/V2X_Example/report/eel5632_report_Autogators.tex
2023-04-26 15:01:41.737 [info] Executing :w
2023-04-26 15:01:55.158 [info] Active editor: file:///home/rafe/Documents/sp23/EEL5632/final_project/V2X_Example/report/eel5632_report_Autogators.tex
2023-04-26 15:02:04.809 [info] Executing :w
2023-04-26 15:02:05.365 [info] Executing :w
2023-04-26 15:02:05.947 [info] Executing :w
2023-04-26 15:02:29.244 [info] Executing :w
2023-04-26 15:02:29.765 [info] Executing :w
2023-04-26 15:04:25.786 [info] Configuration changed
2023-04-26 15:04:31.581 [info] Active editor: file:///home/rafe/Documents/sp23/EEL5632/final_project/V2X_Example/report/eel5632_report_Autogators.tex
2023-04-26 15:05:23.506 [info] Executing :
2023-04-26 15:05:39.046 [info] Executing :w
2023-04-26 15:05:39.653 [info] Executing :w
2023-04-26 15:05:40.244 [info] Executing :w
2023-04-26 15:05:40.778 [info] Executing :w
2023-04-26 15:05:46.327 [info] Executing :w
2023-04-26 15:05:46.973 [info] Executing :w
2023-04-26 15:05:47.567 [info] Executing :w
2023-04-26 15:23:07.060 [info] Executing :tabedit bibs.bib
2023-04-26 15:23:07.093 [warning] getLineLength() called with out-of-bounds line 121
2023-04-26 15:23:07.093 [warning] getLineLength() called with out-of-bounds line 121
2023-04-26 15:23:12.645 [info] Active editor: file:///home/rafe/Documents/sp23/EEL5632/final_project/V2X_Example/report/eel5632_report_Autogators.tex
2023-04-26 15:23:20.355 [info] Active editor: file:///home/rafe/Documents/sp23/EEL5632/final_project/V2X_Example/report/bibs.bib
2023-04-26 15:26:41.099 [info] Executing :w
2023-04-26 15:26:41.807 [info] Executing :w
2023-04-26 15:26:52.874 [info] Active editor: file:///home/rafe/Documents/sp23/EEL5632/final_project/V2X_Example/report/eel5632_report_Autogators.tex
2023-04-26 15:26:59.134 [info] Searching for cv2x
2023-04-26 15:27:07.465 [info] Active editor: file:///home/rafe/Documents/sp23/EEL5632/final_project/V2X_Example/report/bibs.bib
2023-04-26 15:27:10.935 [info] Active editor: file:///home/rafe/Documents/sp23/EEL5632/final_project/V2X_Example/report/eel5632_report_Autogators.tex
2023-04-26 15:27:14.179 [info] Executing :w
2023-04-26 15:27:14.800 [info] Executing :w
2023-04-26 15:27:15.379 [info] Executing :w
2023-04-26 15:27:15.940 [info] Executing :w
2023-04-26 15:27:18.128 [info] Executing :w
2023-04-26 15:27:18.576 [info] Active editor: file:///home/rafe/Documents/sp23/EEL5632/final_project/V2X_Example/report/bibs.bib
2023-04-26 15:27:24.404 [info] Active editor: file:///home/rafe/Documents/sp23/EEL5632/final_project/V2X_Example/report/eel5632_report_Autogators.tex
2023-04-26 15:27:29.141 [info] Executing :w
2023-04-26 15:27:53.567 [info] Executing :w
2023-04-26 15:31:05.671 [info] Active editor: file:///home/rafe/Documents/sp23/EEL5632/final_project/V2X_Example/report/bibs.bib
2023-04-26 15:31:28.704 [info] Executing :w
2023-04-26 15:31:31.001 [info] Executing :w
2023-04-26 15:31:31.578 [info] Executing :w
2023-04-26 15:31:32.124 [info] Executing :w
2023-04-26 15:31:33.431 [info] Active editor: file:///home/rafe/Documents/sp23/EEL5632/final_project/V2X_Example/report/eel5632_report_Autogators.tex
2023-04-26 15:31:39.711 [info] Searching for cite
2023-04-26 15:31:45.372 [info] Executing :w
2023-04-26 15:31:45.749 [info] Active editor: file:///home/rafe/Documents/sp23/EEL5632/final_project/V2X_Example/report/bibs.bib
2023-04-26 15:31:47.012 [info] Active editor: file:///home/rafe/Documents/sp23/EEL5632/final_project/V2X_Example/report/eel5632_report_Autogators.tex
2023-04-26 15:31:54.754 [info] Active editor: file:///home/rafe/Documents/sp23/EEL5632/final_project/V2X_Example/report/bibs.bib
2023-04-26 15:32:02.735 [info] Executing :w
2023-04-26 15:32:03.410 [info] Executing :w
2023-04-26 15:32:19.327 [info] Active editor: file:///home/rafe/Documents/sp23/EEL5632/final_project/V2X_Example/report/eel5632_report_Autogators.tex
2023-04-26 15:33:01.383 [info] Executing :w
2023-04-26 15:33:01.968 [info] Executing :w
2023-04-26 15:33:02.532 [info] Executing :w
2023-04-26 15:36:07.357 [info] Active editor: file:///home/rafe/Documents/sp23/EEL5632/final_project/V2X_Example/report/bibs.bib
2023-04-26 15:36:56.549 [info] Executing :w
2023-04-26 15:36:57.120 [info] Executing :w
2023-04-26 15:36:57.675 [info] Executing :w
2023-04-26 15:36:58.258 [info] Executing :w
2023-04-26 15:37:04.608 [info] Active editor: file:///home/rafe/Documents/sp23/EEL5632/final_project/V2X_Example/report/eel5632_report_Autogators.tex
2023-04-26 15:37:11.461 [info] Executing :w
2023-04-26 15:37:12.056 [info] Executing :w
2023-04-26 15:37:12.594 [info] Executing :w
2023-04-26 15:38:43.777 [info] Active editor: file:///home/rafe/Documents/sp23/EEL5632/final_project/V2X_Example/report/bibs.bib
2023-04-26 15:39:18.227 [info] Executing :w
2023-04-26 15:39:18.853 [info] Executing :w
2023-04-26 15:39:24.750 [info] Active editor: file:///home/rafe/Documents/sp23/EEL5632/final_project/V2X_Example/report/eel5632_report_Autogators.tex
2023-04-26 15:39:38.559 [info] Executing :w
2023-04-26 15:39:38.890 [info] Active editor: file:///home/rafe/Documents/sp23/EEL5632/final_project/V2X_Example/report/bibs.bib
2023-04-26 15:39:41.568 [info] Active editor: file:///home/rafe/Documents/sp23/EEL5632/final_project/V2X_Example/report/eel5632_report_Autogators.tex
2023-04-26 15:39:44.867 [info] Executing :w
2023-04-26 15:39:45.435 [info] Executing :w
2023-04-26 15:39:45.966 [info] Executing :w
2023-04-26 15:39:46.469 [info] Executing :w
2023-04-26 15:39:46.975 [info] Executing :w
2023-04-26 15:40:47.460 [info] Executing :w
2023-04-26 15:40:48.050 [info] Executing :w
2023-04-26 15:40:48.541 [info] Executing :w
2023-04-26 15:40:49.471 [info] Executing :w
2023-04-26 15:40:49.982 [info] Executing :w
2023-04-26 15:40:50.549 [info] Executing :w
2023-04-26 15:40:53.440 [info] Executing :w
2023-04-26 15:40:54.045 [info] Executing :w
2023-04-26 15:41:31.426 [info] Active editor: file:///home/rafe/Documents/sp23/EEL5632/final_project/V2X_Example/report/bibs.bib
2023-04-26 15:41:43.172 [warning] invalid cursor position. [[58, 0] | [58, 0]].
2023-04-26 15:41:43.172 [warning] invalid cursor position. [[58, 0] | [58, 0]].
2023-04-26 15:41:44.465 [info] Executing :w
2023-04-26 15:41:45.182 [info] Executing :w
2023-04-26 15:42:11.242 [info] Active editor: file:///home/rafe/Documents/sp23/EEL5632/final_project/V2X_Example/report/eel5632_report_Autogators.tex
2023-04-26 15:42:43.825 [info] Searching for clearpage
2023-04-26 15:42:46.369 [info] Executing :w
2023-04-26 15:50:43.861 [info] Executing :w
2023-04-26 15:51:29.141 [info] Executing :w
2023-04-26 15:51:31.385 [info] Executing :w
2023-04-26 15:51:39.270 [info] Executing :w
2023-04-26 15:51:56.044 [info] Executing :w
2023-04-26 15:51:56.654 [info] Executing :w
2023-04-26 15:52:44.023 [info] Executing :'<,'>norm i%
2023-04-26 15:52:45.101 [info] Executing :w
2023-04-26 15:52:48.386 [info] Executing :w
2023-04-26 15:52:48.945 [info] Executing :w
2023-04-26 16:00:37.847 [info] Executing :w
2023-04-26 16:00:38.476 [info] Executing :w
2023-04-26 16:00:42.039 [info] Executing :w
2023-04-26 16:00:42.669 [info] Executing :w
2023-04-26 16:00:46.507 [info] Executing :w
2023-04-26 16:00:47.120 [info] Executing :w
2023-04-26 16:10:06.248 [info] Executing :w
2023-04-26 16:10:06.793 [info] Executing :w
2023-04-26 16:10:07.364 [info] Executing :w
2023-04-26 16:11:22.185 [info] Executing :w
2023-04-26 16:11:23.143 [info] Executing :w
2023-04-26 16:12:08.380 [info] Executing :w
2023-04-26 16:12:08.930 [info] Executing :w
2023-04-26 16:12:09.470 [info] Executing :w
2023-04-26 16:14:29.964 [info] Executing :w
2023-04-26 16:14:30.567 [info] Executing :w
2023-04-26 16:14:51.589 [info] Executing :
2023-04-26 16:14:52.167 [info] Executing :w
2023-04-26 16:14:52.727 [info] Executing :w
2023-04-26 16:15:39.937 [info] Executing :w
2023-04-26 16:15:40.448 [info] Executing :w
2023-04-26 16:15:41.016 [info] Executing :w
2023-04-26 16:16:20.678 [info] Executing :w
2023-04-26 16:16:21.248 [info] Executing :w
2023-04-26 16:16:22.740 [info] Executing :w
2023-04-26 16:16:23.334 [info] Executing :w
2023-04-26 16:16:23.800 [info] Executing :w
2023-04-26 16:16:24.316 [info] Executing :w
2023-04-26 16:16:26.346 [info] Executing :w
2023-04-26 16:16:26.827 [info] Executing :w
2023-04-26 16:16:27.370 [info] Executing :w
2023-04-26 16:18:11.933 [info] Executing :w
2023-04-26 16:18:12.521 [info] Executing :w
2023-04-26 16:18:48.429 [info] Executing :w
2023-04-26 16:20:29.792 [info] Executing :w
2023-04-26 16:20:30.377 [info] Executing :w
2023-04-26 16:20:30.997 [info] Executing :w
2023-04-26 16:20:56.428 [info] Executing :w
2023-04-26 16:20:57.090 [info] Executing :w
2023-04-26 16:20:59.030 [info] Executing :w
2023-04-26 16:20:59.504 [info] Executing :w
2023-04-26 16:20:59.988 [info] Executing :w
2023-04-26 16:21:28.977 [info] Executing :w
2023-04-26 16:21:31.181 [info] Executing :w
2023-04-26 16:21:31.710 [info] Executing :w
2023-04-26 16:21:36.067 [info] Executing :w
2023-04-26 16:21:36.580 [info] Executing :w
2023-04-26 16:21:37.064 [info] Executing :w
2023-04-26 16:22:21.258 [info] Executing :w
2023-04-26 16:22:22.938 [info] Executing :w
2023-04-26 16:22:23.440 [info] Executing :w
2023-04-26 16:22:23.963 [info] Executing :w
2023-04-26 16:23:38.825 [info] Executing :w
2023-04-26 16:23:39.334 [info] Executing :w
2023-04-26 16:23:39.856 [info] Executing :w
2023-04-26 16:23:40.445 [info] Executing :w
2023-04-26 16:23:40.917 [info] Executing :w
2023-04-26 16:23:41.895 [info] Executing :w
2023-04-26 16:23:42.385 [info] Executing :w
2023-04-26 16:23:42.934 [info] Executing :w
2023-04-26 16:23:51.087 [info] Executing :w
2023-04-26 16:23:51.666 [info] Executing :w
2023-04-26 16:23:52.205 [info] Executing :w
2023-04-26 16:24:08.875 [info] Executing :w
2023-04-26 16:24:09.438 [info] Executing :w
2023-04-26 16:24:09.972 [info] Executing :w
2023-04-26 16:25:31.570 [info] Executing :w
2023-04-26 16:25:32.208 [info] Executing :w
2023-04-26 16:25:32.714 [info] Executing :w
2023-04-26 16:25:33.250 [info] Executing :w
2023-04-26 16:25:46.644 [info] Executing :w
2023-04-26 16:27:15.522 [info] Executing :w
2023-04-26 16:27:17.039 [info] Executing :w
2023-04-26 16:27:58.851 [info] Executing :w
2023-04-26 16:28:22.065 [info] Executing :w
2023-04-26 16:28:22.689 [info] Executing :w
2023-04-26 16:28:26.059 [info] Executing :w
2023-04-26 16:28:26.717 [info] Executing :w
2023-04-26 16:28:46.581 [info] Executing :w
2023-04-26 16:28:48.043 [info] Executing :w
2023-04-26 16:28:48.608 [info] Executing :w
2023-04-26 16:28:49.198 [info] Executing :w
2023-04-26 16:29:06.068 [info] Executing :w
2023-04-26 16:29:06.697 [info] Executing :w
2023-04-26 16:29:07.371 [info] Executing :w
2023-04-26 16:29:12.681 [info] Executing :w
2023-04-26 16:29:20.174 [info] Executing :w
2023-04-26 16:29:20.792 [info] Executing :w
2023-04-26 16:29:25.627 [info] Executing :w
2023-04-26 16:29:26.203 [info] Executing :w
2023-04-26 16:29:26.744 [info] Executing :w
2023-04-26 16:30:11.962 [info] Executing :w
2023-04-26 16:30:38.297 [info] Executing :w
2023-04-26 16:30:39.047 [info] Executing :w
2023-04-26 16:30:39.590 [info] Executing :w
2023-04-26 16:30:43.488 [info] Executing :w
2023-04-26 16:30:44.074 [info] Executing :w
2023-04-26 16:52:07.416 [info] Executing :r!ls pics
2023-04-26 17:18:01.799 [info] Executing :w
2023-04-26 17:18:02.356 [info] Executing :w
2023-04-26 17:18:02.922 [info] Executing :w
2023-04-26 17:18:45.325 [info] Executing :w
2023-04-26 17:27:52.816 [info] Executing :w
2023-04-26 17:34:23.968 [info] Executing :w
2023-04-26 17:39:57.019 [info] Executing :w
2023-04-26 17:39:57.665 [info] Executing :w
2023-04-26 17:39:59.697 [info] Executing :w
2023-04-26 17:40:11.398 [info] Executing :w
2023-04-26 17:40:11.987 [info] Executing :w
2023-04-26 17:40:12.590 [info] Executing :w
2023-04-26 17:40:14.109 [info] Executing :w
2023-04-26 17:40:20.445 [info] Executing :w
2023-04-26 17:40:21.042 [info] Executing :w
2023-04-26 17:40:47.764 [info] Executing :w
2023-04-26 17:40:48.383 [info] Executing :w
2023-04-26 17:41:10.877 [info] Executing :w
2023-04-26 17:41:11.486 [info] Executing :w
2023-04-26 17:41:12.027 [info] Executing :w
2023-04-26 17:41:16.510 [info] Executing :w
2023-04-26 17:41:17.123 [info] Executing :w
2023-04-26 17:41:31.548 [info] Executing :w
2023-04-26 17:41:43.288 [info] Executing :w
2023-04-26 17:41:59.114 [info] Executing :w
2023-04-26 17:42:02.007 [info] Executing :w
2023-04-26 17:42:02.649 [info] Executing :w
2023-04-26 17:42:45.028 [info] Executing :w
2023-04-26 17:42:45.567 [info] Executing :w
2023-04-26 17:42:46.206 [info] Executing :w
2023-04-26 17:42:51.319 [info] Executing :w
2023-04-26 17:42:51.930 [info] Executing :w
2023-04-26 17:42:58.092 [info] Executing :w
2023-04-26 17:42:58.700 [info] Executing :w
2023-04-26 17:42:59.364 [info] Executing :w
2023-04-26 17:43:48.350 [info] Executing :w
2023-04-26 17:43:48.932 [info] Executing :w
2023-04-26 17:43:49.487 [info] Executing :w
2023-04-26 17:43:50.044 [info] Executing :w
2023-04-26 17:44:00.343 [info] Executing :w
2023-04-26 17:44:14.286 [info] Executing :w
2023-04-26 17:44:39.112 [info] Executing :w
2023-04-26 17:44:39.748 [info] Executing :w
2023-04-26 17:44:42.736 [info] Executing :w
2023-04-26 17:44:43.321 [info] Executing :w
2023-04-26 17:44:44.313 [info] Executing :w
2023-04-26 17:44:44.877 [info] Executing :w
2023-04-26 17:44:51.212 [info] Executing :w
2023-04-26 17:44:56.874 [info] Executing :w
2023-04-26 17:44:57.393 [info] Executing :w
2023-04-26 17:44:57.933 [info] Executing :w
2023-04-26 17:44:58.639 [info] Executing :w
2023-04-26 17:44:59.144 [info] Executing :w
2023-04-26 17:45:01.866 [info] Executing :w
2023-04-26 17:45:02.365 [info] Executing :w
2023-04-26 17:45:02.882 [info] Executing :w
2023-04-26 17:45:06.841 [info] Executing :w
2023-04-26 17:45:07.419 [info] Executing :w
2023-04-26 17:45:11.328 [info] Executing :w
2023-04-26 17:45:11.873 [info] Executing :w
2023-04-26 17:45:22.654 [info] Executing :w
2023-04-26 17:45:23.188 [info] Executing :w
2023-04-26 17:45:23.701 [info] Executing :w
2023-04-26 17:45:24.285 [info] Executing :w
2023-04-26 17:45:26.799 [info] Executing :w
2023-04-26 17:45:27.287 [info] Executing :w
2023-04-26 17:45:42.798 [info] Executing :w
2023-04-26 17:45:53.937 [info] Executing :w
2023-04-26 17:46:25.712 [info] Executing :w
2023-04-26 17:46:26.254 [info] Executing :w
2023-04-26 17:46:28.313 [info] Executing :w
2023-04-26 17:46:28.859 [info] Executing :w
2023-04-26 17:46:44.819 [info] Executing :w
2023-04-26 17:46:53.693 [info] Executing :w
2023-04-26 17:47:20.767 [info] Executing :w
2023-04-26 17:47:32.073 [info] Executing :w
2023-04-26 17:47:32.607 [info] Executing :w
2023-04-26 17:47:33.133 [info] Executing :w
2023-04-26 17:47:45.864 [info] Executing :w
2023-04-26 17:47:59.230 [info] Executing :w
2023-04-26 17:48:09.475 [info] Executing :w
2023-04-26 17:48:10.012 [info] Executing :w
2023-04-26 17:48:10.514 [info] Executing :w
2023-04-26 17:48:11.003 [info] Executing :w
2023-04-26 17:48:11.787 [info] Executing :w
2023-04-26 17:48:12.342 [info] Executing :w
2023-04-26 17:48:13.362 [info] Executing :w
2023-04-26 17:48:13.930 [info] Executing :w
2023-04-26 17:48:16.338 [info] Executing :w
2023-04-26 17:48:21.073 [info] Executing :w
2023-04-26 17:48:22.078 [info] Executing :w
2023-04-26 17:48:47.652 [info] Executing :w
2023-04-26 17:49:24.066 [info] Executing :w
2023-04-26 17:49:39.271 [info] Executing :w
2023-04-26 17:49:39.776 [info] Executing :w
2023-04-26 17:49:40.740 [info] Executing :w
2023-04-26 17:49:57.561 [info] Executing :w
2023-04-26 17:50:03.029 [info] Executing :w
2023-04-26 17:50:03.559 [info] Executing :w
2023-04-26 17:50:11.094 [info] Executing :w
2023-04-26 17:50:17.972 [info] Executing :w
2023-04-26 17:50:27.358 [info] Executing :w
2023-04-26 17:50:33.339 [info] Executing :w
2023-04-26 17:50:44.757 [info] Executing :w
2023-04-26 17:50:45.298 [info] Executing :w
2023-04-26 17:50:45.773 [info] Executing :w
2023-04-26 17:50:46.280 [info] Executing :w
2023-04-26 17:51:17.931 [info] Executing :w
2023-04-26 17:51:48.352 [info] Executing :w
2023-04-26 17:51:55.274 [info] Executing :w
2023-04-26 17:51:55.854 [info] Executing :w
2023-04-26 17:51:56.641 [info] Executing :w
2023-04-26 17:52:09.884 [info] Executing :w
2023-04-26 17:52:46.707 [info] Executing :w
2023-04-26 17:52:47.339 [info] Executing :w
2023-04-26 17:52:48.027 [info] Executing :w
2023-04-26 17:55:37.031 [info] Executing :w
2023-04-26 17:55:37.537 [info] Executing :w
2023-04-26 17:55:38.035 [info] Executing :w
2023-04-26 17:55:38.878 [info] Executing :w
2023-04-26 17:55:39.364 [info] Executing :w
2023-04-26 17:55:39.879 [info] Executing :w
2023-04-26 17:56:07.604 [info] Searching for paragraph
2023-04-26 17:56:11.348 [info] Executing :w
2023-04-26 17:56:33.212 [info] Executing :w
2023-04-26 17:56:33.755 [info] Executing :w
2023-04-26 17:56:34.252 [info] Executing :w
2023-04-26 17:56:34.750 [info] Executing :w
2023-04-26 17:56:35.707 [info] Executing :w
2023-04-26 17:56:36.221 [info] Executing :w
2023-04-26 17:56:49.382 [info] Executing :w
2023-04-26 17:56:49.942 [info] Executing :w
2023-04-26 17:58:28.934 [info] Executing :w
2023-04-26 17:58:29.480 [info] Executing :w
2023-04-26 17:58:30.250 [info] Executing :w
2023-04-26 17:58:30.726 [info] Executing :w
2023-04-26 18:00:26.470 [info] Executing :w
2023-04-26 18:00:27.661 [info] Executing :w
2023-04-26 18:00:31.062 [info] Executing :w
2023-04-26 18:00:31.527 [info] Executing :w
2023-04-26 18:00:32.012 [info] Executing :w
2023-04-26 18:02:50.135 [info] Executing :w
2023-04-26 18:05:25.423 [info] Executing :w
2023-04-26 18:05:26.029 [info] Executing :w
2023-04-26 18:06:10.022 [info] Executing :w
2023-04-26 18:06:10.602 [info] Executing :w
2023-04-26 18:06:11.150 [info] Executing :w
2023-04-26 18:06:20.449 [info] Executing :w
2023-04-26 18:06:20.983 [info] Executing :w
2023-04-26 18:06:21.471 [info] Executing :w
2023-04-26 18:06:58.073 [info] Executing :w
2023-04-26 18:06:58.598 [info] Executing :w
2023-04-26 18:06:59.139 [info] Executing :w
2023-04-26 18:06:59.676 [info] Executing :w
2023-04-26 18:07:00.236 [info] Executing :w
2023-04-26 18:07:58.444 [info] Executing :w
2023-04-26 18:07:58.956 [info] Executing :w
2023-04-26 18:07:59.433 [info] Executing :w
2023-04-26 18:08:00.299 [info] Executing :w
2023-04-26 18:08:00.806 [info] Executing :w
2023-04-26 18:09:05.282 [info] Executing :w
2023-04-26 18:09:05.818 [info] Executing :w
2023-04-26 18:09:06.343 [info] Executing :w
2023-04-26 18:09:06.872 [info] Executing :w
2023-04-26 18:09:07.405 [info] Executing :w
2023-04-26 18:09:08.176 [info] Executing :w
2023-04-26 18:09:08.731 [info] Executing :w
2023-04-26 18:09:17.783 [info] Executing :w
2023-04-26 18:09:18.356 [info] Executing :w
2023-04-26 18:09:18.888 [info] Executing :w
2023-04-26 18:10:31.113 [info] Executing :w
2023-04-26 18:10:31.733 [info] Executing :w
