00:00:00.000130 main     VirtualBox XPCOM Server 7.0.6 r155176 linux.amd64 (Jan 17 2023 21:23:05) release log
00:00:00.000131 main     Log opened 2023-03-30T19:05:44.002970000Z
00:00:00.000131 main     Build Type: release
00:00:00.000133 main     OS Product: Linux
00:00:00.000133 main     OS Release: 5.10.167-1-MANJARO
00:00:00.000133 main     OS Version: #1 SMP PREEMPT Mon Feb 6 11:20:09 UTC 2023
00:00:00.000147 main     DMI Product Name: System Product Name
00:00:00.000150 main     DMI Product Version: System Version
00:00:00.000152 main     Firmware type: UEFI
00:00:00.000337 main     Secure Boot: Disabled
00:00:00.000392 main     Host RAM: 128619MB (125.6GB) total, 123735MB (120.8GB) available
00:00:00.000394 main     Executable: /usr/lib/virtualbox/VBoxSVC
00:00:00.000394 main     Process ID: 14364
00:00:00.000394 main     Package type: LINUX_64BITS_GENERIC (OSE)
00:00:00.001230 main     IPC socket path: /tmp/.vbox-rafe-ipc/ipcd
00:00:00.104948 nspr-2   VirtualBox: object creation starts
00:00:00.105001 nspr-2   Home directory: '/home/rafe/.config/VirtualBox'
00:00:00.105076 nspr-2   Loading settings file "/home/rafe/.config/VirtualBox/VirtualBox.xml" with version "1.12-linux"
00:00:00.111827 nspr-2   NetIfAdpCtlOut: VBoxNetAdpCtl: Error while retrieving link speed for wlo1: VBoxNetAdpCtl: ioctl failed: Operation not supported
00:00:00.124027 nspr-2   NetIfAdpCtlOut: VBoxNetAdpCtl: Error while retrieving link status for vmnet1: VBoxNetAdpCtl: ioctl failed: Operation not supported
00:00:00.130844 nspr-2   NetIfAdpCtlOut: VBoxNetAdpCtl: Error while retrieving link status for vmnet8: VBoxNetAdpCtl: ioctl failed: Operation not supported
00:00:00.131414 nspr-2   HostDnsMonitor: initializing
00:00:00.131586 nspr-2   NAT: resolv.conf: nameserver 192.168.0.1
00:00:00.131594 nspr-2   HostDnsMonitor: updating information
00:00:00.131600 nspr-2   HostDnsMonitor: old information
00:00:00.131601 nspr-2     no server entries
00:00:00.131602 nspr-2     no domain set
00:00:00.131603 nspr-2     no search string entries
00:00:00.131604 nspr-2   HostDnsMonitor: new information
00:00:00.131605 nspr-2     server 1: 192.168.0.1
00:00:00.131606 nspr-2     domain: home
00:00:00.131607 nspr-2     search string 1: home
00:00:00.133025 nspr-2   VD: VDInit finished with VINF_SUCCESS
00:00:00.133066 nspr-2   ERROR [COM]: aRC=NS_ERROR_FAILURE (0x80004005) aIID={aac6c7cb-a371-4c58-ab51-0616896b2f2c} aComponent={SystemPropertiesWrap} aText={Cannot determine default Guest Additions ISO location. Most likely they are not available}, preserve=false aResultDetail=0
00:00:00.133374 nspr-2   Loading settings file "/home/rafe/VirtualBox VMs/Ass6/Ass6.vbox" with version "1.16-linux"
00:00:00.133780 nspr-2   Loading settings file "/home/rafe/VirtualBox VMs/KubeTest/KubeTest.vbox" with version "1.19-linux"
00:00:00.134158 nspr-2   VirtualBox: object created
00:00:00.517660 nspr-4   WARNING [COM]: aRC=NS_ERROR_FAILURE (0x80004005) aIID={e54f6256-97a7-4947-8a78-10c013ddf4b8} aComponent={HostWrap} aText={VirtualBox is not currently allowed to access USB devices.  You can change this by adding your user to the 'vboxusers' group.  Please see the user manual for a more detailed explanation}, preserve=true aResultDetail=0
00:00:00.518557 nspr-4   WARNING [COM]: aRC=NS_ERROR_FAILURE (0x80004005) aIID={e54f6256-97a7-4947-8a78-10c013ddf4b8} aComponent={HostWrap} aText={VirtualBox is not currently allowed to access USB devices.  You can change this by adding your user to the 'vboxusers' group.  Please see the user manual for a more detailed explanation}, preserve=false aResultDetail=0
00:00:00.553621 nspr-4   ERROR [COM]: aRC=VBOX_E_INVALID_VM_STATE (0x80bb0002) aIID={300763af-5d6b-46e6-aa96-273eac15538a} aComponent={MachineWrap} aText={The machine is not mutable (state is PoweredOff)}, preserve=false aResultDetail=0
00:00:00.642144 nspr-4   WARNING [COM]: aRC=NS_ERROR_FAILURE (0x80004005) aIID={e54f6256-97a7-4947-8a78-10c013ddf4b8} aComponent={HostWrap} aText={VirtualBox is not currently allowed to access USB devices.  You can change this by adding your user to the 'vboxusers' group.  Please see the user manual for a more detailed explanation}, preserve=true aResultDetail=0
00:00:00.642579 nspr-4   WARNING [COM]: aRC=NS_ERROR_FAILURE (0x80004005) aIID={e54f6256-97a7-4947-8a78-10c013ddf4b8} aComponent={HostWrap} aText={VirtualBox is not currently allowed to access USB devices.  You can change this by adding your user to the 'vboxusers' group.  Please see the user manual for a more detailed explanation}, preserve=true aResultDetail=0
00:00:00.791206 nspr-3   Saving settings file "/home/rafe/.config/VirtualBox/VirtualBox.xml" with version "1.12-linux"
00:00:00.803136 nspr-3   Finished saving settings file "/home/rafe/.config/VirtualBox/VirtualBox.xml"
00:00:06.471411 nspr-4   Saving settings file "/home/rafe/.config/VirtualBox/VirtualBox.xml" with version "1.12-linux"
00:00:06.483254 nspr-4   Finished saving settings file "/home/rafe/.config/VirtualBox/VirtualBox.xml"
00:00:06.483306 nspr-4   Saving settings file "/home/rafe/.config/VirtualBox/VirtualBox.xml" with version "1.12-linux"
00:00:06.488355 nspr-4   Finished saving settings file "/home/rafe/.config/VirtualBox/VirtualBox.xml"
00:00:06.490014 DeleteVM Saving settings file "/home/rafe/.config/VirtualBox/VirtualBox.xml" with version "1.12-linux"
00:00:06.495140 DeleteVM Finished saving settings file "/home/rafe/.config/VirtualBox/VirtualBox.xml"
00:00:06.495736 nspr-2   Saving settings file "/home/rafe/.config/VirtualBox/VirtualBox.xml" with version "1.12-linux"
00:00:06.500869 nspr-2   Finished saving settings file "/home/rafe/.config/VirtualBox/VirtualBox.xml"
00:00:06.504425 nspr-5   ERROR [COM]: aRC=VBOX_E_OBJECT_NOT_FOUND (0x80bb0001) aIID={7682d5eb-f00e-44f1-8ca2-99d08b1cd607} aComponent={VirtualBoxWrap} aText={Could not find a registered machine with UUID {73998c17-202e-4a0a-8580-8164fea12049}}, preserve=false aResultDetail=0
00:00:06.511556 nspr-4   ERROR [COM]: aRC=VBOX_E_OBJECT_NOT_FOUND (0x80bb0001) aIID={7682d5eb-f00e-44f1-8ca2-99d08b1cd607} aComponent={VirtualBoxWrap} aText={Could not find a registered machine with UUID {73998c17-202e-4a0a-8580-8164fea12049}}, preserve=false aResultDetail=0
00:00:06.518938 nspr-4   WARNING [COM]: aRC=NS_ERROR_FAILURE (0x80004005) aIID={e54f6256-97a7-4947-8a78-10c013ddf4b8} aComponent={HostWrap} aText={VirtualBox is not currently allowed to access USB devices.  You can change this by adding your user to the 'vboxusers' group.  Please see the user manual for a more detailed explanation}, preserve=true aResultDetail=0
00:00:06.525433 nspr-4   ERROR [COM]: aRC=VBOX_E_INVALID_VM_STATE (0x80bb0002) aIID={300763af-5d6b-46e6-aa96-273eac15538a} aComponent={MachineWrap} aText={The machine is not mutable (state is PoweredOff)}, preserve=false aResultDetail=0
00:00:06.537063 nspr-4   WARNING [COM]: aRC=NS_ERROR_FAILURE (0x80004005) aIID={e54f6256-97a7-4947-8a78-10c013ddf4b8} aComponent={HostWrap} aText={VirtualBox is not currently allowed to access USB devices.  You can change this by adding your user to the 'vboxusers' group.  Please see the user manual for a more detailed explanation}, preserve=true aResultDetail=0
00:00:06.537510 nspr-4   WARNING [COM]: aRC=NS_ERROR_FAILURE (0x80004005) aIID={e54f6256-97a7-4947-8a78-10c013ddf4b8} aComponent={HostWrap} aText={VirtualBox is not currently allowed to access USB devices.  You can change this by adding your user to the 'vboxusers' group.  Please see the user manual for a more detailed explanation}, preserve=true aResultDetail=0
00:00:18.664525 nspr-3   ERROR [COM]: aRC=NS_ERROR_FAILURE (0x80004005) aIID={aac6c7cb-a371-4c58-ab51-0616896b2f2c} aComponent={SystemPropertiesWrap} aText={Cannot determine default Guest Additions ISO location. Most likely they are not available}, preserve=false aResultDetail=0
00:01:11.094431 createBase Saving settings file "/home/rafe/.config/VirtualBox/VirtualBox.xml" with version "1.12-linux"
00:01:11.106235 createBase Finished saving settings file "/home/rafe/.config/VirtualBox/VirtualBox.xml"
00:01:11.109056 nspr-3   WARNING [COM]: aRC=NS_ERROR_FAILURE (0x80004005) aIID={e54f6256-97a7-4947-8a78-10c013ddf4b8} aComponent={HostWrap} aText={VirtualBox is not currently allowed to access USB devices.  You can change this by adding your user to the 'vboxusers' group.  Please see the user manual for a more detailed explanation}, preserve=true aResultDetail=0
00:01:11.109607 nspr-3   Saving settings file "/home/rafe/VirtualBox VMs/kubetest/kubetest.vbox" with version "1.19-linux"
00:01:11.116850 nspr-3   Finished saving settings file "/home/rafe/VirtualBox VMs/kubetest/kubetest.vbox"
00:01:11.116901 nspr-3   Saving settings file "/home/rafe/.config/VirtualBox/VirtualBox.xml" with version "1.12-linux"
00:01:11.121795 nspr-3   Finished saving settings file "/home/rafe/.config/VirtualBox/VirtualBox.xml"
00:01:11.122701 nspr-2   Saving settings file "/home/rafe/.config/VirtualBox/VirtualBox.xml" with version "1.12-linux"
00:01:11.127896 nspr-2   Finished saving settings file "/home/rafe/.config/VirtualBox/VirtualBox.xml"
00:01:11.128373 nspr-2   Saving settings file "/home/rafe/VirtualBox VMs/kubetest/kubetest.vbox" with version "1.19-linux"
00:01:11.133311 nspr-2   Finished saving settings file "/home/rafe/VirtualBox VMs/kubetest/kubetest.vbox"
00:01:11.142018 nspr-2   UnattendedInstaller::initInstaller: UnattendedInstaller::savePassedData(): 
00:01:11.142035 nspr-2   ERROR [COM]: aRC=VBOX_E_OBJECT_NOT_FOUND (0x80bb0001) aIID={6f89464f-7773-436a-a4df-592e4e537fa0} aComponent={UnattendedWrap} aText={Failed to open '/usr/share/virtualbox/UnattendedTemplates/ubuntu_preseed.cfg' (VERR_FILE_NOT_FOUND)}, preserve=false aResultDetail=-102
00:01:11.149177 nspr-2   Saving settings file "/home/rafe/.config/VirtualBox/VirtualBox.xml" with version "1.12-linux"
00:01:11.154324 nspr-2   Finished saving settings file "/home/rafe/.config/VirtualBox/VirtualBox.xml"
00:01:11.172206 nspr-5   WARNING [COM]: aRC=NS_ERROR_FAILURE (0x80004005) aIID={e54f6256-97a7-4947-8a78-10c013ddf4b8} aComponent={HostWrap} aText={VirtualBox is not currently allowed to access USB devices.  You can change this by adding your user to the 'vboxusers' group.  Please see the user manual for a more detailed explanation}, preserve=true aResultDetail=0
00:01:11.184612 nspr-4   ERROR [COM]: aRC=VBOX_E_INVALID_VM_STATE (0x80bb0002) aIID={300763af-5d6b-46e6-aa96-273eac15538a} aComponent={MachineWrap} aText={The machine is not mutable (state is PoweredOff)}, preserve=false aResultDetail=0
00:01:11.193849 nspr-5   WARNING [COM]: aRC=NS_ERROR_FAILURE (0x80004005) aIID={e54f6256-97a7-4947-8a78-10c013ddf4b8} aComponent={HostWrap} aText={VirtualBox is not currently allowed to access USB devices.  You can change this by adding your user to the 'vboxusers' group.  Please see the user manual for a more detailed explanation}, preserve=true aResultDetail=0
00:01:11.194281 nspr-5   WARNING [COM]: aRC=NS_ERROR_FAILURE (0x80004005) aIID={e54f6256-97a7-4947-8a78-10c013ddf4b8} aComponent={HostWrap} aText={VirtualBox is not currently allowed to access USB devices.  You can change this by adding your user to the 'vboxusers' group.  Please see the user manual for a more detailed explanation}, preserve=true aResultDetail=0
00:01:38.773735 nspr-2   Saving settings file "/home/rafe/.config/VirtualBox/VirtualBox.xml" with version "1.12-linux"
00:01:38.785653 nspr-2   Finished saving settings file "/home/rafe/.config/VirtualBox/VirtualBox.xml"
00:01:41.391498 nspr-4   Saving settings file "/home/rafe/.config/VirtualBox/VirtualBox.xml" with version "1.12-linux"
00:01:41.399545 nspr-4   Finished saving settings file "/home/rafe/.config/VirtualBox/VirtualBox.xml"
00:02:25.972145 nspr-5   Saving settings file "/home/rafe/.config/VirtualBox/VirtualBox.xml" with version "1.12-linux"
00:02:25.980125 nspr-5   Finished saving settings file "/home/rafe/.config/VirtualBox/VirtualBox.xml"
00:02:30.249821 nspr-3   Saving settings file "/home/rafe/.config/VirtualBox/VirtualBox.xml" with version "1.12-linux"
00:02:30.257879 nspr-3   Finished saving settings file "/home/rafe/.config/VirtualBox/VirtualBox.xml"
00:08:02.485863 nspr-5   ERROR [COM]: aRC=NS_ERROR_FAILURE (0x80004005) aIID={aac6c7cb-a371-4c58-ab51-0616896b2f2c} aComponent={SystemPropertiesWrap} aText={Cannot determine default Guest Additions ISO location. Most likely they are not available}, preserve=false aResultDetail=0
00:08:02.485989 nspr-5   ERROR [COM]: aRC=VBOX_E_OBJECT_NOT_FOUND (0x80bb0001) aIID={7682d5eb-f00e-44f1-8ca2-99d08b1cd607} aComponent={VirtualBoxWrap} aText={Could not find a registered machine named 'KubeTest'}, preserve=false aResultDetail=0
00:10:59.132990 nspr-4   Saving settings file "/home/rafe/.config/VirtualBox/VirtualBox.xml" with version "1.12-linux"
00:10:59.145430 nspr-4   Finished saving settings file "/home/rafe/.config/VirtualBox/VirtualBox.xml"
00:11:59.165059 nspr-5   Saving settings file "/home/rafe/.config/VirtualBox/VirtualBox.xml" with version "1.12-linux"
00:11:59.173437 nspr-5   Finished saving settings file "/home/rafe/.config/VirtualBox/VirtualBox.xml"
00:12:03.299028 nspr-2   Saving settings file "/home/rafe/.config/VirtualBox/VirtualBox.xml" with version "1.12-linux"
00:12:03.307125 nspr-2   Finished saving settings file "/home/rafe/.config/VirtualBox/VirtualBox.xml"
00:12:03.307184 nspr-2   Saving settings file "/home/rafe/.config/VirtualBox/VirtualBox.xml" with version "1.12-linux"
00:12:03.312682 nspr-2   Finished saving settings file "/home/rafe/.config/VirtualBox/VirtualBox.xml"
00:12:03.314435 DeleteVM Saving settings file "/home/rafe/.config/VirtualBox/VirtualBox.xml" with version "1.12-linux"
00:12:03.319788 DeleteVM Finished saving settings file "/home/rafe/.config/VirtualBox/VirtualBox.xml"
00:12:03.320502 nspr-2   Saving settings file "/home/rafe/.config/VirtualBox/VirtualBox.xml" with version "1.12-linux"
00:12:03.325784 nspr-2   Finished saving settings file "/home/rafe/.config/VirtualBox/VirtualBox.xml"
00:12:03.329291 nspr-4   ERROR [COM]: aRC=VBOX_E_OBJECT_NOT_FOUND (0x80bb0001) aIID={7682d5eb-f00e-44f1-8ca2-99d08b1cd607} aComponent={VirtualBoxWrap} aText={Could not find a registered machine with UUID {d2541edf-f7c4-4e7c-b9df-101d07d82b87}}, preserve=false aResultDetail=0
00:12:03.336440 nspr-3   ERROR [COM]: aRC=VBOX_E_OBJECT_NOT_FOUND (0x80bb0001) aIID={7682d5eb-f00e-44f1-8ca2-99d08b1cd607} aComponent={VirtualBoxWrap} aText={Could not find a registered machine with UUID {d2541edf-f7c4-4e7c-b9df-101d07d82b87}}, preserve=false aResultDetail=0
00:12:03.343125 nspr-4   WARNING [COM]: aRC=NS_ERROR_FAILURE (0x80004005) aIID={e54f6256-97a7-4947-8a78-10c013ddf4b8} aComponent={HostWrap} aText={VirtualBox is not currently allowed to access USB devices.  You can change this by adding your user to the 'vboxusers' group.  Please see the user manual for a more detailed explanation}, preserve=true aResultDetail=0
00:12:03.351409 nspr-4   ERROR [COM]: aRC=VBOX_E_INVALID_VM_STATE (0x80bb0002) aIID={300763af-5d6b-46e6-aa96-273eac15538a} aComponent={MachineWrap} aText={The machine is not mutable (state is PoweredOff)}, preserve=false aResultDetail=0
00:12:03.362776 nspr-4   WARNING [COM]: aRC=NS_ERROR_FAILURE (0x80004005) aIID={e54f6256-97a7-4947-8a78-10c013ddf4b8} aComponent={HostWrap} aText={VirtualBox is not currently allowed to access USB devices.  You can change this by adding your user to the 'vboxusers' group.  Please see the user manual for a more detailed explanation}, preserve=true aResultDetail=0
00:12:03.363232 nspr-4   WARNING [COM]: aRC=NS_ERROR_FAILURE (0x80004005) aIID={e54f6256-97a7-4947-8a78-10c013ddf4b8} aComponent={HostWrap} aText={VirtualBox is not currently allowed to access USB devices.  You can change this by adding your user to the 'vboxusers' group.  Please see the user manual for a more detailed explanation}, preserve=true aResultDetail=0
00:12:04.681115 nspr-3   ERROR [COM]: aRC=NS_ERROR_FAILURE (0x80004005) aIID={aac6c7cb-a371-4c58-ab51-0616896b2f2c} aComponent={SystemPropertiesWrap} aText={Cannot determine default Guest Additions ISO location. Most likely they are not available}, preserve=false aResultDetail=0
00:12:51.557937 createBase Saving settings file "/home/rafe/.config/VirtualBox/VirtualBox.xml" with version "1.12-linux"
00:12:51.565328 createBase Finished saving settings file "/home/rafe/.config/VirtualBox/VirtualBox.xml"
00:12:51.568018 nspr-5   WARNING [COM]: aRC=NS_ERROR_FAILURE (0x80004005) aIID={e54f6256-97a7-4947-8a78-10c013ddf4b8} aComponent={HostWrap} aText={VirtualBox is not currently allowed to access USB devices.  You can change this by adding your user to the 'vboxusers' group.  Please see the user manual for a more detailed explanation}, preserve=true aResultDetail=0
00:12:51.568596 nspr-5   Saving settings file "/home/rafe/VirtualBox VMs/KubeTest/KubeTest.vbox" with version "1.19-linux"
00:12:51.573845 nspr-5   Finished saving settings file "/home/rafe/VirtualBox VMs/KubeTest/KubeTest.vbox"
00:12:51.573902 nspr-5   Saving settings file "/home/rafe/.config/VirtualBox/VirtualBox.xml" with version "1.12-linux"
00:12:51.578432 nspr-5   Finished saving settings file "/home/rafe/.config/VirtualBox/VirtualBox.xml"
00:12:51.579438 nspr-3   Saving settings file "/home/rafe/.config/VirtualBox/VirtualBox.xml" with version "1.12-linux"
00:12:51.584326 nspr-3   Finished saving settings file "/home/rafe/.config/VirtualBox/VirtualBox.xml"
00:12:51.584815 nspr-3   Saving settings file "/home/rafe/VirtualBox VMs/KubeTest/KubeTest.vbox" with version "1.19-linux"
00:12:51.589782 nspr-3   Finished saving settings file "/home/rafe/VirtualBox VMs/KubeTest/KubeTest.vbox"
00:12:51.597788 nspr-5   UnattendedInstaller::initInstaller: UnattendedInstaller::savePassedData(): 
00:12:51.597832 nspr-5   ERROR [COM]: aRC=VBOX_E_OBJECT_NOT_FOUND (0x80bb0001) aIID={6f89464f-7773-436a-a4df-592e4e537fa0} aComponent={UnattendedWrap} aText={Failed to open '/usr/share/virtualbox/UnattendedTemplates/debian_postinstall.sh' (VERR_FILE_NOT_FOUND)}, preserve=false aResultDetail=-102
00:12:51.605669 nspr-4   Saving settings file "/home/rafe/.config/VirtualBox/VirtualBox.xml" with version "1.12-linux"
00:12:51.610747 nspr-4   Finished saving settings file "/home/rafe/.config/VirtualBox/VirtualBox.xml"
00:12:51.632968 nspr-2   WARNING [COM]: aRC=NS_ERROR_FAILURE (0x80004005) aIID={e54f6256-97a7-4947-8a78-10c013ddf4b8} aComponent={HostWrap} aText={VirtualBox is not currently allowed to access USB devices.  You can change this by adding your user to the 'vboxusers' group.  Please see the user manual for a more detailed explanation}, preserve=true aResultDetail=0
00:12:51.643468 nspr-5   ERROR [COM]: aRC=VBOX_E_INVALID_VM_STATE (0x80bb0002) aIID={300763af-5d6b-46e6-aa96-273eac15538a} aComponent={MachineWrap} aText={The machine is not mutable (state is PoweredOff)}, preserve=false aResultDetail=0
00:12:51.656209 nspr-2   WARNING [COM]: aRC=NS_ERROR_FAILURE (0x80004005) aIID={e54f6256-97a7-4947-8a78-10c013ddf4b8} aComponent={HostWrap} aText={VirtualBox is not currently allowed to access USB devices.  You can change this by adding your user to the 'vboxusers' group.  Please see the user manual for a more detailed explanation}, preserve=true aResultDetail=0
00:12:51.656679 nspr-2   WARNING [COM]: aRC=NS_ERROR_FAILURE (0x80004005) aIID={e54f6256-97a7-4947-8a78-10c013ddf4b8} aComponent={HostWrap} aText={VirtualBox is not currently allowed to access USB devices.  You can change this by adding your user to the 'vboxusers' group.  Please see the user manual for a more detailed explanation}, preserve=true aResultDetail=0
00:19:06.308681 nspr-4   WARNING [COM]: aRC=NS_ERROR_FAILURE (0x80004005) aIID={e54f6256-97a7-4947-8a78-10c013ddf4b8} aComponent={HostWrap} aText={VirtualBox is not currently allowed to access USB devices.  You can change this by adding your user to the 'vboxusers' group.  Please see the user manual for a more detailed explanation}, preserve=true aResultDetail=0
00:19:06.657722 nspr-3   ERROR [COM]: aRC=VBOX_E_OBJECT_NOT_FOUND (0x80bb0001) aIID={5bfd8965-b81b-469f-8649-f717ce97a5d5} aComponent={NvramStoreWrap} aText={The UEFI NVRAM file is not existing for this machine.}, preserve=false aResultDetail=0
00:19:06.667041 nspr-4   NetIfAdpCtlOut: VBoxNetAdpCtl: Error while retrieving link speed for wlo1: VBoxNetAdpCtl: ioctl failed: Operation not supported
00:19:06.677906 nspr-4   NetIfAdpCtlOut: VBoxNetAdpCtl: Error while retrieving link status for vmnet1: VBoxNetAdpCtl: ioctl failed: Operation not supported
00:19:06.683664 nspr-4   NetIfAdpCtlOut: VBoxNetAdpCtl: Error while retrieving link status for vmnet8: VBoxNetAdpCtl: ioctl failed: Operation not supported
00:19:06.690963 nspr-4   NetIfAdpCtlOut: VBoxNetAdpCtl: Error while retrieving link speed for wlo1: VBoxNetAdpCtl: ioctl failed: Operation not supported
00:19:06.703541 nspr-4   NetIfAdpCtlOut: VBoxNetAdpCtl: Error while retrieving link status for vmnet1: VBoxNetAdpCtl: ioctl failed: Operation not supported
00:19:06.709439 nspr-4   NetIfAdpCtlOut: VBoxNetAdpCtl: Error while retrieving link status for vmnet8: VBoxNetAdpCtl: ioctl failed: Operation not supported
00:19:06.714304 nspr-3   WARNING [COM]: aRC=NS_ERROR_FAILURE (0x80004005) aIID={e54f6256-97a7-4947-8a78-10c013ddf4b8} aComponent={HostWrap} aText={VirtualBox is not currently allowed to access USB devices.  You can change this by adding your user to the 'vboxusers' group.  Please see the user manual for a more detailed explanation}, preserve=true aResultDetail=0
00:19:06.714493 nspr-4   WARNING [COM]: aRC=NS_ERROR_FAILURE (0x80004005) aIID={e54f6256-97a7-4947-8a78-10c013ddf4b8} aComponent={HostWrap} aText={VirtualBox is not currently allowed to access USB devices.  You can change this by adding your user to the 'vboxusers' group.  Please see the user manual for a more detailed explanation}, preserve=true aResultDetail=0
00:19:06.813632 nspr-3   ERROR [COM]: aRC=VBOX_E_INVALID_VM_STATE (0x80bb0002) aIID={300763af-5d6b-46e6-aa96-273eac15538a} aComponent={MachineWrap} aText={The machine is not mutable (state is PoweredOff)}, preserve=false aResultDetail=0
00:19:06.818995 nspr-4   WARNING [COM]: aRC=NS_ERROR_FAILURE (0x80004005) aIID={e54f6256-97a7-4947-8a78-10c013ddf4b8} aComponent={HostWrap} aText={VirtualBox is not currently allowed to access USB devices.  You can change this by adding your user to the 'vboxusers' group.  Please see the user manual for a more detailed explanation}, preserve=true aResultDetail=0
00:19:06.819418 nspr-4   WARNING [COM]: aRC=NS_ERROR_FAILURE (0x80004005) aIID={e54f6256-97a7-4947-8a78-10c013ddf4b8} aComponent={HostWrap} aText={VirtualBox is not currently allowed to access USB devices.  You can change this by adding your user to the 'vboxusers' group.  Please see the user manual for a more detailed explanation}, preserve=true aResultDetail=0
00:19:14.820269 nspr-2   Saving settings file "/home/rafe/.config/VirtualBox/VirtualBox.xml" with version "1.12-linux"
00:19:14.832660 nspr-2   Finished saving settings file "/home/rafe/.config/VirtualBox/VirtualBox.xml"
00:19:14.832706 nspr-2   Saving settings file "/home/rafe/.config/VirtualBox/VirtualBox.xml" with version "1.12-linux"
00:19:14.837906 nspr-2   Finished saving settings file "/home/rafe/.config/VirtualBox/VirtualBox.xml"
00:19:14.841388 DeleteVM Saving settings file "/home/rafe/.config/VirtualBox/VirtualBox.xml" with version "1.12-linux"
00:19:14.846498 DeleteVM Finished saving settings file "/home/rafe/.config/VirtualBox/VirtualBox.xml"
00:19:14.847009 nspr-4   Saving settings file "/home/rafe/.config/VirtualBox/VirtualBox.xml" with version "1.12-linux"
00:19:14.852186 nspr-4   Finished saving settings file "/home/rafe/.config/VirtualBox/VirtualBox.xml"
00:19:14.853171 nspr-3   ERROR [COM]: aRC=VBOX_E_OBJECT_NOT_FOUND (0x80bb0001) aIID={7682d5eb-f00e-44f1-8ca2-99d08b1cd607} aComponent={VirtualBoxWrap} aText={Could not find a registered machine with UUID {dcb10831-94ce-4866-a25d-f92e04823c59}}, preserve=false aResultDetail=0
00:19:14.861893 nspr-2   ERROR [COM]: aRC=VBOX_E_OBJECT_NOT_FOUND (0x80bb0001) aIID={7682d5eb-f00e-44f1-8ca2-99d08b1cd607} aComponent={VirtualBoxWrap} aText={Could not find a registered machine with UUID {dcb10831-94ce-4866-a25d-f92e04823c59}}, preserve=false aResultDetail=0
00:19:14.867204 nspr-2   WARNING [COM]: aRC=NS_ERROR_FAILURE (0x80004005) aIID={e54f6256-97a7-4947-8a78-10c013ddf4b8} aComponent={HostWrap} aText={VirtualBox is not currently allowed to access USB devices.  You can change this by adding your user to the 'vboxusers' group.  Please see the user manual for a more detailed explanation}, preserve=true aResultDetail=0
00:19:14.873092 nspr-2   ERROR [COM]: aRC=VBOX_E_INVALID_VM_STATE (0x80bb0002) aIID={300763af-5d6b-46e6-aa96-273eac15538a} aComponent={MachineWrap} aText={The machine is not mutable (state is PoweredOff)}, preserve=false aResultDetail=0
00:19:14.884516 nspr-2   WARNING [COM]: aRC=NS_ERROR_FAILURE (0x80004005) aIID={e54f6256-97a7-4947-8a78-10c013ddf4b8} aComponent={HostWrap} aText={VirtualBox is not currently allowed to access USB devices.  You can change this by adding your user to the 'vboxusers' group.  Please see the user manual for a more detailed explanation}, preserve=true aResultDetail=0
00:19:14.884935 nspr-2   WARNING [COM]: aRC=NS_ERROR_FAILURE (0x80004005) aIID={e54f6256-97a7-4947-8a78-10c013ddf4b8} aComponent={HostWrap} aText={VirtualBox is not currently allowed to access USB devices.  You can change this by adding your user to the 'vboxusers' group.  Please see the user manual for a more detailed explanation}, preserve=true aResultDetail=0
00:19:18.858496 nspr-5   ERROR [COM]: aRC=NS_ERROR_FAILURE (0x80004005) aIID={aac6c7cb-a371-4c58-ab51-0616896b2f2c} aComponent={SystemPropertiesWrap} aText={Cannot determine default Guest Additions ISO location. Most likely they are not available}, preserve=false aResultDetail=0
00:20:12.781809 createBase Saving settings file "/home/rafe/.config/VirtualBox/VirtualBox.xml" with version "1.12-linux"
00:20:12.793841 createBase Finished saving settings file "/home/rafe/.config/VirtualBox/VirtualBox.xml"
00:20:12.796550 nspr-4   WARNING [COM]: aRC=NS_ERROR_FAILURE (0x80004005) aIID={e54f6256-97a7-4947-8a78-10c013ddf4b8} aComponent={HostWrap} aText={VirtualBox is not currently allowed to access USB devices.  You can change this by adding your user to the 'vboxusers' group.  Please see the user manual for a more detailed explanation}, preserve=true aResultDetail=0
00:20:12.797092 nspr-4   Saving settings file "/home/rafe/VirtualBox VMs/KubeTest/KubeTest.vbox" with version "1.19-linux"
00:20:12.802088 nspr-4   Finished saving settings file "/home/rafe/VirtualBox VMs/KubeTest/KubeTest.vbox"
00:20:12.802161 nspr-4   Saving settings file "/home/rafe/.config/VirtualBox/VirtualBox.xml" with version "1.12-linux"
00:20:12.807178 nspr-4   Finished saving settings file "/home/rafe/.config/VirtualBox/VirtualBox.xml"
00:20:12.808123 nspr-2   Saving settings file "/home/rafe/.config/VirtualBox/VirtualBox.xml" with version "1.12-linux"
00:20:12.813205 nspr-2   Finished saving settings file "/home/rafe/.config/VirtualBox/VirtualBox.xml"
00:20:12.813704 nspr-2   Saving settings file "/home/rafe/VirtualBox VMs/KubeTest/KubeTest.vbox" with version "1.19-linux"
00:20:12.818696 nspr-2   Finished saving settings file "/home/rafe/VirtualBox VMs/KubeTest/KubeTest.vbox"
00:20:12.828264 nspr-2   UnattendedInstaller::initInstaller: UnattendedInstaller::savePassedData(): 
00:20:12.828291 nspr-2   ERROR [COM]: aRC=VBOX_E_OBJECT_NOT_FOUND (0x80bb0001) aIID={6f89464f-7773-436a-a4df-592e4e537fa0} aComponent={UnattendedWrap} aText={Failed to open '/usr/share/virtualbox/UnattendedTemplates/debian_postinstall.sh' (VERR_FILE_NOT_FOUND)}, preserve=false aResultDetail=-102
00:20:12.836862 nspr-2   Saving settings file "/home/rafe/.config/VirtualBox/VirtualBox.xml" with version "1.12-linux"
00:20:12.842030 nspr-2   Finished saving settings file "/home/rafe/.config/VirtualBox/VirtualBox.xml"
00:20:12.856695 nspr-3   WARNING [COM]: aRC=NS_ERROR_FAILURE (0x80004005) aIID={e54f6256-97a7-4947-8a78-10c013ddf4b8} aComponent={HostWrap} aText={VirtualBox is not currently allowed to access USB devices.  You can change this by adding your user to the 'vboxusers' group.  Please see the user manual for a more detailed explanation}, preserve=true aResultDetail=0
00:20:12.867321 nspr-4   ERROR [COM]: aRC=VBOX_E_INVALID_VM_STATE (0x80bb0002) aIID={300763af-5d6b-46e6-aa96-273eac15538a} aComponent={MachineWrap} aText={The machine is not mutable (state is PoweredOff)}, preserve=false aResultDetail=0
00:20:12.880265 nspr-3   WARNING [COM]: aRC=NS_ERROR_FAILURE (0x80004005) aIID={e54f6256-97a7-4947-8a78-10c013ddf4b8} aComponent={HostWrap} aText={VirtualBox is not currently allowed to access USB devices.  You can change this by adding your user to the 'vboxusers' group.  Please see the user manual for a more detailed explanation}, preserve=true aResultDetail=0
00:20:12.880735 nspr-3   WARNING [COM]: aRC=NS_ERROR_FAILURE (0x80004005) aIID={e54f6256-97a7-4947-8a78-10c013ddf4b8} aComponent={HostWrap} aText={VirtualBox is not currently allowed to access USB devices.  You can change this by adding your user to the 'vboxusers' group.  Please see the user manual for a more detailed explanation}, preserve=true aResultDetail=0
00:20:20.379207 nspr-5   Saving settings file "/home/rafe/.config/VirtualBox/VirtualBox.xml" with version "1.12-linux"
00:20:20.387346 nspr-5   Finished saving settings file "/home/rafe/.config/VirtualBox/VirtualBox.xml"
00:23:20.947385 nspr-5   Saving settings file "/home/rafe/.config/VirtualBox/VirtualBox.xml" with version "1.12-linux"
00:23:20.959299 nspr-5   Finished saving settings file "/home/rafe/.config/VirtualBox/VirtualBox.xml"
00:23:20.959380 nspr-5   Saving settings file "/home/rafe/.config/VirtualBox/VirtualBox.xml" with version "1.12-linux"
00:23:20.964584 nspr-5   Finished saving settings file "/home/rafe/.config/VirtualBox/VirtualBox.xml"
00:23:20.966446 DeleteVM Saving settings file "/home/rafe/.config/VirtualBox/VirtualBox.xml" with version "1.12-linux"
00:23:20.971548 DeleteVM Finished saving settings file "/home/rafe/.config/VirtualBox/VirtualBox.xml"
00:23:20.972133 nspr-2   Saving settings file "/home/rafe/.config/VirtualBox/VirtualBox.xml" with version "1.12-linux"
00:23:20.977157 nspr-2   Finished saving settings file "/home/rafe/.config/VirtualBox/VirtualBox.xml"
00:23:20.981134 nspr-5   ERROR [COM]: aRC=VBOX_E_OBJECT_NOT_FOUND (0x80bb0001) aIID={7682d5eb-f00e-44f1-8ca2-99d08b1cd607} aComponent={VirtualBoxWrap} aText={Could not find a registered machine with UUID {32658b3f-9285-4ae9-a9b4-7bda6adea229}}, preserve=false aResultDetail=0
00:23:20.987876 nspr-4   ERROR [COM]: aRC=VBOX_E_OBJECT_NOT_FOUND (0x80bb0001) aIID={7682d5eb-f00e-44f1-8ca2-99d08b1cd607} aComponent={VirtualBoxWrap} aText={Could not find a registered machine with UUID {32658b3f-9285-4ae9-a9b4-7bda6adea229}}, preserve=false aResultDetail=0
00:23:20.993368 nspr-5   WARNING [COM]: aRC=NS_ERROR_FAILURE (0x80004005) aIID={e54f6256-97a7-4947-8a78-10c013ddf4b8} aComponent={HostWrap} aText={VirtualBox is not currently allowed to access USB devices.  You can change this by adding your user to the 'vboxusers' group.  Please see the user manual for a more detailed explanation}, preserve=true aResultDetail=0
00:23:21.000003 nspr-5   ERROR [COM]: aRC=VBOX_E_INVALID_VM_STATE (0x80bb0002) aIID={300763af-5d6b-46e6-aa96-273eac15538a} aComponent={MachineWrap} aText={The machine is not mutable (state is PoweredOff)}, preserve=false aResultDetail=0
00:23:21.011931 nspr-4   WARNING [COM]: aRC=NS_ERROR_FAILURE (0x80004005) aIID={e54f6256-97a7-4947-8a78-10c013ddf4b8} aComponent={HostWrap} aText={VirtualBox is not currently allowed to access USB devices.  You can change this by adding your user to the 'vboxusers' group.  Please see the user manual for a more detailed explanation}, preserve=true aResultDetail=0
00:23:21.012325 nspr-4   WARNING [COM]: aRC=NS_ERROR_FAILURE (0x80004005) aIID={e54f6256-97a7-4947-8a78-10c013ddf4b8} aComponent={HostWrap} aText={VirtualBox is not currently allowed to access USB devices.  You can change this by adding your user to the 'vboxusers' group.  Please see the user manual for a more detailed explanation}, preserve=true aResultDetail=0
00:23:22.118469 nspr-5   ERROR [COM]: aRC=NS_ERROR_FAILURE (0x80004005) aIID={aac6c7cb-a371-4c58-ab51-0616896b2f2c} aComponent={SystemPropertiesWrap} aText={Cannot determine default Guest Additions ISO location. Most likely they are not available}, preserve=false aResultDetail=0
00:24:00.819401 createBase Saving settings file "/home/rafe/.config/VirtualBox/VirtualBox.xml" with version "1.12-linux"
00:24:00.831172 createBase Finished saving settings file "/home/rafe/.config/VirtualBox/VirtualBox.xml"
00:24:00.833645 nspr-4   WARNING [COM]: aRC=NS_ERROR_FAILURE (0x80004005) aIID={e54f6256-97a7-4947-8a78-10c013ddf4b8} aComponent={HostWrap} aText={VirtualBox is not currently allowed to access USB devices.  You can change this by adding your user to the 'vboxusers' group.  Please see the user manual for a more detailed explanation}, preserve=true aResultDetail=0
00:24:00.834204 nspr-4   Saving settings file "/home/rafe/VirtualBox VMs/KubeTest/KubeTest.vbox" with version "1.19-linux"
00:24:00.839153 nspr-4   Finished saving settings file "/home/rafe/VirtualBox VMs/KubeTest/KubeTest.vbox"
00:24:00.839200 nspr-4   Saving settings file "/home/rafe/.config/VirtualBox/VirtualBox.xml" with version "1.12-linux"
00:24:00.844101 nspr-4   Finished saving settings file "/home/rafe/.config/VirtualBox/VirtualBox.xml"
00:24:00.845125 nspr-4   Saving settings file "/home/rafe/.config/VirtualBox/VirtualBox.xml" with version "1.12-linux"
00:24:00.850101 nspr-4   Finished saving settings file "/home/rafe/.config/VirtualBox/VirtualBox.xml"
00:24:00.850646 nspr-5   Saving settings file "/home/rafe/VirtualBox VMs/KubeTest/KubeTest.vbox" with version "1.19-linux"
00:24:00.855551 nspr-5   Finished saving settings file "/home/rafe/VirtualBox VMs/KubeTest/KubeTest.vbox"
00:24:00.863920 nspr-4   UnattendedInstaller::initInstaller: UnattendedInstaller::savePassedData(): 
00:24:00.865295 nspr-4   Saving settings file "/home/rafe/.config/VirtualBox/VirtualBox.xml" with version "1.12-linux"
00:24:00.870298 nspr-4   Finished saving settings file "/home/rafe/.config/VirtualBox/VirtualBox.xml"
00:24:00.870347 nspr-4   Saving settings file "/home/rafe/.config/VirtualBox/VirtualBox.xml" with version "1.12-linux"
00:24:00.875272 nspr-4   Finished saving settings file "/home/rafe/.config/VirtualBox/VirtualBox.xml"
00:24:00.875407 nspr-4   Saving settings file "/home/rafe/VirtualBox VMs/KubeTest/KubeTest.vbox" with version "1.19-linux"
00:24:00.880440 nspr-4   Finished saving settings file "/home/rafe/VirtualBox VMs/KubeTest/KubeTest.vbox"
00:24:00.882810 nspr-3   Launched VM: 2483042000 pid: 17566 (0x449e) frontend: GUI/Qt name: KubeTest
00:24:00.888817 nspr-5   Saving settings file "/home/rafe/.config/VirtualBox/VirtualBox.xml" with version "1.12-linux"
00:24:00.893934 nspr-5   Finished saving settings file "/home/rafe/.config/VirtualBox/VirtualBox.xml"
00:24:00.916536 nspr-2   WARNING [COM]: aRC=NS_ERROR_FAILURE (0x80004005) aIID={e54f6256-97a7-4947-8a78-10c013ddf4b8} aComponent={HostWrap} aText={VirtualBox is not currently allowed to access USB devices.  You can change this by adding your user to the 'vboxusers' group.  Please see the user manual for a more detailed explanation}, preserve=true aResultDetail=0
00:24:00.928848 nspr-2   ERROR [COM]: aRC=VBOX_E_INVALID_VM_STATE (0x80bb0002) aIID={300763af-5d6b-46e6-aa96-273eac15538a} aComponent={MachineWrap} aText={The machine is not mutable (state is PoweredOff)}, preserve=false aResultDetail=0
00:24:00.943391 nspr-2   WARNING [COM]: aRC=NS_ERROR_FAILURE (0x80004005) aIID={e54f6256-97a7-4947-8a78-10c013ddf4b8} aComponent={HostWrap} aText={VirtualBox is not currently allowed to access USB devices.  You can change this by adding your user to the 'vboxusers' group.  Please see the user manual for a more detailed explanation}, preserve=true aResultDetail=0
00:24:00.943818 nspr-2   WARNING [COM]: aRC=NS_ERROR_FAILURE (0x80004005) aIID={e54f6256-97a7-4947-8a78-10c013ddf4b8} aComponent={HostWrap} aText={VirtualBox is not currently allowed to access USB devices.  You can change this by adding your user to the 'vboxusers' group.  Please see the user manual for a more detailed explanation}, preserve=true aResultDetail=0
00:24:01.030830 nspr-6   ERROR [COM]: aRC=VBOX_E_INVALID_VM_STATE (0x80bb0002) aIID={300763af-5d6b-46e6-aa96-273eac15538a} aComponent={MachineWrap} aText={The machine is not mutable (state is PoweredOff)}, preserve=false aResultDetail=0
00:24:01.036319 nspr-6   WARNING [COM]: aRC=NS_ERROR_FAILURE (0x80004005) aIID={e54f6256-97a7-4947-8a78-10c013ddf4b8} aComponent={HostWrap} aText={VirtualBox is not currently allowed to access USB devices.  You can change this by adding your user to the 'vboxusers' group.  Please see the user manual for a more detailed explanation}, preserve=true aResultDetail=0
00:24:01.036730 nspr-6   WARNING [COM]: aRC=NS_ERROR_FAILURE (0x80004005) aIID={e54f6256-97a7-4947-8a78-10c013ddf4b8} aComponent={HostWrap} aText={VirtualBox is not currently allowed to access USB devices.  You can change this by adding your user to the 'vboxusers' group.  Please see the user manual for a more detailed explanation}, preserve=true aResultDetail=0
00:24:01.360569 nspr-3   WARNING [COM]: aRC=NS_ERROR_FAILURE (0x80004005) aIID={e54f6256-97a7-4947-8a78-10c013ddf4b8} aComponent={HostWrap} aText={VirtualBox is not currently allowed to access USB devices.  You can change this by adding your user to the 'vboxusers' group.  Please see the user manual for a more detailed explanation}, preserve=true aResultDetail=0
00:24:01.361014 nspr-6   WARNING [COM]: aRC=NS_ERROR_FAILURE (0x80004005) aIID={e54f6256-97a7-4947-8a78-10c013ddf4b8} aComponent={HostWrap} aText={VirtualBox is not currently allowed to access USB devices.  You can change this by adding your user to the 'vboxusers' group.  Please see the user manual for a more detailed explanation}, preserve=true aResultDetail=0
00:24:01.361167 nspr-3   ERROR [COM]: aRC=VBOX_E_OBJECT_NOT_FOUND (0x80bb0001) aIID={70401eef-c8e9-466b-9660-45cb3e9979e4} aComponent={ExtPackManagerWrap} aText={No extension pack by the name 'Oracle VM VirtualBox Extension Pack' was found}, preserve=false aResultDetail=0
00:24:01.385699 nspr-4   WARNING [COM]: aRC=NS_ERROR_FAILURE (0x80004005) aIID={e54f6256-97a7-4947-8a78-10c013ddf4b8} aComponent={HostWrap} aText={VirtualBox is not currently allowed to access USB devices.  You can change this by adding your user to the 'vboxusers' group.  Please see the user manual for a more detailed explanation}, preserve=true aResultDetail=0
00:24:01.386091 nspr-3   WARNING [COM]: aRC=NS_ERROR_FAILURE (0x80004005) aIID={e54f6256-97a7-4947-8a78-10c013ddf4b8} aComponent={HostWrap} aText={VirtualBox is not currently allowed to access USB devices.  You can change this by adding your user to the 'vboxusers' group.  Please see the user manual for a more detailed explanation}, preserve=true aResultDetail=0
00:24:01.396361 nspr-5   ERROR [COM]: aRC=VBOX_E_IPRT_ERROR (0x80bb0005) aIID={300763af-5d6b-46e6-aa96-273eac15538a} aComponent={SessionMachine} aText={Saved screenshot data is not available (VERR_NOT_SUPPORTED)}, preserve=false aResultDetail=-37
00:24:01.416025 nspr-5   NetIfAdpCtlOut: VBoxNetAdpCtl: Error while retrieving link speed for wlo1: VBoxNetAdpCtl: ioctl failed: Operation not supported
00:24:01.427853 nspr-5   NetIfAdpCtlOut: VBoxNetAdpCtl: Error while retrieving link status for vmnet1: VBoxNetAdpCtl: ioctl failed: Operation not supported
00:24:01.433767 nspr-5   NetIfAdpCtlOut: VBoxNetAdpCtl: Error while retrieving link status for vmnet8: VBoxNetAdpCtl: ioctl failed: Operation not supported
00:24:01.435976 nspr-5   WARNING [COM]: aRC=NS_ERROR_FAILURE (0x80004005) aIID={e54f6256-97a7-4947-8a78-10c013ddf4b8} aComponent={HostWrap} aText={VirtualBox is not currently allowed to access USB devices.  You can change this by adding your user to the 'vboxusers' group.  Please see the user manual for a more detailed explanation}, preserve=false aResultDetail=0
00:24:01.436327 nspr-4   WARNING [COM]: aRC=NS_ERROR_FAILURE (0x80004005) aIID={e54f6256-97a7-4947-8a78-10c013ddf4b8} aComponent={HostWrap} aText={VirtualBox is not currently allowed to access USB devices.  You can change this by adding your user to the 'vboxusers' group.  Please see the user manual for a more detailed explanation}, preserve=true aResultDetail=0
00:24:01.436425 nspr-5   WARNING [COM]: aRC=NS_ERROR_FAILURE (0x80004005) aIID={e54f6256-97a7-4947-8a78-10c013ddf4b8} aComponent={HostWrap} aText={VirtualBox is not currently allowed to access USB devices.  You can change this by adding your user to the 'vboxusers' group.  Please see the user manual for a more detailed explanation}, preserve=true aResultDetail=0
00:24:01.456941 nspr-7   WARNING [COM]: aRC=NS_ERROR_FAILURE (0x80004005) aIID={e54f6256-97a7-4947-8a78-10c013ddf4b8} aComponent={HostWrap} aText={VirtualBox is not currently allowed to access USB devices.  You can change this by adding your user to the 'vboxusers' group.  Please see the user manual for a more detailed explanation}, preserve=true aResultDetail=0
00:24:01.461275 nspr-7   WARNING [COM]: aRC=NS_ERROR_FAILURE (0x80004005) aIID={e54f6256-97a7-4947-8a78-10c013ddf4b8} aComponent={HostWrap} aText={VirtualBox is not currently allowed to access USB devices.  You can change this by adding your user to the 'vboxusers' group.  Please see the user manual for a more detailed explanation}, preserve=true aResultDetail=0
00:24:01.468506 nspr-7   ERROR [COM]: aRC=VBOX_E_INVALID_VM_STATE (0x80bb0002) aIID={300763af-5d6b-46e6-aa96-273eac15538a} aComponent={MachineWrap} aText={The machine is not mutable (state is Starting)}, preserve=false aResultDetail=0
00:24:01.478820 nspr-7   WARNING [COM]: aRC=NS_ERROR_FAILURE (0x80004005) aIID={e54f6256-97a7-4947-8a78-10c013ddf4b8} aComponent={HostWrap} aText={VirtualBox is not currently allowed to access USB devices.  You can change this by adding your user to the 'vboxusers' group.  Please see the user manual for a more detailed explanation}, preserve=true aResultDetail=0
00:24:01.479262 nspr-7   WARNING [COM]: aRC=NS_ERROR_FAILURE (0x80004005) aIID={e54f6256-97a7-4947-8a78-10c013ddf4b8} aComponent={HostWrap} aText={VirtualBox is not currently allowed to access USB devices.  You can change this by adding your user to the 'vboxusers' group.  Please see the user manual for a more detailed explanation}, preserve=true aResultDetail=0
00:24:01.629689 nspr-7   ERROR [COM]: aRC=VBOX_E_OBJECT_NOT_FOUND (0x80bb0001) aIID={ad47ad09-787b-44ab-b343-a082a3f2dfb1} aComponent={MediumWrap} aText={Property 'CRYPT/KeyId' does not exist}, preserve=false aResultDetail=0
00:24:01.630344 nspr-2   ERROR [COM]: aRC=VBOX_E_OBJECT_NOT_FOUND (0x80bb0001) aIID={ad47ad09-787b-44ab-b343-a082a3f2dfb1} aComponent={MediumWrap} aText={Property 'CRYPT/KeyId' does not exist}, preserve=false aResultDetail=0
00:24:01.642459 nspr-2   WARNING [COM]: aRC=NS_ERROR_FAILURE (0x80004005) aIID={e54f6256-97a7-4947-8a78-10c013ddf4b8} aComponent={HostWrap} aText={VirtualBox is not currently allowed to access USB devices.  You can change this by adding your user to the 'vboxusers' group.  Please see the user manual for a more detailed explanation}, preserve=true aResultDetail=0
00:24:01.650513 nspr-8   ERROR [COM]: aRC=VBOX_E_INVALID_VM_STATE (0x80bb0002) aIID={300763af-5d6b-46e6-aa96-273eac15538a} aComponent={MachineWrap} aText={The machine is not mutable (state is Running)}, preserve=false aResultDetail=0
00:24:01.661115 nspr-8   WARNING [COM]: aRC=NS_ERROR_FAILURE (0x80004005) aIID={e54f6256-97a7-4947-8a78-10c013ddf4b8} aComponent={HostWrap} aText={VirtualBox is not currently allowed to access USB devices.  You can change this by adding your user to the 'vboxusers' group.  Please see the user manual for a more detailed explanation}, preserve=true aResultDetail=0
00:24:01.661534 nspr-2   WARNING [COM]: aRC=NS_ERROR_FAILURE (0x80004005) aIID={e54f6256-97a7-4947-8a78-10c013ddf4b8} aComponent={HostWrap} aText={VirtualBox is not currently allowed to access USB devices.  You can change this by adding your user to the 'vboxusers' group.  Please see the user manual for a more detailed explanation}, preserve=true aResultDetail=0
00:24:01.773050 nspr-8   Saving settings file "/home/rafe/VirtualBox VMs/KubeTest/KubeTest.vbox" with version "1.19-linux"
00:24:01.781044 nspr-8   Finished saving settings file "/home/rafe/VirtualBox VMs/KubeTest/KubeTest.vbox"
00:24:01.789538 nspr-6   ERROR [COM]: aRC=VBOX_E_INVALID_VM_STATE (0x80bb0002) aIID={300763af-5d6b-46e6-aa96-273eac15538a} aComponent={MachineWrap} aText={The machine is not mutable (state is Running)}, preserve=false aResultDetail=0
00:24:01.804004 nspr-8   WARNING [COM]: aRC=NS_ERROR_FAILURE (0x80004005) aIID={e54f6256-97a7-4947-8a78-10c013ddf4b8} aComponent={HostWrap} aText={VirtualBox is not currently allowed to access USB devices.  You can change this by adding your user to the 'vboxusers' group.  Please see the user manual for a more detailed explanation}, preserve=true aResultDetail=0
00:24:01.804462 nspr-7   WARNING [COM]: aRC=NS_ERROR_FAILURE (0x80004005) aIID={e54f6256-97a7-4947-8a78-10c013ddf4b8} aComponent={HostWrap} aText={VirtualBox is not currently allowed to access USB devices.  You can change this by adding your user to the 'vboxusers' group.  Please see the user manual for a more detailed explanation}, preserve=true aResultDetail=0
00:26:24.664819 nspr-7   Saving settings file "/home/rafe/.config/VirtualBox/VirtualBox.xml" with version "1.12-linux"
00:26:24.665676 nspr-5   Saving settings file "/home/rafe/VirtualBox VMs/KubeTest/KubeTest.vbox" with version "1.19-linux"
00:26:24.672818 nspr-7   Finished saving settings file "/home/rafe/.config/VirtualBox/VirtualBox.xml"
00:26:24.672824 nspr-5   Finished saving settings file "/home/rafe/VirtualBox VMs/KubeTest/KubeTest.vbox"
00:26:24.681876 nspr-2   ERROR [COM]: aRC=VBOX_E_INVALID_VM_STATE (0x80bb0002) aIID={300763af-5d6b-46e6-aa96-273eac15538a} aComponent={MachineWrap} aText={The machine is not mutable (state is Running)}, preserve=false aResultDetail=0
00:26:24.690318 nspr-8   WARNING [COM]: aRC=NS_ERROR_FAILURE (0x80004005) aIID={e54f6256-97a7-4947-8a78-10c013ddf4b8} aComponent={HostWrap} aText={VirtualBox is not currently allowed to access USB devices.  You can change this by adding your user to the 'vboxusers' group.  Please see the user manual for a more detailed explanation}, preserve=true aResultDetail=0
00:26:24.690728 nspr-6   WARNING [COM]: aRC=NS_ERROR_FAILURE (0x80004005) aIID={e54f6256-97a7-4947-8a78-10c013ddf4b8} aComponent={HostWrap} aText={VirtualBox is not currently allowed to access USB devices.  You can change this by adding your user to the 'vboxusers' group.  Please see the user manual for a more detailed explanation}, preserve=true aResultDetail=0
00:33:31.490863 nspr-4   Saving settings file "/home/rafe/VirtualBox VMs/KubeTest/KubeTest.vbox" with version "1.19-linux"
00:33:31.499062 nspr-4   Finished saving settings file "/home/rafe/VirtualBox VMs/KubeTest/KubeTest.vbox"
00:33:31.507987 nspr-7   ERROR [COM]: aRC=VBOX_E_INVALID_VM_STATE (0x80bb0002) aIID={300763af-5d6b-46e6-aa96-273eac15538a} aComponent={MachineWrap} aText={The machine is not mutable (state is Running)}, preserve=false aResultDetail=0
00:33:31.516637 nspr-2   WARNING [COM]: aRC=NS_ERROR_FAILURE (0x80004005) aIID={e54f6256-97a7-4947-8a78-10c013ddf4b8} aComponent={HostWrap} aText={VirtualBox is not currently allowed to access USB devices.  You can change this by adding your user to the 'vboxusers' group.  Please see the user manual for a more detailed explanation}, preserve=true aResultDetail=0
00:33:31.517066 nspr-8   WARNING [COM]: aRC=NS_ERROR_FAILURE (0x80004005) aIID={e54f6256-97a7-4947-8a78-10c013ddf4b8} aComponent={HostWrap} aText={VirtualBox is not currently allowed to access USB devices.  You can change this by adding your user to the 'vboxusers' group.  Please see the user manual for a more detailed explanation}, preserve=true aResultDetail=0
00:33:31.572224 nspr-2   Saving settings file "/home/rafe/.config/VirtualBox/VirtualBox.xml" with version "1.12-linux"
00:33:31.580018 nspr-2   Finished saving settings file "/home/rafe/.config/VirtualBox/VirtualBox.xml"
01:23:07.877669 nspr-4   WARNING [COM]: aRC=NS_ERROR_FAILURE (0x80004005) aIID={e54f6256-97a7-4947-8a78-10c013ddf4b8} aComponent={HostWrap} aText={VirtualBox is not currently allowed to access USB devices.  You can change this by adding your user to the 'vboxusers' group.  Please see the user manual for a more detailed explanation}, preserve=true aResultDetail=0
01:23:08.238604 nspr-5   ERROR [COM]: aRC=VBOX_E_INVALID_VM_STATE (0x80bb0002) aIID={300763af-5d6b-46e6-aa96-273eac15538a} aComponent={SessionMachine} aText={The machine is not mutable (state is Running)}, preserve=false aResultDetail=0
01:23:08.248721 nspr-5   NetIfAdpCtlOut: VBoxNetAdpCtl: Error while retrieving link speed for wlo1: VBoxNetAdpCtl: ioctl failed: Operation not supported
01:23:08.260830 nspr-5   NetIfAdpCtlOut: VBoxNetAdpCtl: Error while retrieving link status for vmnet1: VBoxNetAdpCtl: ioctl failed: Operation not supported
01:23:08.266881 nspr-5   NetIfAdpCtlOut: VBoxNetAdpCtl: Error while retrieving link status for vmnet8: VBoxNetAdpCtl: ioctl failed: Operation not supported
01:23:08.274307 nspr-7   NetIfAdpCtlOut: VBoxNetAdpCtl: Error while retrieving link speed for wlo1: VBoxNetAdpCtl: ioctl failed: Operation not supported
01:23:08.286829 nspr-7   NetIfAdpCtlOut: VBoxNetAdpCtl: Error while retrieving link status for vmnet1: VBoxNetAdpCtl: ioctl failed: Operation not supported
01:23:08.292757 nspr-7   NetIfAdpCtlOut: VBoxNetAdpCtl: Error while retrieving link status for vmnet8: VBoxNetAdpCtl: ioctl failed: Operation not supported
01:23:08.298068 nspr-5   WARNING [COM]: aRC=NS_ERROR_FAILURE (0x80004005) aIID={e54f6256-97a7-4947-8a78-10c013ddf4b8} aComponent={HostWrap} aText={VirtualBox is not currently allowed to access USB devices.  You can change this by adding your user to the 'vboxusers' group.  Please see the user manual for a more detailed explanation}, preserve=true aResultDetail=0
01:23:08.298268 nspr-5   WARNING [COM]: aRC=NS_ERROR_FAILURE (0x80004005) aIID={e54f6256-97a7-4947-8a78-10c013ddf4b8} aComponent={HostWrap} aText={VirtualBox is not currently allowed to access USB devices.  You can change this by adding your user to the 'vboxusers' group.  Please see the user manual for a more detailed explanation}, preserve=true aResultDetail=0
01:24:27.681291 nspr-8   Saving settings file "/home/rafe/VirtualBox VMs/KubeTest/KubeTest.vbox" with version "1.19-linux"
01:24:27.693034 nspr-8   Finished saving settings file "/home/rafe/VirtualBox VMs/KubeTest/KubeTest.vbox"
01:24:27.702207 nspr-3   ERROR [COM]: aRC=VBOX_E_INVALID_VM_STATE (0x80bb0002) aIID={300763af-5d6b-46e6-aa96-273eac15538a} aComponent={MachineWrap} aText={The machine is not mutable (state is Running)}, preserve=false aResultDetail=0
01:24:27.711920 nspr-6   WARNING [COM]: aRC=NS_ERROR_FAILURE (0x80004005) aIID={e54f6256-97a7-4947-8a78-10c013ddf4b8} aComponent={HostWrap} aText={VirtualBox is not currently allowed to access USB devices.  You can change this by adding your user to the 'vboxusers' group.  Please see the user manual for a more detailed explanation}, preserve=true aResultDetail=0
01:24:27.712366 nspr-2   WARNING [COM]: aRC=NS_ERROR_FAILURE (0x80004005) aIID={e54f6256-97a7-4947-8a78-10c013ddf4b8} aComponent={HostWrap} aText={VirtualBox is not currently allowed to access USB devices.  You can change this by adding your user to the 'vboxusers' group.  Please see the user manual for a more detailed explanation}, preserve=true aResultDetail=0
01:24:27.764627 nspr-6   Saving settings file "/home/rafe/.config/VirtualBox/VirtualBox.xml" with version "1.12-linux"
01:24:27.772744 nspr-6   Finished saving settings file "/home/rafe/.config/VirtualBox/VirtualBox.xml"
22:29:12.516433 nspr-8   WARNING [COM]: aRC=NS_ERROR_FAILURE (0x80004005) aIID={e54f6256-97a7-4947-8a78-10c013ddf4b8} aComponent={HostWrap} aText={VirtualBox is not currently allowed to access USB devices.  You can change this by adding your user to the 'vboxusers' group.  Please see the user manual for a more detailed explanation}, preserve=true aResultDetail=0
22:29:12.878144 nspr-8   ERROR [COM]: aRC=VBOX_E_INVALID_VM_STATE (0x80bb0002) aIID={300763af-5d6b-46e6-aa96-273eac15538a} aComponent={SessionMachine} aText={The machine is not mutable (state is Running)}, preserve=false aResultDetail=0
22:29:12.888972 nspr-8   NetIfAdpCtlOut: VBoxNetAdpCtl: Error while retrieving link speed for wlo1: VBoxNetAdpCtl: ioctl failed: Operation not supported
22:29:12.902681 nspr-8   NetIfAdpCtlOut: VBoxNetAdpCtl: Error while retrieving link status for vmnet1: VBoxNetAdpCtl: ioctl failed: Operation not supported
22:29:12.909877 nspr-8   NetIfAdpCtlOut: VBoxNetAdpCtl: Error while retrieving link status for vmnet8: VBoxNetAdpCtl: ioctl failed: Operation not supported
22:29:12.917795 nspr-7   NetIfAdpCtlOut: VBoxNetAdpCtl: Error while retrieving link speed for wlo1: VBoxNetAdpCtl: ioctl failed: Operation not supported
22:29:12.930076 nspr-7   NetIfAdpCtlOut: VBoxNetAdpCtl: Error while retrieving link status for vmnet1: VBoxNetAdpCtl: ioctl failed: Operation not supported
22:29:12.937935 nspr-7   NetIfAdpCtlOut: VBoxNetAdpCtl: Error while retrieving link status for vmnet8: VBoxNetAdpCtl: ioctl failed: Operation not supported
22:29:12.943206 nspr-2   WARNING [COM]: aRC=NS_ERROR_FAILURE (0x80004005) aIID={e54f6256-97a7-4947-8a78-10c013ddf4b8} aComponent={HostWrap} aText={VirtualBox is not currently allowed to access USB devices.  You can change this by adding your user to the 'vboxusers' group.  Please see the user manual for a more detailed explanation}, preserve=true aResultDetail=0
22:29:12.943410 nspr-7   WARNING [COM]: aRC=NS_ERROR_FAILURE (0x80004005) aIID={e54f6256-97a7-4947-8a78-10c013ddf4b8} aComponent={HostWrap} aText={VirtualBox is not currently allowed to access USB devices.  You can change this by adding your user to the 'vboxusers' group.  Please see the user manual for a more detailed explanation}, preserve=true aResultDetail=0
22:40:21.459649 nspr-6   WARNING [COM]: aRC=NS_ERROR_FAILURE (0x80004005) aIID={e54f6256-97a7-4947-8a78-10c013ddf4b8} aComponent={HostWrap} aText={VirtualBox is not currently allowed to access USB devices.  You can change this by adding your user to the 'vboxusers' group.  Please see the user manual for a more detailed explanation}, preserve=true aResultDetail=0
22:40:21.474338 nspr-4   ERROR [COM]: aRC=VBOX_E_INVALID_VM_STATE (0x80bb0002) aIID={300763af-5d6b-46e6-aa96-273eac15538a} aComponent={MachineWrap} aText={The machine is not mutable (state is Stopping)}, preserve=false aResultDetail=0
22:40:21.483099 nspr-6   WARNING [COM]: aRC=NS_ERROR_FAILURE (0x80004005) aIID={e54f6256-97a7-4947-8a78-10c013ddf4b8} aComponent={HostWrap} aText={VirtualBox is not currently allowed to access USB devices.  You can change this by adding your user to the 'vboxusers' group.  Please see the user manual for a more detailed explanation}, preserve=true aResultDetail=0
22:40:21.483528 nspr-6   WARNING [COM]: aRC=NS_ERROR_FAILURE (0x80004005) aIID={e54f6256-97a7-4947-8a78-10c013ddf4b8} aComponent={HostWrap} aText={VirtualBox is not currently allowed to access USB devices.  You can change this by adding your user to the 'vboxusers' group.  Please see the user manual for a more detailed explanation}, preserve=true aResultDetail=0
22:40:21.518373 nspr-4   Saving settings file "/home/rafe/VirtualBox VMs/KubeTest/KubeTest.vbox" with version "1.19-linux"
22:40:21.523507 nspr-4   Finished saving settings file "/home/rafe/VirtualBox VMs/KubeTest/KubeTest.vbox"
22:40:21.526619 nspr-9   WARNING [COM]: aRC=NS_ERROR_FAILURE (0x80004005) aIID={e54f6256-97a7-4947-8a78-10c013ddf4b8} aComponent={HostWrap} aText={VirtualBox is not currently allowed to access USB devices.  You can change this by adding your user to the 'vboxusers' group.  Please see the user manual for a more detailed explanation}, preserve=true aResultDetail=0
22:40:21.535172 nspr-4   ERROR [COM]: aRC=VBOX_E_INVALID_VM_STATE (0x80bb0002) aIID={300763af-5d6b-46e6-aa96-273eac15538a} aComponent={MachineWrap} aText={The machine is not mutable (state is PoweredOff)}, preserve=false aResultDetail=0
22:40:21.544832 nspr-7   WARNING [COM]: aRC=NS_ERROR_FAILURE (0x80004005) aIID={e54f6256-97a7-4947-8a78-10c013ddf4b8} aComponent={HostWrap} aText={VirtualBox is not currently allowed to access USB devices.  You can change this by adding your user to the 'vboxusers' group.  Please see the user manual for a more detailed explanation}, preserve=true aResultDetail=0
22:40:21.545289 nspr-9   WARNING [COM]: aRC=NS_ERROR_FAILURE (0x80004005) aIID={e54f6256-97a7-4947-8a78-10c013ddf4b8} aComponent={HostWrap} aText={VirtualBox is not currently allowed to access USB devices.  You can change this by adding your user to the 'vboxusers' group.  Please see the user manual for a more detailed explanation}, preserve=true aResultDetail=0
22:40:22.575548 nspr-3   ERROR [COM]: aRC=VBOX_E_INVALID_VM_STATE (0x80bb0002) aIID={300763af-5d6b-46e6-aa96-273eac15538a} aComponent={MachineWrap} aText={The machine is not mutable (state is PoweredOff)}, preserve=false aResultDetail=0
22:40:22.589139 nspr-2   WARNING [COM]: aRC=NS_ERROR_FAILURE (0x80004005) aIID={e54f6256-97a7-4947-8a78-10c013ddf4b8} aComponent={HostWrap} aText={VirtualBox is not currently allowed to access USB devices.  You can change this by adding your user to the 'vboxusers' group.  Please see the user manual for a more detailed explanation}, preserve=true aResultDetail=0
22:40:22.589582 nspr-4   WARNING [COM]: aRC=NS_ERROR_FAILURE (0x80004005) aIID={e54f6256-97a7-4947-8a78-10c013ddf4b8} aComponent={HostWrap} aText={VirtualBox is not currently allowed to access USB devices.  You can change this by adding your user to the 'vboxusers' group.  Please see the user manual for a more detailed explanation}, preserve=true aResultDetail=0
22:40:22.869023 nspr-9   Saving settings file "/home/rafe/.config/VirtualBox/VirtualBox.xml" with version "1.12-linux"
22:40:22.882257 nspr-9   Finished saving settings file "/home/rafe/.config/VirtualBox/VirtualBox.xml"
22:40:30.276665 nspr-7   WARNING [COM]: aRC=NS_ERROR_FAILURE (0x80004005) aIID={e54f6256-97a7-4947-8a78-10c013ddf4b8} aComponent={HostWrap} aText={VirtualBox is not currently allowed to access USB devices.  You can change this by adding your user to the 'vboxusers' group.  Please see the user manual for a more detailed explanation}, preserve=true aResultDetail=0
22:40:30.614376 nspr-6   ERROR [COM]: aRC=VBOX_E_OBJECT_NOT_FOUND (0x80bb0001) aIID={5bfd8965-b81b-469f-8649-f717ce97a5d5} aComponent={NvramStoreWrap} aText={The UEFI NVRAM file is not existing for this machine.}, preserve=false aResultDetail=0
22:40:30.623988 nspr-3   NetIfAdpCtlOut: VBoxNetAdpCtl: Error while retrieving link speed for wlo1: VBoxNetAdpCtl: ioctl failed: Operation not supported
22:40:30.634689 nspr-3   NetIfAdpCtlOut: VBoxNetAdpCtl: Error while retrieving link status for vmnet1: VBoxNetAdpCtl: ioctl failed: Operation not supported
22:40:30.640092 nspr-3   NetIfAdpCtlOut: VBoxNetAdpCtl: Error while retrieving link status for vmnet8: VBoxNetAdpCtl: ioctl failed: Operation not supported
22:40:30.647439 nspr-9   NetIfAdpCtlOut: VBoxNetAdpCtl: Error while retrieving link speed for wlo1: VBoxNetAdpCtl: ioctl failed: Operation not supported
22:40:30.660132 nspr-9   NetIfAdpCtlOut: VBoxNetAdpCtl: Error while retrieving link status for vmnet1: VBoxNetAdpCtl: ioctl failed: Operation not supported
22:40:30.666153 nspr-9   NetIfAdpCtlOut: VBoxNetAdpCtl: Error while retrieving link status for vmnet8: VBoxNetAdpCtl: ioctl failed: Operation not supported
22:40:30.671383 nspr-5   WARNING [COM]: aRC=NS_ERROR_FAILURE (0x80004005) aIID={e54f6256-97a7-4947-8a78-10c013ddf4b8} aComponent={HostWrap} aText={VirtualBox is not currently allowed to access USB devices.  You can change this by adding your user to the 'vboxusers' group.  Please see the user manual for a more detailed explanation}, preserve=true aResultDetail=0
22:40:30.671576 nspr-9   WARNING [COM]: aRC=NS_ERROR_FAILURE (0x80004005) aIID={e54f6256-97a7-4947-8a78-10c013ddf4b8} aComponent={HostWrap} aText={VirtualBox is not currently allowed to access USB devices.  You can change this by adding your user to the 'vboxusers' group.  Please see the user manual for a more detailed explanation}, preserve=true aResultDetail=0
22:40:30.801057 nspr-9   ERROR [COM]: aRC=VBOX_E_INVALID_VM_STATE (0x80bb0002) aIID={300763af-5d6b-46e6-aa96-273eac15538a} aComponent={MachineWrap} aText={The machine is not mutable (state is PoweredOff)}, preserve=false aResultDetail=0
22:40:30.809300 nspr-7   WARNING [COM]: aRC=NS_ERROR_FAILURE (0x80004005) aIID={e54f6256-97a7-4947-8a78-10c013ddf4b8} aComponent={HostWrap} aText={VirtualBox is not currently allowed to access USB devices.  You can change this by adding your user to the 'vboxusers' group.  Please see the user manual for a more detailed explanation}, preserve=true aResultDetail=0
22:40:30.809711 nspr-6   WARNING [COM]: aRC=NS_ERROR_FAILURE (0x80004005) aIID={e54f6256-97a7-4947-8a78-10c013ddf4b8} aComponent={HostWrap} aText={VirtualBox is not currently allowed to access USB devices.  You can change this by adding your user to the 'vboxusers' group.  Please see the user manual for a more detailed explanation}, preserve=true aResultDetail=0
22:40:31.043350 nspr-6   Saving settings file "/home/rafe/.config/VirtualBox/VirtualBox.xml" with version "1.12-linux"
22:40:31.058597 nspr-6   Finished saving settings file "/home/rafe/.config/VirtualBox/VirtualBox.xml"
22:40:34.001104 nspr-3   WARNING [COM]: aRC=NS_ERROR_FAILURE (0x80004005) aIID={e54f6256-97a7-4947-8a78-10c013ddf4b8} aComponent={HostWrap} aText={VirtualBox is not currently allowed to access USB devices.  You can change this by adding your user to the 'vboxusers' group.  Please see the user manual for a more detailed explanation}, preserve=true aResultDetail=0
22:40:34.001460 nspr-8   Saving settings file "/home/rafe/VirtualBox VMs/KubeTest_ded/KubeTest_ded.vbox" with version "1.19-linux"
22:40:34.023066 nspr-8   Finished saving settings file "/home/rafe/VirtualBox VMs/KubeTest_ded/KubeTest_ded.vbox"
22:40:34.023318 SaveMediaReg Saving settings file "/home/rafe/VirtualBox VMs/KubeTest_ded/KubeTest_ded.vbox" with version "1.19-linux"
22:40:34.028698 SaveMediaReg Finished saving settings file "/home/rafe/VirtualBox VMs/KubeTest_ded/KubeTest_ded.vbox"
22:40:34.028793 nspr-8   Saving settings file "/home/rafe/.config/VirtualBox/VirtualBox.xml" with version "1.12-linux"
22:40:34.034103 nspr-8   Finished saving settings file "/home/rafe/.config/VirtualBox/VirtualBox.xml"
22:40:34.102943 nspr-9   ERROR [COM]: aRC=VBOX_E_INVALID_VM_STATE (0x80bb0002) aIID={300763af-5d6b-46e6-aa96-273eac15538a} aComponent={MachineWrap} aText={The machine is not mutable (state is PoweredOff)}, preserve=false aResultDetail=0
22:40:34.112372 nspr-4   WARNING [COM]: aRC=NS_ERROR_FAILURE (0x80004005) aIID={e54f6256-97a7-4947-8a78-10c013ddf4b8} aComponent={HostWrap} aText={VirtualBox is not currently allowed to access USB devices.  You can change this by adding your user to the 'vboxusers' group.  Please see the user manual for a more detailed explanation}, preserve=true aResultDetail=0
22:40:34.112973 nspr-8   WARNING [COM]: aRC=NS_ERROR_FAILURE (0x80004005) aIID={e54f6256-97a7-4947-8a78-10c013ddf4b8} aComponent={HostWrap} aText={VirtualBox is not currently allowed to access USB devices.  You can change this by adding your user to the 'vboxusers' group.  Please see the user manual for a more detailed explanation}, preserve=true aResultDetail=0
22:40:34.369129 nspr-7   Saving settings file "/home/rafe/.config/VirtualBox/VirtualBox.xml" with version "1.12-linux"
22:40:34.377253 nspr-7   Finished saving settings file "/home/rafe/.config/VirtualBox/VirtualBox.xml"
22:40:38.291024 nspr-2   Saving settings file "/home/rafe/.config/VirtualBox/VirtualBox.xml" with version "1.12-linux"
22:40:38.303255 nspr-2   Finished saving settings file "/home/rafe/.config/VirtualBox/VirtualBox.xml"
22:44:10.568504 nspr-7   Saving settings file "/home/rafe/.config/VirtualBox/VirtualBox.xml" with version "1.12-linux"
22:44:10.576593 nspr-7   Finished saving settings file "/home/rafe/.config/VirtualBox/VirtualBox.xml"
22:44:16.590635 main     VirtualBox: object deletion starts
22:44:16.590726 main     ERROR [COM]: aRC=VBOX_E_OBJECT_IN_USE (0x80bb000c) aIID={ad47ad09-787b-44ab-b343-a082a3f2dfb1} aComponent={MediumWrap} aText={Medium '/home/rafe/VirtualBox VMs/Ass6/Ass6.vhd' cannot be closed because it is still attached to 1 virtual machines}, preserve=false aResultDetail=0
22:44:16.591067 main     ERROR [COM]: aRC=VBOX_E_OBJECT_IN_USE (0x80bb000c) aIID={ad47ad09-787b-44ab-b343-a082a3f2dfb1} aComponent={MediumWrap} aText={Medium '/home/rafe/VirtualBox VMs/KubeTest_ded/KubeTest.vdi' cannot be closed because it is still attached to 1 virtual machines}, preserve=false aResultDetail=0
22:44:16.592175 main     HostDnsMonitor: shutting down ...
22:44:16.593583 Watcher  ERROR [COM]: aRC=E_ACCESSDENIED (0x80070005) aIID={7682d5eb-f00e-44f1-8ca2-99d08b1cd607} aComponent={VirtualBoxWrap} aText={The object is not ready}, preserve=false aResultDetail=0
22:44:16.600619 main     HostDnsMonitor: shut down
22:44:16.612524 main     VirtualBox: object deleted
