2023-04-29 14:04:18.393 [info] Reading sessions from keychain...
2023-04-29 14:04:18.393 [info] Getting sessions for all scopes...
2023-04-29 14:04:18.393 [info] Getting sessions for user:email...
2023-04-29 14:04:18.393 [info] Getting sessions for all scopes...
2023-04-29 14:04:18.393 [info] Got stored sessions!
2023-04-29 14:04:18.393 [info] Got 1 verified sessions.
2023-04-29 14:04:18.393 [info] Got 1 sessions for ...
2023-04-29 14:04:18.393 [info] Got 0 sessions for user:email...
2023-04-29 14:04:18.393 [info] Got 1 sessions for ...
2023-04-29 14:04:18.487 [info] Getting sessions for all scopes...
2023-04-29 14:04:18.487 [info] Got 1 sessions for ...
2023-04-29 14:04:18.872 [info] Getting sessions for read:user,repo,user:email,workflow...
2023-04-29 14:04:18.872 [info] Got 1 sessions for read:user,repo,user:email,workflow...
2023-04-29 14:04:24.041 [info] Getting user info...
2023-04-29 14:04:29.291 [info] Got account info!
2023-04-29 16:02:10.672 [info] Getting sessions for read:user,repo,user:email,workflow...
2023-04-29 16:02:10.672 [info] Got 1 sessions for read:user,repo,user:email,workflow...
2023-04-29 16:09:44.135 [info] Getting sessions for read:user,repo,user:email,workflow...
2023-04-29 16:09:44.135 [info] Got 1 sessions for read:user,repo,user:email,workflow...
2023-04-29 16:11:19.124 [info] Getting sessions for read:user,repo,user:email,workflow...
2023-04-29 16:11:19.124 [info] Got 1 sessions for read:user,repo,user:email,workflow...
2023-04-29 16:19:05.364 [info] Getting sessions for read:user,repo,user:email,workflow...
2023-04-29 16:19:05.364 [info] Got 1 sessions for read:user,repo,user:email,workflow...
2023-04-29 16:20:57.520 [info] Getting sessions for read:user,repo,user:email,workflow...
2023-04-29 16:20:57.520 [info] Got 1 sessions for read:user,repo,user:email,workflow...
2023-04-29 16:32:36.706 [info] Getting sessions for read:user,repo,user:email,workflow...
2023-04-29 16:32:36.706 [info] Got 1 sessions for read:user,repo,user:email,workflow...
2023-04-29 16:42:22.223 [info] Getting sessions for read:user,repo,user:email,workflow...
2023-04-29 16:42:22.223 [info] Got 1 sessions for read:user,repo,user:email,workflow...
2023-04-29 16:52:53.819 [info] Getting sessions for read:user,repo,user:email,workflow...
2023-04-29 16:52:53.819 [info] Got 1 sessions for read:user,repo,user:email,workflow...
2023-04-29 16:57:45.982 [info] Getting sessions for read:user,repo,user:email,workflow...
2023-04-29 16:57:45.982 [info] Got 1 sessions for read:user,repo,user:email,workflow...
