2023-04-29 14:04:19.850 [info] /home/rafe/Downloads/citations.ris closed
2023-04-29 14:04:24.034 [info] Active editor: file:///home/rafe/Documents/sp23/EEL5632/final_project/V2X_Example/report/eel5632_report_Autogators.tex
2023-04-29 14:05:46.021 [info] /home/rafe/Documents/sp23/EEL5632/final_project/V2X_Example/report/eel5632_report_Autogators.tex closed
2023-04-29 14:05:46.021 [info] /home/rafe/Documents/sp23/EEL5632/final_project/V2X_Example/report/eel5632_report_Autogators.tex.git closed
2023-04-29 14:05:50.022 [info] Active editor: file:///home/rafe/Documents/sp23/EEL5632/final_project/V2X_Example/report/eel5632_report_Autogators.tex
2023-04-29 14:10:23.453 [info] /home/rafe/Documents/sp23/EEL5632/final_project/V2X_Example/.vscode/launch.json closed
2023-04-29 14:10:23.454 [info] /home/rafe/Documents/sp23/EEL5632/final_project/V2X_Example/.git/config closed
2023-04-29 14:10:23.454 [info] /home/rafe/Documents/sp23/EEL5632/final_project/V2X_Example/.vscode/extensions.json closed
2023-04-29 14:17:18.702 [info] Active editor: file:///home/rafe/Documents/sp23/EEL5632/final_project/V2X_Example/report/eel5632_report_Autogators.tex
2023-04-29 14:25:35.403 [info] Searching for figure
2023-04-29 14:25:41.965 [info] Executing :w
2023-04-29 14:25:46.778 [info] Executing :w
2023-04-29 14:26:21.750 [info] Executing :w
2023-04-29 14:26:40.963 [info] Executing :w
2023-04-29 14:27:04.708 [info] Executing :w
2023-04-29 14:27:11.663 [info] Executing :w
2023-04-29 14:28:10.731 [info] Executing :w
2023-04-29 14:28:11.670 [info] Executing :w
2023-04-29 14:28:29.015 [info] Executing :w
2023-04-29 14:28:29.803 [info] Executing :w
2023-04-29 14:28:41.166 [info] Searching for jpg
2023-04-29 14:28:46.208 [info] Executing :w
2023-04-29 14:28:48.539 [info] Executing :w
2023-04-29 14:28:54.651 [info] Executing :w
2023-04-29 14:29:58.830 [info] Executing :w
2023-04-29 14:29:59.640 [info] Executing :w
2023-04-29 14:31:35.093 [info] Executing :w
2023-04-29 14:31:35.705 [info] Executing :w
2023-04-29 14:31:59.958 [info] Executing :w
2023-04-29 14:32:00.565 [info] Executing :w
2023-04-29 14:32:10.240 [info] Searching for todo
2023-04-29 14:32:17.060 [info] Executing :w
2023-04-29 14:38:51.792 [info] Active editor: file:///home/rafe/Documents/sp23/EEL5632/final_project/V2X_Example/report/bibs.bib
2023-04-29 14:39:46.255 [info] Executing :w
2023-04-29 14:39:46.803 [info] Executing :w
2023-04-29 14:39:47.385 [info] Executing :w
2023-04-29 14:39:47.968 [info] Executing :w
2023-04-29 14:40:07.546 [info] Executing :w
2023-04-29 14:40:08.114 [info] Executing :w
2023-04-29 14:40:15.201 [info] Active editor: file:///home/rafe/Documents/sp23/EEL5632/final_project/V2X_Example/report/eel5632_report_Autogators.tex
2023-04-29 14:40:23.044 [info] Searching for save
2023-04-29 14:40:48.420 [info] Executing :w
2023-04-29 14:44:31.470 [info] /home/rafe/Documents/sp23/EEL5632/final_project/V2X_Example/report/eel5632_report_Autogators.pdf closed
2023-04-29 14:46:07.458 [info] Active editor: file:///home/rafe/Documents/sp23/EEL5632/final_project/V2X_Example/report/bibs.bib
2023-04-29 14:46:30.959 [info] Executing :w
2023-04-29 14:46:31.490 [info] Executing :w
2023-04-29 14:46:43.133 [info] Executing :w
2023-04-29 14:48:18.085 [info] Executing :w
2023-04-29 14:48:40.581 [info] Executing :w
2023-04-29 14:48:45.389 [info] Executing :w
2023-04-29 14:48:45.952 [info] Executing :w
2023-04-29 14:48:46.463 [info] Executing :w
2023-04-29 14:48:47.535 [info] Active editor: file:///home/rafe/Documents/sp23/EEL5632/final_project/V2X_Example/report/eel5632_report_Autogators.tex
2023-04-29 14:49:15.773 [info] Executing :w
2023-04-29 14:49:16.199 [info] Active editor: file:///home/rafe/Documents/sp23/EEL5632/final_project/V2X_Example/report/bibs.bib
2023-04-29 14:49:18.107 [info] Active editor: file:///home/rafe/Documents/sp23/EEL5632/final_project/V2X_Example/report/eel5632_report_Autogators.tex
2023-04-29 14:49:21.675 [info] Executing :w
2023-04-29 14:49:22.230 [info] Executing :w
2023-04-29 14:49:25.642 [info] Executing :w
2023-04-29 14:49:26.213 [info] Executing :w
2023-04-29 14:49:39.274 [info] Executing :w
2023-04-29 14:49:40.018 [info] Executing :w
2023-04-29 15:30:18.471 [info] /home/rafe/Documents/sp23/EEL5632/final_project/V2X_Example/README.md closed
2023-04-29 15:32:19.472 [info] Configuration changed
2023-04-29 15:34:08.457 [info] /home/rafe/Documents/sp23/EEL5632/final_project/V2X_Example/report/eel5632_report_Autogators.log closed
2023-04-29 15:34:09.452 [info] /home/rafe/Documents/sp23/EEL5632/final_project/V2X_Example/report/eel5632_report_Autogators.blg closed
2023-04-29 15:34:09.452 [info] /home/rafe/Documents/sp23/EEL5632/final_project/V2X_Example/report/eel5632_report_Autogators.bbl closed
2023-04-29 15:34:10.455 [info] /home/rafe/Documents/sp23/EEL5632/final_project/V2X_Example/report/eel5632_report_Autogators.aux closed
2023-04-29 15:34:11.452 [info] /home/rafe/Documents/sp23/EEL5632/final_project/V2X_Example/report/dico.txt closed
2023-04-29 15:35:24.290 [info] /home/rafe/Documents/sp23/EEL5632/final_project/V2X_Example/report/eel5632_report_Autogators.tex closed
2023-04-29 15:35:24.291 [info] /home/rafe/Documents/sp23/EEL5632/final_project/V2X_Example/report/eel5632_report_Autogators.tex.git closed
2023-04-29 15:35:24.326 [info] Active editor: file:///home/rafe/Documents/sp23/EEL5632/final_project/V2X_Example/README.md
2023-04-29 15:35:24.860 [info] /home/rafe/Documents/sp23/EEL5632/final_project/V2X_Example/report/eel5632_report_Autogators.tex closed
2023-04-29 15:35:25.767 [info] /home/rafe/Documents/sp23/EEL5632/final_project/V2X_Example/report/bibs.bib closed
2023-04-29 15:35:25.768 [info] /home/rafe/Documents/sp23/EEL5632/final_project/V2X_Example/report/bibs.bib.git closed
2023-04-29 15:35:27.318 [info] /home/rafe/Documents/sp23/EEL5632/final_project/V2X_Example/README.md closed
2023-04-29 15:35:27.319 [info] /home/rafe/Documents/sp23/EEL5632/final_project/V2X_Example/README.md.git closed
2023-04-29 15:35:42.487 [info] Active editor: file:///home/rafe/Documents/sp23/EEL5632/final_project/V2X_Example/report/eel5632_report_Autogators.tex
2023-04-29 15:35:44.992 [info] Active editor: file:///home/rafe/Documents/sp23/EEL5632/final_project/V2X_Example/report/bibs.bib
2023-04-29 15:35:48.183 [info] Active editor: file:///home/rafe/Documents/sp23/EEL5632/final_project/V2X_Example/report/eel5632_report_Autogators.tex
2023-04-29 15:36:45.512 [info] Searching for todo
2023-04-29 15:36:57.775 [info] Searching for iihs
2023-04-29 15:37:53.541 [info] /home/rafe/Documents/sp23/EEL5632/final_project/V2X_Example/report/eel5632_report_Autogators.tex.git closed
2023-04-29 15:37:53.552 [info] Active editor: file:///home/rafe/Documents/sp23/EEL5632/final_project/V2X_Example/report/bibs.bib
2023-04-29 15:37:54.488 [info] /home/rafe/Documents/sp23/EEL5632/final_project/V2X_Example/report/bibs.bib.git closed
2023-04-29 15:38:06.568 [info] Configuration changed
2023-04-29 15:38:26.673 [info] /home/rafe/Documents/sp23/EEL5632/final_project/V2X_Example/report/bibs.bib closed
2023-04-29 15:38:30.963 [info] Active editor: file:///home/rafe/Documents/sp23/EEL5632/final_project/V2X_Example/report/eel5632_report_Autogators.tex
2023-04-29 15:38:37.544 [info] Searching for ihih
2023-04-29 15:38:39.211 [info] Searching for iih
2023-04-29 15:41:31.348 [info] /home/rafe/Documents/sp23/EEL5632/final_project/V2X_Example/report/bibs.bib closed
2023-04-29 15:41:33.660 [info] Configuration changed
2023-04-29 15:42:22.324 [info] Searching for iihs
2023-04-29 15:45:19.278 [info] Active editor: file:///home/rafe/Documents/sp23/EEL5632/final_project/V2X_Example/report/eel5632_report_Autogators.tex
2023-04-29 15:45:26.377 [info] Searching for iihs
2023-04-29 15:45:31.695 [info] Active editor: file:///home/rafe/Documents/sp23/EEL5632/final_project/V2X_Example/report/eel5632_report_Autogators.tex
2023-04-29 15:45:34.400 [info] Searching for iihs
2023-04-29 15:45:38.079 [info] Active editor: file:///home/rafe/Documents/sp23/EEL5632/final_project/V2X_Example/report/eel5632_report_Autogators.tex
2023-04-29 15:48:47.523 [info] Active editor: file:///home/rafe/Documents/sp23/EEL5632/final_project/V2X_Example/report/eel5632_report_Autogators.tex
2023-04-29 15:49:49.926 [info] Configuration changed
2023-04-29 15:54:48.119 [info] Executing :w
2023-04-29 15:59:39.743 [info] Executing :w
2023-04-29 15:59:40.537 [info] Executing :w
2023-04-29 15:59:41.145 [info] Executing :w
2023-04-29 16:00:10.188 [info] Executing :'<,'>norm i%
2023-04-29 16:00:29.327 [info] Executing :w
2023-04-29 16:00:29.829 [info] Executing :w
2023-04-29 16:00:30.716 [info] Executing :w
2023-04-29 16:28:40.553 [info] Executing :w
2023-04-29 16:28:43.634 [warning] invalid cursor stop position. [161, 841].
2023-04-29 16:28:43.634 [warning] invalid cursor start position. [161, 841].
2023-04-29 16:28:43.634 [warning] invalid cursor position. [[161, 841] | [161, 841]].
2023-04-29 16:28:45.530 [info] Executing :w
2023-04-29 16:28:46.036 [info] Executing :w
2023-04-29 16:29:06.256 [warning] invalid cursor stop position. [160, 928].
2023-04-29 16:29:06.256 [warning] invalid cursor start position. [160, 928].
2023-04-29 16:29:06.256 [warning] invalid cursor position. [[160, 928] | [160, 928]].
2023-04-29 16:29:12.166 [info] Executing :w
2023-04-29 16:29:19.217 [info] Searching for figure
2023-04-29 16:29:49.472 [info] Executing :w
2023-04-29 16:30:10.734 [info] Executing :w
2023-04-29 16:30:15.020 [info] Executing :w
2023-04-29 16:39:44.083 [info] Searching for secutiry
2023-04-29 16:39:48.416 [info] Searching for security
2023-04-29 16:41:43.829 [info] Executing :w
2023-04-29 16:41:44.388 [info] Executing :w
2023-04-29 16:43:31.462 [info] Searching for fig. 
2023-04-29 16:43:36.324 [info] Searching for fig.~
2023-04-29 16:46:01.547 [info] Searching for misce
2023-04-29 16:46:05.037 [info] Executing :w
2023-04-29 16:46:05.585 [info] Executing :w
2023-04-29 16:46:13.801 [info] Searching for cal
2023-04-29 16:46:23.425 [info] Executing :w
2023-04-29 16:46:40.316 [info] Searching for caption
2023-04-29 16:46:43.621 [info] Executing :w
2023-04-29 16:46:45.265 [info] Executing :w
2023-04-29 16:47:05.757 [info] Active editor: file:///home/rafe/Documents/sp23/EEL5632/final_project/V2X_Example/report/dico.txt
2023-04-29 16:47:18.368 [info] Executing :w
2023-04-29 16:47:36.213 [info] Active editor: file:///home/rafe/Documents/sp23/EEL5632/final_project/V2X_Example/report/eel5632_report_Autogators.tex
2023-04-29 16:47:39.165 [info] Searching for 100mm
2023-04-29 16:47:40.842 [info] Executing :w
2023-04-29 16:47:43.855 [info] Searching for mm
2023-04-29 16:47:47.328 [info] Executing :w
2023-04-29 16:47:47.968 [info] Executing :w
2023-04-29 16:48:00.020 [info] Searching for wifi
2023-04-29 16:48:12.151 [info] Executing :w
2023-04-29 16:48:12.683 [info] Executing :w
2023-04-29 16:48:47.108 [info] Active editor: file:///home/rafe/Documents/sp23/EEL5632/final_project/V2X_Example/report/dico.txt
2023-04-29 16:48:51.806 [info] Executing :w
2023-04-29 16:48:56.319 [info] Executing :w
2023-04-29 16:48:58.770 [info] Active editor: file:///home/rafe/Documents/sp23/EEL5632/final_project/V2X_Example/report/eel5632_report_Autogators.tex
2023-04-29 16:49:00.297 [info] Searching for github
2023-04-29 16:49:03.280 [info] Executing :w
2023-04-29 16:49:03.773 [info] Executing :w
2023-04-29 16:49:04.514 [info] Executing :w
2023-04-29 16:49:12.591 [info] Executing :w
2023-04-29 16:50:03.893 [info] Searching for side-
2023-04-29 16:50:05.801 [info] Executing :w
2023-04-29 16:50:06.339 [info] Executing :w
2023-04-29 16:52:08.237 [info] Active editor: file:///home/rafe/Documents/sp23/EEL5632/final_project/V2X_Example/report/bibs.bib
2023-04-29 16:52:17.209 [info] Active editor: file:///home/rafe/Documents/sp23/EEL5632/final_project/V2X_Example/report/eel5632_report_Autogators.tex
2023-04-29 16:58:40.205 [info] /home/rafe/Documents/sp23/EEL5632/final_project/V2X_Example/report/bibs.bib closed
2023-04-29 16:58:40.205 [info] /home/rafe/Documents/sp23/EEL5632/final_project/V2X_Example/report/bibs.bib.git closed
2023-04-29 16:58:40.712 [info] /home/rafe/Documents/sp23/EEL5632/final_project/V2X_Example/report/dico.txt closed
2023-04-29 16:58:40.712 [info] /home/rafe/Documents/sp23/EEL5632/final_project/V2X_Example/report/dico.txt.git closed
