2023-04-26 13:45:11.891 [info] Log level: Info
2023-04-26 13:45:11.891 [info] Validating found git in: "git"
2023-04-26 13:45:11.891 [info] Using git "2.40.0" from "git"
2023-04-26 13:45:11.891 [info] > git rev-parse --show-toplevel [4ms]
2023-04-26 13:45:11.891 [info] fatal: not a git repository (or any parent up to mount point /)
Stopping at filesystem boundary (GIT_DISCOVERY_ACROSS_FILESYSTEM not set).
2023-04-26 13:45:11.892 [info] > git rev-parse --show-toplevel [8ms]
2023-04-26 13:45:11.892 [info] fatal: not a git repository (or any parent up to mount point /)
Stopping at filesystem boundary (GIT_DISCOVERY_ACROSS_FILESYSTEM not set).
2023-04-26 13:45:11.904 [info] > git rev-parse --show-toplevel [8ms]
2023-04-26 13:45:11.904 [info] fatal: not a git repository (or any parent up to mount point /)
Stopping at filesystem boundary (GIT_DISCOVERY_ACROSS_FILESYSTEM not set).
2023-04-26 13:45:11.909 [info] > git rev-parse --show-toplevel [1ms]
2023-04-26 13:45:11.909 [info] fatal: not a git repository (or any parent up to mount point /)
Stopping at filesystem boundary (GIT_DISCOVERY_ACROSS_FILESYSTEM not set).
2023-04-26 13:45:11.912 [info] > git rev-parse --show-toplevel [1ms]
2023-04-26 13:45:11.912 [info] fatal: not a git repository (or any parent up to mount point /)
Stopping at filesystem boundary (GIT_DISCOVERY_ACROSS_FILESYSTEM not set).
2023-04-26 13:45:11.915 [info] > git rev-parse --show-toplevel [1ms]
2023-04-26 13:45:11.915 [info] fatal: not a git repository (or any parent up to mount point /)
Stopping at filesystem boundary (GIT_DISCOVERY_ACROSS_FILESYSTEM not set).
2023-04-26 13:45:11.918 [info] > git rev-parse --show-toplevel [1ms]
2023-04-26 13:45:11.918 [info] fatal: not a git repository (or any parent up to mount point /)
Stopping at filesystem boundary (GIT_DISCOVERY_ACROSS_FILESYSTEM not set).
2023-04-26 13:45:11.920 [info] > git rev-parse --show-toplevel [0ms]
2023-04-26 13:45:11.920 [info] fatal: not a git repository (or any parent up to mount point /)
Stopping at filesystem boundary (GIT_DISCOVERY_ACROSS_FILESYSTEM not set).
2023-04-26 13:45:11.923 [info] > git rev-parse --show-toplevel [0ms]
2023-04-26 13:45:11.923 [info] fatal: not a git repository (or any parent up to mount point /)
Stopping at filesystem boundary (GIT_DISCOVERY_ACROSS_FILESYSTEM not set).
2023-04-26 13:45:11.926 [info] > git rev-parse --show-toplevel [1ms]
2023-04-26 13:45:11.926 [info] fatal: not a git repository (or any parent up to mount point /)
Stopping at filesystem boundary (GIT_DISCOVERY_ACROSS_FILESYSTEM not set).
2023-04-26 13:45:11.929 [info] > git rev-parse --show-toplevel [1ms]
2023-04-26 13:45:11.929 [info] fatal: not a git repository (or any parent up to mount point /)
Stopping at filesystem boundary (GIT_DISCOVERY_ACROSS_FILESYSTEM not set).
2023-04-26 13:46:03.661 [info] Log level: Info
2023-04-26 13:46:03.661 [info] Validating found git in: "git"
2023-04-26 13:46:03.661 [info] Using git "2.40.0" from "git"
2023-04-26 13:46:03.661 [info] > git rev-parse --show-toplevel [3ms]
2023-04-26 13:46:03.667 [info] > git rev-parse --git-dir --git-common-dir [1ms]
2023-04-26 13:46:03.674 [info] Open repository: /home/rafe/Documents/sp23/EEL5632/final_project/V2X_Example
2023-04-26 13:46:03.686 [info] > git rev-parse --show-toplevel [6ms]
2023-04-26 13:46:03.695 [info] > git rev-parse --show-toplevel [3ms]
2023-04-26 13:46:03.701 [info] > git config --get commit.template [14ms]
2023-04-26 13:46:03.702 [info] > git rev-parse --show-toplevel [2ms]
2023-04-26 13:46:03.715 [info] > git rev-parse --show-toplevel [6ms]
2023-04-26 13:46:03.718 [info] > git for-each-ref --format=%(refname)%00%(upstream:short)%00%(objectname)%00%(upstream:track)%00%(upstream:remotename)%00%(upstream:remoteref) refs/heads/master refs/remotes/master [4ms]
2023-04-26 13:46:03.723 [info] > git rev-parse --show-toplevel [5ms]
2023-04-26 13:46:03.726 [info] > git status -z -uall [4ms]
2023-04-26 13:46:03.746 [info] > git rev-parse --show-toplevel [20ms]
2023-04-26 13:46:03.753 [info] > git rev-parse --show-toplevel [1ms]
2023-04-26 13:46:03.757 [info] > git config --get commit.template [22ms]
2023-04-26 13:46:03.757 [info] > git rev-parse --show-toplevel [1ms]
2023-04-26 13:46:03.761 [info] > git for-each-ref --format=%(refname)%00%(upstream:short)%00%(objectname)%00%(upstream:track)%00%(upstream:remotename)%00%(upstream:remoteref) refs/heads/master refs/remotes/master [1ms]
2023-04-26 13:46:03.765 [info] > git status -z -uall [1ms]
2023-04-26 13:46:04.198 [info] > git check-ignore -v -z --stdin [0ms]
2023-04-26 13:46:36.076 [info] > git check-ignore -v -z --stdin [1ms]
2023-04-26 13:46:36.905 [info] > git check-ignore -v -z --stdin [0ms]
2023-04-26 13:46:41.463 [info] > git show --textconv :report/eel5632_report_Autogators.tex [5ms]
2023-04-26 13:46:41.464 [info] > git ls-files --stage -- /home/rafe/Documents/sp23/EEL5632/final_project/V2X_Example/report/eel5632_report_Autogators.tex [1ms]
2023-04-26 13:46:41.469 [info] > git cat-file -s 6b984f5bd23dd708878ba7b694ef16172ad5db29 [1ms]
