2023-04-26 14:14:39.161 [info] Log level: Info
2023-04-26 14:14:39.161 [info] Validating found git in: "git"
2023-04-26 14:14:39.161 [info] Using git "2.40.0" from "git"
2023-04-26 14:14:39.161 [info] > git rev-parse --show-toplevel [3ms]
2023-04-26 14:14:39.161 [info] > git rev-parse --git-dir --git-common-dir [0ms]
2023-04-26 14:14:39.161 [info] Open repository: /home/rafe/Documents/sp23/EEL5632/final_project/V2X_Example
2023-04-26 14:14:39.161 [info] > git rev-parse --show-toplevel [6ms]
2023-04-26 14:14:39.161 [info] > git config --get commit.template [5ms]
2023-04-26 14:14:39.161 [info] > git rev-parse --show-toplevel [1ms]
2023-04-26 14:14:39.161 [info] > git for-each-ref --format=%(refname)%00%(upstream:short)%00%(objectname)%00%(upstream:track)%00%(upstream:remotename)%00%(upstream:remoteref) refs/heads/master refs/remotes/master [1ms]
2023-04-26 14:14:39.161 [info] > git rev-parse --show-toplevel [16ms]
2023-04-26 14:14:39.161 [info] > git status -z -uall [7ms]
2023-04-26 14:14:39.161 [info] > git rev-parse --show-toplevel [15ms]
2023-04-26 14:14:39.161 [info] > git config --get commit.template [8ms]
2023-04-26 14:14:39.161 [info] > git rev-parse --show-toplevel [1ms]
2023-04-26 14:14:39.161 [info] > git rev-parse --show-toplevel [5ms]
2023-04-26 14:14:39.161 [info] > git for-each-ref --format=%(refname)%00%(upstream:short)%00%(objectname)%00%(upstream:track)%00%(upstream:remotename)%00%(upstream:remoteref) refs/heads/master refs/remotes/master [6ms]
2023-04-26 14:14:39.161 [info] > git rev-parse --show-toplevel [5ms]
2023-04-26 14:14:39.161 [info] > git status -z -uall [6ms]
2023-04-26 14:14:39.161 [info] > git rev-parse --show-toplevel [3ms]
2023-04-26 14:14:39.161 [info] > git rev-parse --show-toplevel [13ms]
2023-04-26 14:14:39.674 [info] > git check-ignore -v -z --stdin [1ms]
2023-04-26 14:14:39.748 [info] > git show --textconv :report/eel5632_report_Autogators.tex [8ms]
2023-04-26 14:14:39.749 [info] > git ls-files --stage -- /home/rafe/Documents/sp23/EEL5632/final_project/V2X_Example/report/eel5632_report_Autogators.tex [1ms]
2023-04-26 14:14:39.759 [info] > git cat-file -s 6b984f5bd23dd708878ba7b694ef16172ad5db29 [4ms]
2023-04-26 14:15:36.016 [info] > git show --textconv :report/eel5632_report_Autogators.tex [4ms]
2023-04-26 14:15:36.016 [info] > git ls-files --stage -- /home/rafe/Documents/sp23/EEL5632/final_project/V2X_Example/report/eel5632_report_Autogators.tex [1ms]
2023-04-26 14:15:36.019 [info] > git cat-file -s 6b984f5bd23dd708878ba7b694ef16172ad5db29 [0ms]
2023-04-26 14:25:26.806 [info] > git config --get commit.template [4ms]
2023-04-26 14:25:26.806 [info] > git for-each-ref --format=%(refname)%00%(upstream:short)%00%(objectname)%00%(upstream:track)%00%(upstream:remotename)%00%(upstream:remoteref) refs/heads/master refs/remotes/master [1ms]
2023-04-26 14:25:26.811 [info] > git status -z -uall [2ms]
2023-04-26 14:25:51.149 [info] > git config --get commit.template [1ms]
2023-04-26 14:25:51.157 [info] > git for-each-ref --format=%(refname)%00%(upstream:short)%00%(objectname)%00%(upstream:track)%00%(upstream:remotename)%00%(upstream:remoteref) refs/heads/master refs/remotes/master [0ms]
2023-04-26 14:25:51.164 [info] > git status -z -uall [2ms]
2023-04-26 14:30:50.156 [info] > git config --get commit.template [6ms]
2023-04-26 14:30:50.157 [info] > git for-each-ref --format=%(refname)%00%(upstream:short)%00%(objectname)%00%(upstream:track)%00%(upstream:remotename)%00%(upstream:remoteref) refs/heads/master refs/remotes/master [1ms]
2023-04-26 14:30:50.165 [info] > git status -z -uall [4ms]
2023-04-26 14:30:50.177 [info] > git ls-files --stage -- /home/rafe/Documents/sp23/EEL5632/final_project/V2X_Example/report/eel5632_report_Autogators.tex [1ms]
2023-04-26 14:30:50.182 [info] > git cat-file -s 9ecfde329968f869993b3e6e39ae9311690f1295 [0ms]
2023-04-26 14:30:50.186 [info] > git show --textconv :report/eel5632_report_Autogators.tex [1ms]
2023-04-26 14:31:59.802 [info] > git config --get commit.template [1ms]
2023-04-26 14:31:59.811 [info] > git for-each-ref --format=%(refname)%00%(upstream:short)%00%(objectname)%00%(upstream:track)%00%(upstream:remotename)%00%(upstream:remoteref) refs/heads/master refs/remotes/master [1ms]
2023-04-26 14:31:59.821 [info] > git status -z -uall [2ms]
2023-04-26 14:34:28.255 [info] > git config --get commit.template [6ms]
2023-04-26 14:34:28.256 [info] > git for-each-ref --format=%(refname)%00%(upstream:short)%00%(objectname)%00%(upstream:track)%00%(upstream:remotename)%00%(upstream:remoteref) refs/heads/master refs/remotes/master [2ms]
2023-04-26 14:34:28.261 [info] > git status -z -uall [2ms]
2023-04-26 14:35:54.659 [info] > git config --get commit.template [9ms]
2023-04-26 14:35:54.659 [info] > git for-each-ref --format=%(refname)%00%(upstream:short)%00%(objectname)%00%(upstream:track)%00%(upstream:remotename)%00%(upstream:remoteref) refs/heads/master refs/remotes/master [2ms]
2023-04-26 14:35:54.669 [info] > git status -z -uall [2ms]
2023-04-26 14:35:59.679 [info] > git config --get commit.template [1ms]
2023-04-26 14:35:59.685 [info] > git for-each-ref --format=%(refname)%00%(upstream:short)%00%(objectname)%00%(upstream:track)%00%(upstream:remotename)%00%(upstream:remoteref) refs/heads/master refs/remotes/master [1ms]
2023-04-26 14:35:59.692 [info] > git status -z -uall [2ms]
2023-04-26 14:43:10.776 [info] > git config --get commit.template [0ms]
2023-04-26 14:43:10.779 [info] > git for-each-ref --format=%(refname)%00%(upstream:short)%00%(objectname)%00%(upstream:track)%00%(upstream:remotename)%00%(upstream:remoteref) refs/heads/master refs/remotes/master [1ms]
2023-04-26 14:43:10.784 [info] > git status -z -uall [1ms]
2023-04-26 14:43:34.613 [info] > git config --get commit.template [0ms]
2023-04-26 14:43:34.617 [info] > git for-each-ref --format=%(refname)%00%(upstream:short)%00%(objectname)%00%(upstream:track)%00%(upstream:remotename)%00%(upstream:remoteref) refs/heads/master refs/remotes/master [1ms]
2023-04-26 14:43:34.622 [info] > git status -z -uall [2ms]
2023-04-26 14:44:03.240 [info] > git config --get commit.template [3ms]
2023-04-26 14:44:03.241 [info] > git for-each-ref --format=%(refname)%00%(upstream:short)%00%(objectname)%00%(upstream:track)%00%(upstream:remotename)%00%(upstream:remoteref) refs/heads/master refs/remotes/master [1ms]
2023-04-26 14:44:03.245 [info] > git status -z -uall [2ms]
2023-04-26 14:45:37.922 [info] > git config --get commit.template [2ms]
2023-04-26 14:45:37.928 [info] > git for-each-ref --format=%(refname)%00%(upstream:short)%00%(objectname)%00%(upstream:track)%00%(upstream:remotename)%00%(upstream:remoteref) refs/heads/master refs/remotes/master [1ms]
2023-04-26 14:45:37.942 [info] > git status -z -uall [8ms]
2023-04-26 14:45:37.946 [info] > git ls-files --stage -- /home/rafe/Documents/sp23/EEL5632/final_project/V2X_Example/report/eel5632_report_Autogators.tex [4ms]
2023-04-26 14:45:37.953 [info] > git cat-file -s b37cc6eb1fa8e6f229715eccc6f466e31039ecea [2ms]
2023-04-26 14:45:37.963 [info] > git show --textconv :report/eel5632_report_Autogators.tex [1ms]
2023-04-26 14:45:42.958 [info] > git config --get commit.template [6ms]
2023-04-26 14:45:42.959 [info] > git for-each-ref --format=%(refname)%00%(upstream:short)%00%(objectname)%00%(upstream:track)%00%(upstream:remotename)%00%(upstream:remoteref) refs/heads/master refs/remotes/master [1ms]
2023-04-26 14:45:42.966 [info] > git status -z -uall [2ms]
2023-04-26 14:45:47.976 [info] > git config --get commit.template [3ms]
2023-04-26 14:45:47.976 [info] > git for-each-ref --format=%(refname)%00%(upstream:short)%00%(objectname)%00%(upstream:track)%00%(upstream:remotename)%00%(upstream:remoteref) refs/heads/master refs/remotes/master [0ms]
2023-04-26 14:45:47.983 [info] > git status -z -uall [2ms]
2023-04-26 14:45:52.993 [info] > git config --get commit.template [3ms]
2023-04-26 14:45:52.993 [info] > git for-each-ref --format=%(refname)%00%(upstream:short)%00%(objectname)%00%(upstream:track)%00%(upstream:remotename)%00%(upstream:remoteref) refs/heads/master refs/remotes/master [1ms]
2023-04-26 14:45:52.998 [info] > git status -z -uall [2ms]
2023-04-26 14:46:04.066 [info] > git config --get commit.template [4ms]
2023-04-26 14:46:04.066 [info] > git for-each-ref --format=%(refname)%00%(upstream:short)%00%(objectname)%00%(upstream:track)%00%(upstream:remotename)%00%(upstream:remoteref) refs/heads/master refs/remotes/master [1ms]
2023-04-26 14:46:04.071 [info] > git status -z -uall [2ms]
2023-04-26 14:46:14.553 [info] > git config --get commit.template [3ms]
2023-04-26 14:46:14.553 [info] > git for-each-ref --format=%(refname)%00%(upstream:short)%00%(objectname)%00%(upstream:track)%00%(upstream:remotename)%00%(upstream:remoteref) refs/heads/master refs/remotes/master [1ms]
2023-04-26 14:46:14.557 [info] > git status -z -uall [1ms]
2023-04-26 14:54:54.410 [info] > git config --get commit.template [3ms]
2023-04-26 14:54:54.410 [info] > git for-each-ref --format=%(refname)%00%(upstream:short)%00%(objectname)%00%(upstream:track)%00%(upstream:remotename)%00%(upstream:remoteref) refs/heads/master refs/remotes/master [1ms]
2023-04-26 14:54:54.415 [info] > git status -z -uall [2ms]
2023-04-26 14:57:16.005 [info] > git config --get commit.template [1ms]
2023-04-26 14:57:16.012 [info] > git for-each-ref --format=%(refname)%00%(upstream:short)%00%(objectname)%00%(upstream:track)%00%(upstream:remotename)%00%(upstream:remoteref) refs/heads/master refs/remotes/master [1ms]
2023-04-26 14:57:16.021 [info] > git status -z -uall [3ms]
2023-04-26 14:57:21.964 [info] > git config --get commit.template [5ms]
2023-04-26 14:57:21.964 [info] > git for-each-ref --format=%(refname)%00%(upstream:short)%00%(objectname)%00%(upstream:track)%00%(upstream:remotename)%00%(upstream:remoteref) refs/heads/master refs/remotes/master [1ms]
2023-04-26 14:57:21.972 [info] > git status -z -uall [2ms]
2023-04-26 14:57:26.984 [info] > git config --get commit.template [4ms]
2023-04-26 14:57:26.984 [info] > git for-each-ref --format=%(refname)%00%(upstream:short)%00%(objectname)%00%(upstream:track)%00%(upstream:remotename)%00%(upstream:remoteref) refs/heads/master refs/remotes/master [0ms]
2023-04-26 14:57:26.989 [info] > git status -z -uall [2ms]
2023-04-26 14:58:49.126 [info] > git config --get commit.template [4ms]
2023-04-26 14:58:49.126 [info] > git for-each-ref --format=%(refname)%00%(upstream:short)%00%(objectname)%00%(upstream:track)%00%(upstream:remotename)%00%(upstream:remoteref) refs/heads/master refs/remotes/master [0ms]
2023-04-26 14:58:49.131 [info] > git status -z -uall [2ms]
2023-04-26 14:59:21.935 [info] > git config --get commit.template [3ms]
2023-04-26 14:59:21.936 [info] > git for-each-ref --format=%(refname)%00%(upstream:short)%00%(objectname)%00%(upstream:track)%00%(upstream:remotename)%00%(upstream:remoteref) refs/heads/master refs/remotes/master [0ms]
2023-04-26 14:59:21.941 [info] > git status -z -uall [2ms]
2023-04-26 15:01:42.828 [info] > git config --get commit.template [4ms]
2023-04-26 15:01:42.828 [info] > git for-each-ref --format=%(refname)%00%(upstream:short)%00%(objectname)%00%(upstream:track)%00%(upstream:remotename)%00%(upstream:remoteref) refs/heads/master refs/remotes/master [1ms]
2023-04-26 15:01:42.833 [info] > git status -z -uall [2ms]
2023-04-26 15:02:05.905 [info] > git config --get commit.template [5ms]
2023-04-26 15:02:05.906 [info] > git for-each-ref --format=%(refname)%00%(upstream:short)%00%(objectname)%00%(upstream:track)%00%(upstream:remotename)%00%(upstream:remoteref) refs/heads/master refs/remotes/master [1ms]
2023-04-26 15:02:05.910 [info] > git status -z -uall [2ms]
2023-04-26 15:02:30.334 [info] > git config --get commit.template [3ms]
2023-04-26 15:02:30.335 [info] > git for-each-ref --format=%(refname)%00%(upstream:short)%00%(objectname)%00%(upstream:track)%00%(upstream:remotename)%00%(upstream:remoteref) refs/heads/master refs/remotes/master [1ms]
2023-04-26 15:02:30.340 [info] > git status -z -uall [3ms]
2023-04-26 15:05:40.136 [info] > git config --get commit.template [3ms]
2023-04-26 15:05:40.137 [info] > git for-each-ref --format=%(refname)%00%(upstream:short)%00%(objectname)%00%(upstream:track)%00%(upstream:remotename)%00%(upstream:remoteref) refs/heads/master refs/remotes/master [1ms]
2023-04-26 15:05:40.141 [info] > git status -z -uall [1ms]
2023-04-26 15:06:22.025 [info] > git config --get commit.template [14ms]
2023-04-26 15:06:22.025 [info] > git for-each-ref --format=%(refname)%00%(upstream:short)%00%(objectname)%00%(upstream:track)%00%(upstream:remotename)%00%(upstream:remoteref) refs/heads/master refs/remotes/master [1ms]
2023-04-26 15:06:22.029 [info] > git ls-files --stage -- /home/rafe/Documents/sp23/EEL5632/final_project/V2X_Example/report/eel5632_report_Autogators.tex [10ms]
2023-04-26 15:06:22.036 [info] > git status -z -uall [7ms]
2023-04-26 15:06:22.039 [info] > git cat-file -s 2a0b1a264b5b40cab2d17514b1b79122d6ba93dd [3ms]
2023-04-26 15:06:22.046 [info] > git show --textconv :report/eel5632_report_Autogators.tex [1ms]
2023-04-26 15:06:27.048 [info] > git config --get commit.template [3ms]
2023-04-26 15:06:27.049 [info] > git for-each-ref --format=%(refname)%00%(upstream:short)%00%(objectname)%00%(upstream:track)%00%(upstream:remotename)%00%(upstream:remoteref) refs/heads/master refs/remotes/master [1ms]
2023-04-26 15:06:27.054 [info] > git status -z -uall [2ms]
2023-04-26 15:23:07.591 [info] > git check-ignore -v -z --stdin [0ms]
2023-04-26 15:23:15.841 [info] > git check-ignore -v -z --stdin [1ms]
2023-04-26 15:23:20.570 [info] > git show --textconv :report/bibs.bib [7ms]
2023-04-26 15:23:20.570 [info] > git ls-files --stage -- /home/rafe/Documents/sp23/EEL5632/final_project/V2X_Example/report/bibs.bib [1ms]
2023-04-26 15:23:20.577 [info] > git cat-file -s b1b7773c2072cced64877210338cdbe0c35ab90a [1ms]
2023-04-26 15:26:42.189 [info] > git config --get commit.template [3ms]
2023-04-26 15:26:42.190 [info] > git for-each-ref --format=%(refname)%00%(upstream:short)%00%(objectname)%00%(upstream:track)%00%(upstream:remotename)%00%(upstream:remoteref) refs/heads/master refs/remotes/master [1ms]
2023-04-26 15:26:42.196 [info] > git status -z -uall [3ms]
2023-04-26 15:27:15.273 [info] > git config --get commit.template [4ms]
2023-04-26 15:27:15.273 [info] > git for-each-ref --format=%(refname)%00%(upstream:short)%00%(objectname)%00%(upstream:track)%00%(upstream:remotename)%00%(upstream:remoteref) refs/heads/master refs/remotes/master [1ms]
2023-04-26 15:27:15.278 [info] > git status -z -uall [2ms]
2023-04-26 15:27:20.287 [info] > git config --get commit.template [1ms]
2023-04-26 15:27:20.293 [info] > git for-each-ref --format=%(refname)%00%(upstream:short)%00%(objectname)%00%(upstream:track)%00%(upstream:remotename)%00%(upstream:remoteref) refs/heads/master refs/remotes/master [2ms]
2023-04-26 15:27:20.299 [info] > git status -z -uall [2ms]
2023-04-26 15:27:51.540 [info] > git config --get commit.template [5ms]
2023-04-26 15:27:51.541 [info] > git for-each-ref --format=%(refname)%00%(upstream:short)%00%(objectname)%00%(upstream:track)%00%(upstream:remotename)%00%(upstream:remoteref) refs/heads/master refs/remotes/master [1ms]
2023-04-26 15:27:51.550 [info] > git status -z -uall [3ms]
2023-04-26 15:29:26.427 [info] > git config --get commit.template [1ms]
2023-04-26 15:29:26.434 [info] > git for-each-ref --format=%(refname)%00%(upstream:short)%00%(objectname)%00%(upstream:track)%00%(upstream:remotename)%00%(upstream:remoteref) refs/heads/master refs/remotes/master [1ms]
2023-04-26 15:29:26.443 [info] > git status -z -uall [3ms]
2023-04-26 15:31:04.079 [info] > git config --get commit.template [3ms]
2023-04-26 15:31:04.092 [info] > git for-each-ref --format=%(refname)%00%(upstream:short)%00%(objectname)%00%(upstream:track)%00%(upstream:remotename)%00%(upstream:remoteref) refs/heads/master refs/remotes/master [3ms]
2023-04-26 15:31:04.107 [info] > git status -z -uall [3ms]
2023-04-26 15:31:29.792 [info] > git config --get commit.template [0ms]
2023-04-26 15:31:29.800 [info] > git for-each-ref --format=%(refname)%00%(upstream:short)%00%(objectname)%00%(upstream:track)%00%(upstream:remotename)%00%(upstream:remoteref) refs/heads/master refs/remotes/master [1ms]
2023-04-26 15:31:29.808 [info] > git status -z -uall [2ms]
2023-04-26 15:31:34.818 [info] > git config --get commit.template [3ms]
2023-04-26 15:31:34.819 [info] > git for-each-ref --format=%(refname)%00%(upstream:short)%00%(objectname)%00%(upstream:track)%00%(upstream:remotename)%00%(upstream:remoteref) refs/heads/master refs/remotes/master [1ms]
2023-04-26 15:31:34.823 [info] > git status -z -uall [1ms]
2023-04-26 15:31:46.462 [info] > git config --get commit.template [3ms]
2023-04-26 15:31:46.463 [info] > git for-each-ref --format=%(refname)%00%(upstream:short)%00%(objectname)%00%(upstream:track)%00%(upstream:remotename)%00%(upstream:remoteref) refs/heads/master refs/remotes/master [1ms]
2023-04-26 15:31:46.467 [info] > git status -z -uall [1ms]
2023-04-26 15:31:53.848 [info] > git config --get commit.template [6ms]
2023-04-26 15:31:53.848 [info] > git for-each-ref --format=%(refname)%00%(upstream:short)%00%(objectname)%00%(upstream:track)%00%(upstream:remotename)%00%(upstream:remoteref) refs/heads/master refs/remotes/master [1ms]
2023-04-26 15:31:53.855 [info] > git status -z -uall [2ms]
2023-04-26 15:31:58.871 [info] > git config --get commit.template [6ms]
2023-04-26 15:31:58.872 [info] > git for-each-ref --format=%(refname)%00%(upstream:short)%00%(objectname)%00%(upstream:track)%00%(upstream:remotename)%00%(upstream:remoteref) refs/heads/master refs/remotes/master [1ms]
2023-04-26 15:31:58.881 [info] > git status -z -uall [3ms]
2023-04-26 15:32:03.892 [info] > git config --get commit.template [4ms]
2023-04-26 15:32:03.892 [info] > git for-each-ref --format=%(refname)%00%(upstream:short)%00%(objectname)%00%(upstream:track)%00%(upstream:remotename)%00%(upstream:remoteref) refs/heads/master refs/remotes/master [0ms]
2023-04-26 15:32:03.897 [info] > git status -z -uall [2ms]
2023-04-26 15:32:18.472 [info] > git config --get commit.template [0ms]
2023-04-26 15:32:18.479 [info] > git for-each-ref --format=%(refname)%00%(upstream:short)%00%(objectname)%00%(upstream:track)%00%(upstream:remotename)%00%(upstream:remoteref) refs/heads/master refs/remotes/master [1ms]
2023-04-26 15:32:18.489 [info] > git status -z -uall [2ms]
2023-04-26 15:32:45.919 [info] > git config --get commit.template [1ms]
2023-04-26 15:32:45.925 [info] > git for-each-ref --format=%(refname)%00%(upstream:short)%00%(objectname)%00%(upstream:track)%00%(upstream:remotename)%00%(upstream:remoteref) refs/heads/master refs/remotes/master [1ms]
2023-04-26 15:32:45.934 [info] > git status -z -uall [4ms]
2023-04-26 15:33:02.481 [info] > git config --get commit.template [8ms]
2023-04-26 15:33:02.481 [info] > git for-each-ref --format=%(refname)%00%(upstream:short)%00%(objectname)%00%(upstream:track)%00%(upstream:remotename)%00%(upstream:remoteref) refs/heads/master refs/remotes/master [1ms]
2023-04-26 15:33:02.489 [info] > git status -z -uall [2ms]
2023-04-26 15:36:57.637 [info] > git config --get commit.template [0ms]
2023-04-26 15:36:57.644 [info] > git for-each-ref --format=%(refname)%00%(upstream:short)%00%(objectname)%00%(upstream:track)%00%(upstream:remotename)%00%(upstream:remoteref) refs/heads/master refs/remotes/master [1ms]
2023-04-26 15:36:57.652 [info] > git status -z -uall [3ms]
2023-04-26 15:37:12.552 [info] > git config --get commit.template [0ms]
2023-04-26 15:37:12.559 [info] > git for-each-ref --format=%(refname)%00%(upstream:short)%00%(objectname)%00%(upstream:track)%00%(upstream:remotename)%00%(upstream:remoteref) refs/heads/master refs/remotes/master [1ms]
2023-04-26 15:37:12.567 [info] > git status -z -uall [2ms]
2023-04-26 15:38:43.101 [info] > git config --get commit.template [1ms]
2023-04-26 15:38:43.108 [info] > git for-each-ref --format=%(refname)%00%(upstream:short)%00%(objectname)%00%(upstream:track)%00%(upstream:remotename)%00%(upstream:remoteref) refs/heads/master refs/remotes/master [1ms]
2023-04-26 15:38:43.118 [info] > git status -z -uall [2ms]
2023-04-26 15:38:48.129 [info] > git config --get commit.template [3ms]
2023-04-26 15:38:48.130 [info] > git for-each-ref --format=%(refname)%00%(upstream:short)%00%(objectname)%00%(upstream:track)%00%(upstream:remotename)%00%(upstream:remoteref) refs/heads/master refs/remotes/master [1ms]
2023-04-26 15:38:48.134 [info] > git status -z -uall [2ms]
2023-04-26 15:39:19.321 [info] > git config --get commit.template [1ms]
2023-04-26 15:39:19.328 [info] > git for-each-ref --format=%(refname)%00%(upstream:short)%00%(objectname)%00%(upstream:track)%00%(upstream:remotename)%00%(upstream:remoteref) refs/heads/master refs/remotes/master [1ms]
2023-04-26 15:39:19.335 [info] > git status -z -uall [2ms]
2023-04-26 15:39:39.654 [info] > git config --get commit.template [4ms]
2023-04-26 15:39:39.654 [info] > git for-each-ref --format=%(refname)%00%(upstream:short)%00%(objectname)%00%(upstream:track)%00%(upstream:remotename)%00%(upstream:remoteref) refs/heads/master refs/remotes/master [1ms]
2023-04-26 15:39:39.659 [info] > git status -z -uall [2ms]
2023-04-26 15:39:45.959 [info] > git config --get commit.template [3ms]
2023-04-26 15:39:45.959 [info] > git for-each-ref --format=%(refname)%00%(upstream:short)%00%(objectname)%00%(upstream:track)%00%(upstream:remotename)%00%(upstream:remoteref) refs/heads/master refs/remotes/master [1ms]
2023-04-26 15:39:45.963 [info] > git status -z -uall [1ms]
2023-04-26 15:40:48.558 [info] > git config --get commit.template [6ms]
2023-04-26 15:40:48.559 [info] > git for-each-ref --format=%(refname)%00%(upstream:short)%00%(objectname)%00%(upstream:track)%00%(upstream:remotename)%00%(upstream:remoteref) refs/heads/master refs/remotes/master [1ms]
2023-04-26 15:40:48.567 [info] > git status -z -uall [2ms]
2023-04-26 15:41:28.867 [info] > git config --get commit.template [7ms]
2023-04-26 15:41:28.867 [info] > git for-each-ref --format=%(refname)%00%(upstream:short)%00%(objectname)%00%(upstream:track)%00%(upstream:remotename)%00%(upstream:remoteref) refs/heads/master refs/remotes/master [0ms]
2023-04-26 15:41:28.875 [info] > git status -z -uall [2ms]
2023-04-26 15:41:31.577 [info] > git ls-files --stage -- /home/rafe/Documents/sp23/EEL5632/final_project/V2X_Example/report/eel5632_report_Autogators.tex [8ms]
2023-04-26 15:41:31.583 [info] > git ls-files --stage -- /home/rafe/Documents/sp23/EEL5632/final_project/V2X_Example/report/bibs.bib [7ms]
2023-04-26 15:41:31.590 [info] > git cat-file -s 058041e053da89321576f5b402e7939919dbf38f [7ms]
2023-04-26 15:41:31.590 [info] > git cat-file -s cb5e8d335b545c5acfcd4212e732d7fbca77dd9d [1ms]
2023-04-26 15:41:31.603 [info] > git show --textconv :report/eel5632_report_Autogators.tex [6ms]
2023-04-26 15:41:31.603 [info] > git show --textconv :report/bibs.bib [1ms]
2023-04-26 15:41:33.891 [info] > git config --get commit.template [7ms]
2023-04-26 15:41:33.891 [info] > git for-each-ref --format=%(refname)%00%(upstream:short)%00%(objectname)%00%(upstream:track)%00%(upstream:remotename)%00%(upstream:remoteref) refs/heads/master refs/remotes/master [1ms]
2023-04-26 15:41:33.900 [info] > git status -z -uall [3ms]
2023-04-26 15:41:45.553 [info] > git config --get commit.template [3ms]
2023-04-26 15:41:45.554 [info] > git for-each-ref --format=%(refname)%00%(upstream:short)%00%(objectname)%00%(upstream:track)%00%(upstream:remotename)%00%(upstream:remoteref) refs/heads/master refs/remotes/master [1ms]
2023-04-26 15:41:45.559 [info] > git status -z -uall [2ms]
2023-04-26 15:42:11.283 [info] > git config --get commit.template [1ms]
2023-04-26 15:42:11.312 [info] > git ls-files --stage -- /home/rafe/Documents/sp23/EEL5632/final_project/V2X_Example/report/eel5632_report_Autogators.tex [10ms]
2023-04-26 15:42:11.318 [info] > git for-each-ref --format=%(refname)%00%(upstream:short)%00%(objectname)%00%(upstream:track)%00%(upstream:remotename)%00%(upstream:remoteref) refs/heads/master refs/remotes/master [24ms]
2023-04-26 15:42:11.326 [info] > git cat-file -s 058041e053da89321576f5b402e7939919dbf38f [8ms]
2023-04-26 15:42:11.327 [info] > git ls-files --stage -- /home/rafe/Documents/sp23/EEL5632/final_project/V2X_Example/report/bibs.bib [16ms]
2023-04-26 15:42:11.332 [info] > git status -z -uall [7ms]
2023-04-26 15:42:11.341 [info] > git cat-file -s 5cf4e276c670a74a00aa908c2fe08a4389014b7c [10ms]
2023-04-26 15:42:11.342 [info] > git show --textconv :report/eel5632_report_Autogators.tex [2ms]
2023-04-26 15:42:11.355 [info] > git show --textconv :report/bibs.bib [2ms]
2023-04-26 15:42:16.344 [info] > git config --get commit.template [5ms]
2023-04-26 15:42:16.344 [info] > git for-each-ref --format=%(refname)%00%(upstream:short)%00%(objectname)%00%(upstream:track)%00%(upstream:remotename)%00%(upstream:remoteref) refs/heads/master refs/remotes/master [0ms]
2023-04-26 15:42:16.350 [info] > git status -z -uall [2ms]
2023-04-26 15:50:41.937 [info] > git config --get commit.template [0ms]
2023-04-26 15:50:41.944 [info] > git for-each-ref --format=%(refname)%00%(upstream:short)%00%(objectname)%00%(upstream:track)%00%(upstream:remotename)%00%(upstream:remoteref) refs/heads/master refs/remotes/master [1ms]
2023-04-26 15:50:41.953 [info] > git status -z -uall [2ms]
2023-04-26 15:50:46.966 [info] > git config --get commit.template [3ms]
2023-04-26 15:50:46.967 [info] > git for-each-ref --format=%(refname)%00%(upstream:short)%00%(objectname)%00%(upstream:track)%00%(upstream:remotename)%00%(upstream:remoteref) refs/heads/master refs/remotes/master [1ms]
2023-04-26 15:50:46.972 [info] > git status -z -uall [2ms]
2023-04-26 15:51:30.232 [info] > git config --get commit.template [3ms]
2023-04-26 15:51:30.232 [info] > git for-each-ref --format=%(refname)%00%(upstream:short)%00%(objectname)%00%(upstream:track)%00%(upstream:remotename)%00%(upstream:remoteref) refs/heads/master refs/remotes/master [0ms]
2023-04-26 15:51:30.237 [info] > git status -z -uall [2ms]
2023-04-26 15:51:35.247 [info] > git config --get commit.template [3ms]
2023-04-26 15:51:35.247 [info] > git for-each-ref --format=%(refname)%00%(upstream:short)%00%(objectname)%00%(upstream:track)%00%(upstream:remotename)%00%(upstream:remoteref) refs/heads/master refs/remotes/master [0ms]
2023-04-26 15:51:35.252 [info] > git status -z -uall [2ms]
2023-04-26 15:51:40.362 [info] > git config --get commit.template [4ms]
2023-04-26 15:51:40.362 [info] > git for-each-ref --format=%(refname)%00%(upstream:short)%00%(objectname)%00%(upstream:track)%00%(upstream:remotename)%00%(upstream:remoteref) refs/heads/master refs/remotes/master [1ms]
2023-04-26 15:51:40.366 [info] > git status -z -uall [1ms]
2023-04-26 15:52:46.192 [info] > git config --get commit.template [4ms]
2023-04-26 15:52:46.192 [info] > git for-each-ref --format=%(refname)%00%(upstream:short)%00%(objectname)%00%(upstream:track)%00%(upstream:remotename)%00%(upstream:remoteref) refs/heads/master refs/remotes/master [1ms]
2023-04-26 15:52:46.197 [info] > git status -z -uall [2ms]
2023-04-26 15:53:12.649 [info] > git config --get commit.template [3ms]
2023-04-26 15:53:12.660 [info] > git for-each-ref --format=%(refname)%00%(upstream:short)%00%(objectname)%00%(upstream:track)%00%(upstream:remotename)%00%(upstream:remoteref) refs/heads/master refs/remotes/master [1ms]
2023-04-26 15:53:12.672 [info] > git status -z -uall [3ms]
2023-04-26 15:53:17.683 [info] > git config --get commit.template [1ms]
2023-04-26 15:53:17.692 [info] > git for-each-ref --format=%(refname)%00%(upstream:short)%00%(objectname)%00%(upstream:track)%00%(upstream:remotename)%00%(upstream:remoteref) refs/heads/master refs/remotes/master [1ms]
2023-04-26 15:53:17.698 [info] > git status -z -uall [2ms]
2023-04-26 16:06:50.195 [info] > git ls-files --stage -- /home/rafe/Documents/sp23/EEL5632/final_project/V2X_Example/report/eel5632_report_Autogators.tex [7ms]
2023-04-26 16:06:50.205 [info] > git config --get commit.template [26ms]
2023-04-26 16:06:50.215 [info] > git ls-files --stage -- /home/rafe/Documents/sp23/EEL5632/final_project/V2X_Example/report/bibs.bib [19ms]
2023-04-26 16:06:50.223 [info] > git cat-file -s 135a7242fa28d7f55dfeed9c84d604ae4ec4c12d [18ms]
2023-04-26 16:06:50.224 [info] > git for-each-ref --format=%(refname)%00%(upstream:short)%00%(objectname)%00%(upstream:track)%00%(upstream:remotename)%00%(upstream:remoteref) refs/heads/master refs/remotes/master [10ms]
2023-04-26 16:06:50.232 [info] > git cat-file -s 5cf4e276c670a74a00aa908c2fe08a4389014b7c [11ms]
2023-04-26 16:06:50.237 [info] > git status -z -uall [6ms]
2023-04-26 16:06:50.247 [info] > git show --textconv :report/eel5632_report_Autogators.tex [10ms]
2023-04-26 16:06:50.249 [info] > git show --textconv :report/bibs.bib [3ms]
2023-04-26 16:07:54.624 [info] > git config --get commit.template [2ms]
2023-04-26 16:07:54.633 [info] > git for-each-ref --format=%(refname)%00%(upstream:short)%00%(objectname)%00%(upstream:track)%00%(upstream:remotename)%00%(upstream:remoteref) refs/heads/master refs/remotes/master [1ms]
2023-04-26 16:07:54.643 [info] > git status -z -uall [4ms]
2023-04-26 16:10:07.341 [info] > git config --get commit.template [4ms]
2023-04-26 16:10:07.342 [info] > git for-each-ref --format=%(refname)%00%(upstream:short)%00%(objectname)%00%(upstream:track)%00%(upstream:remotename)%00%(upstream:remoteref) refs/heads/master refs/remotes/master [0ms]
2023-04-26 16:10:07.347 [info] > git status -z -uall [2ms]
2023-04-26 16:12:09.469 [info] > git config --get commit.template [3ms]
2023-04-26 16:12:09.471 [info] > git for-each-ref --format=%(refname)%00%(upstream:short)%00%(objectname)%00%(upstream:track)%00%(upstream:remotename)%00%(upstream:remoteref) refs/heads/master refs/remotes/master [1ms]
2023-04-26 16:12:09.479 [info] > git status -z -uall [2ms]
2023-04-26 16:14:53.260 [info] > git config --get commit.template [4ms]
2023-04-26 16:14:53.260 [info] > git for-each-ref --format=%(refname)%00%(upstream:short)%00%(objectname)%00%(upstream:track)%00%(upstream:remotename)%00%(upstream:remoteref) refs/heads/master refs/remotes/master [1ms]
2023-04-26 16:14:53.265 [info] > git status -z -uall [2ms]
2023-04-26 16:15:41.028 [info] > git config --get commit.template [1ms]
2023-04-26 16:15:41.036 [info] > git for-each-ref --format=%(refname)%00%(upstream:short)%00%(objectname)%00%(upstream:track)%00%(upstream:remotename)%00%(upstream:remoteref) refs/heads/master refs/remotes/master [1ms]
2023-04-26 16:15:41.047 [info] > git status -z -uall [3ms]
2023-04-26 16:16:21.765 [info] > git config --get commit.template [3ms]
2023-04-26 16:16:21.766 [info] > git for-each-ref --format=%(refname)%00%(upstream:short)%00%(objectname)%00%(upstream:track)%00%(upstream:remotename)%00%(upstream:remoteref) refs/heads/master refs/remotes/master [1ms]
2023-04-26 16:16:21.771 [info] > git status -z -uall [2ms]
2023-04-26 16:16:26.779 [info] > git config --get commit.template [0ms]
2023-04-26 16:16:26.785 [info] > git for-each-ref --format=%(refname)%00%(upstream:short)%00%(objectname)%00%(upstream:track)%00%(upstream:remotename)%00%(upstream:remoteref) refs/heads/master refs/remotes/master [1ms]
2023-04-26 16:16:26.793 [info] > git status -z -uall [2ms]
2023-04-26 16:18:13.040 [info] > git config --get commit.template [2ms]
2023-04-26 16:18:13.063 [info] > git for-each-ref --format=%(refname)%00%(upstream:short)%00%(objectname)%00%(upstream:track)%00%(upstream:remotename)%00%(upstream:remoteref) refs/heads/master refs/remotes/master [4ms]
2023-04-26 16:18:13.090 [info] > git status -z -uall [11ms]
2023-04-26 16:18:49.519 [info] > git config --get commit.template [3ms]
2023-04-26 16:18:49.520 [info] > git for-each-ref --format=%(refname)%00%(upstream:short)%00%(objectname)%00%(upstream:track)%00%(upstream:remotename)%00%(upstream:remoteref) refs/heads/master refs/remotes/master [1ms]
2023-04-26 16:18:49.525 [info] > git status -z -uall [2ms]
2023-04-26 16:20:30.883 [info] > git for-each-ref --format=%(refname)%00%(upstream:short)%00%(objectname)%00%(upstream:track)%00%(upstream:remotename)%00%(upstream:remoteref) refs/heads/master refs/remotes/master [2ms]
2023-04-26 16:20:30.883 [info] > git config --get commit.template [5ms]
2023-04-26 16:20:30.890 [info] > git status -z -uall [2ms]
2023-04-26 16:20:57.537 [info] > git config --get commit.template [4ms]
2023-04-26 16:20:57.537 [info] > git for-each-ref --format=%(refname)%00%(upstream:short)%00%(objectname)%00%(upstream:track)%00%(upstream:remotename)%00%(upstream:remoteref) refs/heads/master refs/remotes/master [0ms]
2023-04-26 16:20:57.542 [info] > git status -z -uall [2ms]
2023-04-26 16:21:02.553 [info] > git config --get commit.template [3ms]
2023-04-26 16:21:02.554 [info] > git for-each-ref --format=%(refname)%00%(upstream:short)%00%(objectname)%00%(upstream:track)%00%(upstream:remotename)%00%(upstream:remoteref) refs/heads/master refs/remotes/master [1ms]
2023-04-26 16:21:02.559 [info] > git status -z -uall [2ms]
2023-04-26 16:22:22.350 [info] > git config --get commit.template [4ms]
2023-04-26 16:22:22.350 [info] > git for-each-ref --format=%(refname)%00%(upstream:short)%00%(objectname)%00%(upstream:track)%00%(upstream:remotename)%00%(upstream:remoteref) refs/heads/master refs/remotes/master [0ms]
2023-04-26 16:22:22.355 [info] > git status -z -uall [2ms]
2023-04-26 16:22:27.366 [info] > git config --get commit.template [0ms]
2023-04-26 16:22:27.370 [info] > git for-each-ref --format=%(refname)%00%(upstream:short)%00%(objectname)%00%(upstream:track)%00%(upstream:remotename)%00%(upstream:remoteref) refs/heads/master refs/remotes/master [0ms]
2023-04-26 16:22:27.375 [info] > git status -z -uall [2ms]
2023-04-26 16:23:39.915 [info] > git config --get commit.template [3ms]
2023-04-26 16:23:39.916 [info] > git for-each-ref --format=%(refname)%00%(upstream:short)%00%(objectname)%00%(upstream:track)%00%(upstream:remotename)%00%(upstream:remoteref) refs/heads/master refs/remotes/master [1ms]
2023-04-26 16:23:39.921 [info] > git status -z -uall [2ms]
2023-04-26 16:26:10.424 [info] > git config --get commit.template [0ms]
2023-04-26 16:26:10.432 [info] > git for-each-ref --format=%(refname)%00%(upstream:short)%00%(objectname)%00%(upstream:track)%00%(upstream:remotename)%00%(upstream:remoteref) refs/heads/master refs/remotes/master [1ms]
2023-04-26 16:26:10.441 [info] > git status -z -uall [2ms]
2023-04-26 16:27:16.610 [info] > git config --get commit.template [1ms]
2023-04-26 16:27:16.614 [info] > git for-each-ref --format=%(refname)%00%(upstream:short)%00%(objectname)%00%(upstream:track)%00%(upstream:remotename)%00%(upstream:remoteref) refs/heads/master refs/remotes/master [1ms]
2023-04-26 16:27:16.619 [info] > git status -z -uall [2ms]
2023-04-26 16:27:21.630 [info] > git config --get commit.template [3ms]
2023-04-26 16:27:21.631 [info] > git for-each-ref --format=%(refname)%00%(upstream:short)%00%(objectname)%00%(upstream:track)%00%(upstream:remotename)%00%(upstream:remoteref) refs/heads/master refs/remotes/master [1ms]
2023-04-26 16:27:21.636 [info] > git status -z -uall [2ms]
2023-04-26 16:28:13.743 [info] > git config --get commit.template [1ms]
2023-04-26 16:28:13.751 [info] > git for-each-ref --format=%(refname)%00%(upstream:short)%00%(objectname)%00%(upstream:track)%00%(upstream:remotename)%00%(upstream:remoteref) refs/heads/master refs/remotes/master [1ms]
2023-04-26 16:28:13.763 [info] > git status -z -uall [5ms]
2023-04-26 16:28:47.671 [info] > git config --get commit.template [3ms]
2023-04-26 16:28:47.672 [info] > git for-each-ref --format=%(refname)%00%(upstream:short)%00%(objectname)%00%(upstream:track)%00%(upstream:remotename)%00%(upstream:remoteref) refs/heads/master refs/remotes/master [1ms]
2023-04-26 16:28:47.677 [info] > git status -z -uall [2ms]
2023-04-26 16:28:52.684 [info] > git config --get commit.template [0ms]
2023-04-26 16:28:52.688 [info] > git for-each-ref --format=%(refname)%00%(upstream:short)%00%(objectname)%00%(upstream:track)%00%(upstream:remotename)%00%(upstream:remoteref) refs/heads/master refs/remotes/master [1ms]
2023-04-26 16:28:52.693 [info] > git status -z -uall [2ms]
2023-04-26 16:29:07.158 [info] > git config --get commit.template [3ms]
2023-04-26 16:29:07.159 [info] > git for-each-ref --format=%(refname)%00%(upstream:short)%00%(objectname)%00%(upstream:track)%00%(upstream:remotename)%00%(upstream:remoteref) refs/heads/master refs/remotes/master [1ms]
2023-04-26 16:29:07.164 [info] > git status -z -uall [3ms]
2023-04-26 16:29:13.773 [info] > git config --get commit.template [5ms]
2023-04-26 16:29:13.773 [info] > git for-each-ref --format=%(refname)%00%(upstream:short)%00%(objectname)%00%(upstream:track)%00%(upstream:remotename)%00%(upstream:remoteref) refs/heads/master refs/remotes/master [1ms]
2023-04-26 16:29:13.781 [info] > git status -z -uall [2ms]
2023-04-26 16:29:21.264 [info] > git config --get commit.template [4ms]
2023-04-26 16:29:21.264 [info] > git for-each-ref --format=%(refname)%00%(upstream:short)%00%(objectname)%00%(upstream:track)%00%(upstream:remotename)%00%(upstream:remoteref) refs/heads/master refs/remotes/master [0ms]
2023-04-26 16:29:21.269 [info] > git status -z -uall [2ms]
2023-04-26 16:29:26.714 [info] > git config --get commit.template [1ms]
2023-04-26 16:29:26.717 [info] > git for-each-ref --format=%(refname)%00%(upstream:short)%00%(objectname)%00%(upstream:track)%00%(upstream:remotename)%00%(upstream:remoteref) refs/heads/master refs/remotes/master [0ms]
2023-04-26 16:29:26.722 [info] > git status -z -uall [2ms]
2023-04-26 16:30:05.547 [info] > git config --get commit.template [1ms]
2023-04-26 16:30:05.556 [info] > git for-each-ref --format=%(refname)%00%(upstream:short)%00%(objectname)%00%(upstream:track)%00%(upstream:remotename)%00%(upstream:remoteref) refs/heads/master refs/remotes/master [0ms]
2023-04-26 16:30:05.564 [info] > git status -z -uall [2ms]
2023-04-26 16:30:10.575 [info] > git config --get commit.template [4ms]
2023-04-26 16:30:10.575 [info] > git for-each-ref --format=%(refname)%00%(upstream:short)%00%(objectname)%00%(upstream:track)%00%(upstream:remotename)%00%(upstream:remoteref) refs/heads/master refs/remotes/master [0ms]
2023-04-26 16:30:10.580 [info] > git status -z -uall [2ms]
2023-04-26 16:30:15.594 [info] > git config --get commit.template [5ms]
2023-04-26 16:30:15.594 [info] > git for-each-ref --format=%(refname)%00%(upstream:short)%00%(objectname)%00%(upstream:track)%00%(upstream:remotename)%00%(upstream:remoteref) refs/heads/master refs/remotes/master [1ms]
2023-04-26 16:30:15.599 [info] > git status -z -uall [2ms]
2023-04-26 16:30:37.252 [info] > git config --get commit.template [0ms]
2023-04-26 16:30:37.258 [info] > git for-each-ref --format=%(refname)%00%(upstream:short)%00%(objectname)%00%(upstream:track)%00%(upstream:remotename)%00%(upstream:remoteref) refs/heads/master refs/remotes/master [0ms]
2023-04-26 16:30:37.269 [info] > git status -z -uall [3ms]
2023-04-26 16:30:42.281 [info] > git config --get commit.template [4ms]
2023-04-26 16:30:42.281 [info] > git for-each-ref --format=%(refname)%00%(upstream:short)%00%(objectname)%00%(upstream:track)%00%(upstream:remotename)%00%(upstream:remoteref) refs/heads/master refs/remotes/master [0ms]
2023-04-26 16:30:42.286 [info] > git status -z -uall [2ms]
2023-04-26 16:51:58.206 [info] > git config --get commit.template [9ms]
2023-04-26 16:51:58.206 [info] > git for-each-ref --format=%(refname)%00%(upstream:short)%00%(objectname)%00%(upstream:track)%00%(upstream:remotename)%00%(upstream:remoteref) refs/heads/master refs/remotes/master [1ms]
2023-04-26 16:51:58.222 [info] > git status -z -uall [9ms]
2023-04-26 16:51:58.222 [info] > git ls-files --stage -- /home/rafe/Documents/sp23/EEL5632/final_project/V2X_Example/report/eel5632_report_Autogators.tex [4ms]
2023-04-26 16:51:58.228 [info] > git cat-file -s 610f49aa63fbc812e84956d375529189c78e277b [3ms]
2023-04-26 16:51:58.228 [info] > git ls-files --stage -- /home/rafe/Documents/sp23/EEL5632/final_project/V2X_Example/report/bibs.bib [6ms]
2023-04-26 16:51:58.232 [info] > git cat-file -s 5cf4e276c670a74a00aa908c2fe08a4389014b7c [1ms]
2023-04-26 16:51:58.240 [info] > git show --textconv :report/eel5632_report_Autogators.tex [5ms]
2023-04-26 16:51:58.241 [info] > git show --textconv :report/bibs.bib [1ms]
2023-04-26 16:52:03.236 [info] > git config --get commit.template [3ms]
2023-04-26 16:52:03.237 [info] > git for-each-ref --format=%(refname)%00%(upstream:short)%00%(objectname)%00%(upstream:track)%00%(upstream:remotename)%00%(upstream:remoteref) refs/heads/master refs/remotes/master [1ms]
2023-04-26 16:52:03.242 [info] > git status -z -uall [2ms]
2023-04-26 17:00:00.051 [info] > git config --get commit.template [1ms]
2023-04-26 17:00:00.063 [info] > git ls-files --stage -- /home/rafe/Documents/sp23/EEL5632/final_project/V2X_Example/report/eel5632_report_Autogators.tex [7ms]
2023-04-26 17:00:00.076 [info] > git ls-files --stage -- /home/rafe/Documents/sp23/EEL5632/final_project/V2X_Example/report/bibs.bib [14ms]
2023-04-26 17:00:00.083 [info] > git for-each-ref --format=%(refname)%00%(upstream:short)%00%(objectname)%00%(upstream:track)%00%(upstream:remotename)%00%(upstream:remoteref) refs/heads/master refs/remotes/master [8ms]
2023-04-26 17:00:00.088 [info] > git cat-file -s 610f49aa63fbc812e84956d375529189c78e277b [19ms]
2023-04-26 17:00:00.088 [info] > git cat-file -s 5cf4e276c670a74a00aa908c2fe08a4389014b7c [6ms]
2023-04-26 17:00:00.089 [info] > git status -z -uall [2ms]
2023-04-26 17:00:00.120 [info] > git show --textconv :report/eel5632_report_Autogators.tex [5ms]
2023-04-26 17:00:00.120 [info] > git show --textconv :report/bibs.bib [1ms]
2023-04-26 17:02:56.427 [info] > git config --get commit.template [1ms]
2023-04-26 17:02:56.439 [info] > git ls-files --stage -- /home/rafe/Documents/sp23/EEL5632/final_project/V2X_Example/report/eel5632_report_Autogators.tex [6ms]
2023-04-26 17:02:56.454 [info] > git ls-files --stage -- /home/rafe/Documents/sp23/EEL5632/final_project/V2X_Example/report/bibs.bib [15ms]
2023-04-26 17:02:56.458 [info] > git for-each-ref --format=%(refname)%00%(upstream:short)%00%(objectname)%00%(upstream:track)%00%(upstream:remotename)%00%(upstream:remoteref) refs/heads/master refs/remotes/master [5ms]
2023-04-26 17:02:56.461 [info] > git cat-file -s 610f49aa63fbc812e84956d375529189c78e277b [15ms]
2023-04-26 17:02:56.461 [info] > git cat-file -s 5cf4e276c670a74a00aa908c2fe08a4389014b7c [4ms]
2023-04-26 17:02:56.466 [info] > git status -z -uall [5ms]
2023-04-26 17:02:56.476 [info] > git show --textconv :report/eel5632_report_Autogators.tex [10ms]
2023-04-26 17:02:56.477 [info] > git show --textconv :report/bibs.bib [1ms]
2023-04-26 17:03:01.476 [info] > git config --get commit.template [2ms]
2023-04-26 17:03:01.484 [info] > git for-each-ref --format=%(refname)%00%(upstream:short)%00%(objectname)%00%(upstream:track)%00%(upstream:remotename)%00%(upstream:remoteref) refs/heads/master refs/remotes/master [2ms]
2023-04-26 17:03:01.491 [info] > git status -z -uall [2ms]
2023-04-26 17:17:49.060 [info] > git config --get commit.template [0ms]
2023-04-26 17:17:49.067 [info] > git for-each-ref --format=%(refname)%00%(upstream:short)%00%(objectname)%00%(upstream:track)%00%(upstream:remotename)%00%(upstream:remoteref) refs/heads/master refs/remotes/master [1ms]
2023-04-26 17:17:49.075 [info] > git status -z -uall [2ms]
2023-04-26 17:17:54.085 [info] > git config --get commit.template [0ms]
2023-04-26 17:17:54.093 [info] > git for-each-ref --format=%(refname)%00%(upstream:short)%00%(objectname)%00%(upstream:track)%00%(upstream:remotename)%00%(upstream:remoteref) refs/heads/master refs/remotes/master [1ms]
2023-04-26 17:17:54.103 [info] > git status -z -uall [2ms]
2023-04-26 17:18:02.890 [info] > git config --get commit.template [0ms]
2023-04-26 17:18:02.896 [info] > git for-each-ref --format=%(refname)%00%(upstream:short)%00%(objectname)%00%(upstream:track)%00%(upstream:remotename)%00%(upstream:remoteref) refs/heads/master refs/remotes/master [1ms]
2023-04-26 17:18:02.901 [info] > git status -z -uall [2ms]
2023-04-26 17:18:23.171 [info] > git config --get commit.template [6ms]
2023-04-26 17:18:23.172 [info] > git for-each-ref --format=%(refname)%00%(upstream:short)%00%(objectname)%00%(upstream:track)%00%(upstream:remotename)%00%(upstream:remoteref) refs/heads/master refs/remotes/master [1ms]
2023-04-26 17:18:23.179 [info] > git status -z -uall [2ms]
2023-04-26 17:18:29.273 [info] > git config --get commit.template [6ms]
2023-04-26 17:18:29.273 [info] > git for-each-ref --format=%(refname)%00%(upstream:short)%00%(objectname)%00%(upstream:track)%00%(upstream:remotename)%00%(upstream:remoteref) refs/heads/master refs/remotes/master [1ms]
2023-04-26 17:18:29.280 [info] > git status -z -uall [2ms]
2023-04-26 17:18:55.197 [info] > git config --get commit.template [7ms]
2023-04-26 17:18:55.197 [info] > git for-each-ref --format=%(refname)%00%(upstream:short)%00%(objectname)%00%(upstream:track)%00%(upstream:remotename)%00%(upstream:remoteref) refs/heads/master refs/remotes/master [1ms]
2023-04-26 17:18:55.204 [info] > git status -z -uall [2ms]
2023-04-26 17:26:12.012 [info] > git config --get commit.template [5ms]
2023-04-26 17:26:12.013 [info] > git for-each-ref --format=%(refname)%00%(upstream:short)%00%(objectname)%00%(upstream:track)%00%(upstream:remotename)%00%(upstream:remoteref) refs/heads/master refs/remotes/master [1ms]
2023-04-26 17:26:12.021 [info] > git status -z -uall [2ms]
2023-04-26 17:27:46.510 [info] > git config --get commit.template [8ms]
2023-04-26 17:27:46.510 [info] > git for-each-ref --format=%(refname)%00%(upstream:short)%00%(objectname)%00%(upstream:track)%00%(upstream:remotename)%00%(upstream:remoteref) refs/heads/master refs/remotes/master [2ms]
2023-04-26 17:27:46.531 [info] > git status -z -uall [14ms]
2023-04-26 17:27:46.531 [info] > git ls-files --stage -- /home/rafe/Documents/sp23/EEL5632/final_project/V2X_Example/report/eel5632_report_Autogators.tex [7ms]
2023-04-26 17:27:46.537 [info] > git cat-file -s 610f49aa63fbc812e84956d375529189c78e277b [2ms]
2023-04-26 17:27:46.537 [info] > git ls-files --stage -- /home/rafe/Documents/sp23/EEL5632/final_project/V2X_Example/report/bibs.bib [6ms]
2023-04-26 17:27:46.545 [info] > git cat-file -s 5cf4e276c670a74a00aa908c2fe08a4389014b7c [4ms]
2023-04-26 17:27:46.545 [info] > git show --textconv :report/eel5632_report_Autogators.tex [0ms]
2023-04-26 17:27:46.550 [info] > git show --textconv :report/bibs.bib [1ms]
2023-04-26 17:27:51.544 [info] > git config --get commit.template [1ms]
2023-04-26 17:27:51.550 [info] > git for-each-ref --format=%(refname)%00%(upstream:short)%00%(objectname)%00%(upstream:track)%00%(upstream:remotename)%00%(upstream:remoteref) refs/heads/master refs/remotes/master [0ms]
2023-04-26 17:27:51.555 [info] > git status -z -uall [2ms]
2023-04-26 17:30:00.700 [info] > git ls-files --stage -- /home/rafe/Documents/sp23/EEL5632/final_project/V2X_Example/report/eel5632_report_Autogators.tex [6ms]
2023-04-26 17:30:00.703 [info] > git config --get commit.template [19ms]
2023-04-26 17:30:00.706 [info] > git ls-files --stage -- /home/rafe/Documents/sp23/EEL5632/final_project/V2X_Example/report/bibs.bib [7ms]
2023-04-26 17:30:00.709 [info] > git for-each-ref --format=%(refname)%00%(upstream:short)%00%(objectname)%00%(upstream:track)%00%(upstream:remotename)%00%(upstream:remoteref) refs/heads/master refs/remotes/master [3ms]
2023-04-26 17:30:00.712 [info] > git cat-file -s 5269bb5fdd88f803ece543f56ee94ee3bf1316c1 [9ms]
2023-04-26 17:30:00.713 [info] > git cat-file -s 5cf4e276c670a74a00aa908c2fe08a4389014b7c [3ms]
2023-04-26 17:30:00.716 [info] > git status -z -uall [4ms]
2023-04-26 17:30:00.722 [info] > git show --textconv :report/eel5632_report_Autogators.tex [6ms]
2023-04-26 17:30:00.722 [info] > git show --textconv :report/bibs.bib [0ms]
2023-04-26 17:30:25.600 [info] > git config --get commit.template [1ms]
2023-04-26 17:30:25.609 [info] > git for-each-ref --format=%(refname)%00%(upstream:short)%00%(objectname)%00%(upstream:track)%00%(upstream:remotename)%00%(upstream:remoteref) refs/heads/master refs/remotes/master [1ms]
2023-04-26 17:30:25.617 [info] > git status -z -uall [2ms]
2023-04-26 17:34:16.980 [info] > git config --get commit.template [6ms]
2023-04-26 17:34:16.980 [info] > git for-each-ref --format=%(refname)%00%(upstream:short)%00%(objectname)%00%(upstream:track)%00%(upstream:remotename)%00%(upstream:remoteref) refs/heads/master refs/remotes/master [0ms]
2023-04-26 17:34:16.988 [info] > git status -z -uall [2ms]
2023-04-26 17:34:22.000 [info] > git config --get commit.template [3ms]
2023-04-26 17:34:22.000 [info] > git for-each-ref --format=%(refname)%00%(upstream:short)%00%(objectname)%00%(upstream:track)%00%(upstream:remotename)%00%(upstream:remoteref) refs/heads/master refs/remotes/master [1ms]
2023-04-26 17:34:22.005 [info] > git status -z -uall [2ms]
2023-04-26 17:38:06.847 [info] > git config --get commit.template [0ms]
2023-04-26 17:38:06.859 [info] > git ls-files --stage -- /home/rafe/Documents/sp23/EEL5632/final_project/V2X_Example/report/eel5632_report_Autogators.tex [6ms]
2023-04-26 17:38:06.874 [info] > git ls-files --stage -- /home/rafe/Documents/sp23/EEL5632/final_project/V2X_Example/report/bibs.bib [15ms]
2023-04-26 17:38:06.879 [info] > git for-each-ref --format=%(refname)%00%(upstream:short)%00%(objectname)%00%(upstream:track)%00%(upstream:remotename)%00%(upstream:remoteref) refs/heads/master refs/remotes/master [5ms]
2023-04-26 17:38:06.883 [info] > git cat-file -s 7898d103e1cb02ef0b3d031de5f1d6ea14c5e53a [16ms]
2023-04-26 17:38:06.883 [info] > git cat-file -s 5cf4e276c670a74a00aa908c2fe08a4389014b7c [4ms]
2023-04-26 17:38:06.886 [info] > git status -z -uall [4ms]
2023-04-26 17:38:06.892 [info] > git show --textconv :report/eel5632_report_Autogators.tex [6ms]
2023-04-26 17:38:06.893 [info] > git show --textconv :report/bibs.bib [1ms]
2023-04-26 17:38:11.898 [info] > git config --get commit.template [3ms]
2023-04-26 17:38:11.898 [info] > git for-each-ref --format=%(refname)%00%(upstream:short)%00%(objectname)%00%(upstream:track)%00%(upstream:remotename)%00%(upstream:remoteref) refs/heads/master refs/remotes/master [0ms]
2023-04-26 17:38:11.903 [info] > git status -z -uall [2ms]
2023-04-26 17:39:58.131 [info] > git config --get commit.template [4ms]
2023-04-26 17:39:58.131 [info] > git for-each-ref --format=%(refname)%00%(upstream:short)%00%(objectname)%00%(upstream:track)%00%(upstream:remotename)%00%(upstream:remoteref) refs/heads/master refs/remotes/master [0ms]
2023-04-26 17:39:58.136 [info] > git status -z -uall [2ms]
2023-04-26 17:40:12.491 [info] > git config --get commit.template [4ms]
2023-04-26 17:40:12.491 [info] > git for-each-ref --format=%(refname)%00%(upstream:short)%00%(objectname)%00%(upstream:track)%00%(upstream:remotename)%00%(upstream:remoteref) refs/heads/master refs/remotes/master [0ms]
2023-04-26 17:40:12.497 [info] > git status -z -uall [3ms]
2023-04-26 17:41:11.965 [info] > git config --get commit.template [1ms]
2023-04-26 17:41:11.969 [info] > git for-each-ref --format=%(refname)%00%(upstream:short)%00%(objectname)%00%(upstream:track)%00%(upstream:remotename)%00%(upstream:remoteref) refs/heads/master refs/remotes/master [1ms]
2023-04-26 17:41:11.974 [info] > git status -z -uall [2ms]
2023-04-26 17:41:32.639 [info] > git config --get commit.template [4ms]
2023-04-26 17:41:32.639 [info] > git for-each-ref --format=%(refname)%00%(upstream:short)%00%(objectname)%00%(upstream:track)%00%(upstream:remotename)%00%(upstream:remoteref) refs/heads/master refs/remotes/master [1ms]
2023-04-26 17:41:32.645 [info] > git status -z -uall [2ms]
2023-04-26 17:41:47.259 [info] > git config --get commit.template [12ms]
2023-04-26 17:41:47.259 [info] > git for-each-ref --format=%(refname)%00%(upstream:short)%00%(objectname)%00%(upstream:track)%00%(upstream:remotename)%00%(upstream:remoteref) refs/heads/master refs/remotes/master [1ms]
2023-04-26 17:41:47.272 [info] > git status -z -uall [3ms]
2023-04-26 17:42:00.201 [info] > git config --get commit.template [0ms]
2023-04-26 17:42:00.208 [info] > git for-each-ref --format=%(refname)%00%(upstream:short)%00%(objectname)%00%(upstream:track)%00%(upstream:remotename)%00%(upstream:remoteref) refs/heads/master refs/remotes/master [1ms]
2023-04-26 17:42:00.216 [info] > git status -z -uall [3ms]
2023-04-26 17:42:07.790 [info] > git config --get commit.template [1ms]
2023-04-26 17:42:07.799 [info] > git for-each-ref --format=%(refname)%00%(upstream:short)%00%(objectname)%00%(upstream:track)%00%(upstream:remotename)%00%(upstream:remoteref) refs/heads/master refs/remotes/master [1ms]
2023-04-26 17:42:07.807 [info] > git status -z -uall [2ms]
2023-04-26 17:42:46.119 [info] > git config --get commit.template [4ms]
2023-04-26 17:42:46.120 [info] > git for-each-ref --format=%(refname)%00%(upstream:short)%00%(objectname)%00%(upstream:track)%00%(upstream:remotename)%00%(upstream:remoteref) refs/heads/master refs/remotes/master [2ms]
2023-04-26 17:42:46.128 [info] > git status -z -uall [2ms]
2023-04-26 17:42:52.411 [info] > git config --get commit.template [4ms]
2023-04-26 17:42:52.411 [info] > git for-each-ref --format=%(refname)%00%(upstream:short)%00%(objectname)%00%(upstream:track)%00%(upstream:remotename)%00%(upstream:remoteref) refs/heads/master refs/remotes/master [1ms]
2023-04-26 17:42:52.416 [info] > git status -z -uall [2ms]
2023-04-26 17:43:49.441 [info] > git config --get commit.template [3ms]
2023-04-26 17:43:49.442 [info] > git for-each-ref --format=%(refname)%00%(upstream:short)%00%(objectname)%00%(upstream:track)%00%(upstream:remotename)%00%(upstream:remoteref) refs/heads/master refs/remotes/master [1ms]
2023-04-26 17:43:49.447 [info] > git status -z -uall [2ms]
2023-04-26 17:44:15.380 [info] > git config --get commit.template [4ms]
2023-04-26 17:44:15.380 [info] > git for-each-ref --format=%(refname)%00%(upstream:short)%00%(objectname)%00%(upstream:track)%00%(upstream:remotename)%00%(upstream:remoteref) refs/heads/master refs/remotes/master [0ms]
2023-04-26 17:44:15.385 [info] > git status -z -uall [2ms]
2023-04-26 17:44:40.208 [info] > git config --get commit.template [7ms]
2023-04-26 17:44:40.208 [info] > git for-each-ref --format=%(refname)%00%(upstream:short)%00%(objectname)%00%(upstream:track)%00%(upstream:remotename)%00%(upstream:remoteref) refs/heads/master refs/remotes/master [1ms]
2023-04-26 17:44:40.217 [info] > git status -z -uall [2ms]
2023-04-26 17:44:45.233 [info] > git config --get commit.template [7ms]
2023-04-26 17:44:45.234 [info] > git for-each-ref --format=%(refname)%00%(upstream:short)%00%(objectname)%00%(upstream:track)%00%(upstream:remotename)%00%(upstream:remoteref) refs/heads/master refs/remotes/master [1ms]
2023-04-26 17:44:45.242 [info] > git status -z -uall [2ms]
2023-04-26 17:44:52.302 [info] > git config --get commit.template [4ms]
2023-04-26 17:44:52.302 [info] > git for-each-ref --format=%(refname)%00%(upstream:short)%00%(objectname)%00%(upstream:track)%00%(upstream:remotename)%00%(upstream:remoteref) refs/heads/master refs/remotes/master [1ms]
2023-04-26 17:44:52.307 [info] > git status -z -uall [2ms]
2023-04-26 17:44:57.969 [info] > git config --get commit.template [7ms]
2023-04-26 17:44:57.969 [info] > git for-each-ref --format=%(refname)%00%(upstream:short)%00%(objectname)%00%(upstream:track)%00%(upstream:remotename)%00%(upstream:remoteref) refs/heads/master refs/remotes/master [1ms]
2023-04-26 17:44:57.975 [info] > git status -z -uall [2ms]
2023-04-26 17:45:12.421 [info] > git config --get commit.template [6ms]
2023-04-26 17:45:12.421 [info] > git for-each-ref --format=%(refname)%00%(upstream:short)%00%(objectname)%00%(upstream:track)%00%(upstream:remotename)%00%(upstream:remoteref) refs/heads/master refs/remotes/master [0ms]
2023-04-26 17:45:12.430 [info] > git status -z -uall [2ms]
2023-04-26 17:45:23.750 [info] > git config --get commit.template [7ms]
2023-04-26 17:45:23.750 [info] > git for-each-ref --format=%(refname)%00%(upstream:short)%00%(objectname)%00%(upstream:track)%00%(upstream:remotename)%00%(upstream:remoteref) refs/heads/master refs/remotes/master [0ms]
2023-04-26 17:45:23.759 [info] > git status -z -uall [3ms]
2023-04-26 17:45:50.898 [info] > git config --get commit.template [1ms]
2023-04-26 17:45:50.905 [info] > git for-each-ref --format=%(refname)%00%(upstream:short)%00%(objectname)%00%(upstream:track)%00%(upstream:remotename)%00%(upstream:remoteref) refs/heads/master refs/remotes/master [1ms]
2023-04-26 17:45:50.916 [info] > git status -z -uall [3ms]
2023-04-26 17:45:55.928 [info] > git config --get commit.template [4ms]
2023-04-26 17:45:55.928 [info] > git for-each-ref --format=%(refname)%00%(upstream:short)%00%(objectname)%00%(upstream:track)%00%(upstream:remotename)%00%(upstream:remoteref) refs/heads/master refs/remotes/master [1ms]
2023-04-26 17:45:55.933 [info] > git status -z -uall [2ms]
2023-04-26 17:46:26.801 [info] > git config --get commit.template [0ms]
2023-04-26 17:46:26.807 [info] > git for-each-ref --format=%(refname)%00%(upstream:short)%00%(objectname)%00%(upstream:track)%00%(upstream:remotename)%00%(upstream:remoteref) refs/heads/master refs/remotes/master [0ms]
2023-04-26 17:46:26.813 [info] > git status -z -uall [2ms]
2023-04-26 17:46:31.828 [info] > git config --get commit.template [6ms]
2023-04-26 17:46:31.828 [info] > git for-each-ref --format=%(refname)%00%(upstream:short)%00%(objectname)%00%(upstream:track)%00%(upstream:remotename)%00%(upstream:remoteref) refs/heads/master refs/remotes/master [1ms]
2023-04-26 17:46:31.834 [info] > git status -z -uall [2ms]
2023-04-26 17:46:45.914 [info] > git config --get commit.template [7ms]
2023-04-26 17:46:45.914 [info] > git for-each-ref --format=%(refname)%00%(upstream:short)%00%(objectname)%00%(upstream:track)%00%(upstream:remotename)%00%(upstream:remoteref) refs/heads/master refs/remotes/master [0ms]
2023-04-26 17:46:45.923 [info] > git status -z -uall [2ms]
2023-04-26 17:47:01.452 [info] > git config --get commit.template [0ms]
2023-04-26 17:47:01.459 [info] > git for-each-ref --format=%(refname)%00%(upstream:short)%00%(objectname)%00%(upstream:track)%00%(upstream:remotename)%00%(upstream:remoteref) refs/heads/master refs/remotes/master [1ms]
2023-04-26 17:47:01.468 [info] > git status -z -uall [3ms]
2023-04-26 17:47:21.855 [info] > git config --get commit.template [1ms]
2023-04-26 17:47:21.858 [info] > git for-each-ref --format=%(refname)%00%(upstream:short)%00%(objectname)%00%(upstream:track)%00%(upstream:remotename)%00%(upstream:remoteref) refs/heads/master refs/remotes/master [0ms]
2023-04-26 17:47:21.863 [info] > git status -z -uall [2ms]
2023-04-26 17:47:33.162 [info] > git config --get commit.template [1ms]
2023-04-26 17:47:33.169 [info] > git for-each-ref --format=%(refname)%00%(upstream:short)%00%(objectname)%00%(upstream:track)%00%(upstream:remotename)%00%(upstream:remoteref) refs/heads/master refs/remotes/master [0ms]
2023-04-26 17:47:33.178 [info] > git status -z -uall [2ms]
2023-04-26 17:47:46.954 [info] > git config --get commit.template [3ms]
2023-04-26 17:47:46.954 [info] > git for-each-ref --format=%(refname)%00%(upstream:short)%00%(objectname)%00%(upstream:track)%00%(upstream:remotename)%00%(upstream:remoteref) refs/heads/master refs/remotes/master [1ms]
2023-04-26 17:47:46.959 [info] > git status -z -uall [2ms]
2023-04-26 17:48:00.319 [info] > git config --get commit.template [1ms]
2023-04-26 17:48:00.323 [info] > git for-each-ref --format=%(refname)%00%(upstream:short)%00%(objectname)%00%(upstream:track)%00%(upstream:remotename)%00%(upstream:remoteref) refs/heads/master refs/remotes/master [1ms]
2023-04-26 17:48:00.328 [info] > git status -z -uall [2ms]
2023-04-26 17:48:10.566 [info] > git config --get commit.template [4ms]
2023-04-26 17:48:10.567 [info] > git for-each-ref --format=%(refname)%00%(upstream:short)%00%(objectname)%00%(upstream:track)%00%(upstream:remotename)%00%(upstream:remoteref) refs/heads/master refs/remotes/master [0ms]
2023-04-26 17:48:10.572 [info] > git status -z -uall [2ms]
2023-04-26 17:48:22.160 [info] > git config --get commit.template [0ms]
2023-04-26 17:48:22.164 [info] > git for-each-ref --format=%(refname)%00%(upstream:short)%00%(objectname)%00%(upstream:track)%00%(upstream:remotename)%00%(upstream:remoteref) refs/heads/master refs/remotes/master [0ms]
2023-04-26 17:48:22.169 [info] > git status -z -uall [2ms]
2023-04-26 17:48:41.750 [info] > git config --get commit.template [1ms]
2023-04-26 17:48:41.760 [info] > git for-each-ref --format=%(refname)%00%(upstream:short)%00%(objectname)%00%(upstream:track)%00%(upstream:remotename)%00%(upstream:remoteref) refs/heads/master refs/remotes/master [1ms]
2023-04-26 17:48:41.771 [info] > git status -z -uall [3ms]
2023-04-26 17:48:46.781 [info] > git config --get commit.template [2ms]
2023-04-26 17:48:46.790 [info] > git for-each-ref --format=%(refname)%00%(upstream:short)%00%(objectname)%00%(upstream:track)%00%(upstream:remotename)%00%(upstream:remoteref) refs/heads/master refs/remotes/master [1ms]
2023-04-26 17:48:46.801 [info] > git status -z -uall [3ms]
2023-04-26 17:48:52.655 [info] > git config --get commit.template [1ms]
2023-04-26 17:48:52.664 [info] > git for-each-ref --format=%(refname)%00%(upstream:short)%00%(objectname)%00%(upstream:track)%00%(upstream:remotename)%00%(upstream:remoteref) refs/heads/master refs/remotes/master [1ms]
2023-04-26 17:48:52.673 [info] > git status -z -uall [2ms]
2023-04-26 17:49:25.157 [info] > git config --get commit.template [4ms]
2023-04-26 17:49:25.157 [info] > git for-each-ref --format=%(refname)%00%(upstream:short)%00%(objectname)%00%(upstream:track)%00%(upstream:remotename)%00%(upstream:remoteref) refs/heads/master refs/remotes/master [0ms]
2023-04-26 17:49:25.162 [info] > git status -z -uall [2ms]
2023-04-26 17:49:40.363 [info] > git config --get commit.template [3ms]
2023-04-26 17:49:40.364 [info] > git for-each-ref --format=%(refname)%00%(upstream:short)%00%(objectname)%00%(upstream:track)%00%(upstream:remotename)%00%(upstream:remoteref) refs/heads/master refs/remotes/master [1ms]
2023-04-26 17:49:40.369 [info] > git status -z -uall [2ms]
2023-04-26 17:49:58.672 [info] > git config --get commit.template [3ms]
2023-04-26 17:49:58.672 [info] > git for-each-ref --format=%(refname)%00%(upstream:short)%00%(objectname)%00%(upstream:track)%00%(upstream:remotename)%00%(upstream:remoteref) refs/heads/master refs/remotes/master [0ms]
2023-04-26 17:49:58.677 [info] > git status -z -uall [2ms]
2023-04-26 17:50:04.120 [info] > git config --get commit.template [4ms]
2023-04-26 17:50:04.120 [info] > git for-each-ref --format=%(refname)%00%(upstream:short)%00%(objectname)%00%(upstream:track)%00%(upstream:remotename)%00%(upstream:remoteref) refs/heads/master refs/remotes/master [0ms]
2023-04-26 17:50:04.125 [info] > git status -z -uall [2ms]
2023-04-26 17:50:12.183 [info] > git config --get commit.template [3ms]
2023-04-26 17:50:12.184 [info] > git for-each-ref --format=%(refname)%00%(upstream:short)%00%(objectname)%00%(upstream:track)%00%(upstream:remotename)%00%(upstream:remoteref) refs/heads/master refs/remotes/master [1ms]
2023-04-26 17:50:12.188 [info] > git status -z -uall [2ms]
2023-04-26 17:50:19.063 [info] > git config --get commit.template [3ms]
2023-04-26 17:50:19.063 [info] > git for-each-ref --format=%(refname)%00%(upstream:short)%00%(objectname)%00%(upstream:track)%00%(upstream:remotename)%00%(upstream:remoteref) refs/heads/master refs/remotes/master [1ms]
2023-04-26 17:50:19.067 [info] > git status -z -uall [1ms]
2023-04-26 17:50:28.448 [info] > git config --get commit.template [3ms]
2023-04-26 17:50:28.449 [info] > git for-each-ref --format=%(refname)%00%(upstream:short)%00%(objectname)%00%(upstream:track)%00%(upstream:remotename)%00%(upstream:remoteref) refs/heads/master refs/remotes/master [1ms]
2023-04-26 17:50:28.453 [info] > git status -z -uall [2ms]
2023-04-26 17:50:34.431 [info] > git config --get commit.template [3ms]
2023-04-26 17:50:34.431 [info] > git for-each-ref --format=%(refname)%00%(upstream:short)%00%(objectname)%00%(upstream:track)%00%(upstream:remotename)%00%(upstream:remoteref) refs/heads/master refs/remotes/master [0ms]
2023-04-26 17:50:34.436 [info] > git status -z -uall [2ms]
2023-04-26 17:50:45.850 [info] > git config --get commit.template [2ms]
2023-04-26 17:50:45.858 [info] > git for-each-ref --format=%(refname)%00%(upstream:short)%00%(objectname)%00%(upstream:track)%00%(upstream:remotename)%00%(upstream:remoteref) refs/heads/master refs/remotes/master [1ms]
2023-04-26 17:50:45.867 [info] > git status -z -uall [2ms]
2023-04-26 17:51:10.637 [info] > git config --get commit.template [1ms]
2023-04-26 17:51:10.645 [info] > git for-each-ref --format=%(refname)%00%(upstream:short)%00%(objectname)%00%(upstream:track)%00%(upstream:remotename)%00%(upstream:remoteref) refs/heads/master refs/remotes/master [1ms]
2023-04-26 17:51:10.655 [info] > git status -z -uall [3ms]
2023-04-26 17:51:15.666 [info] > git for-each-ref --format=%(refname)%00%(upstream:short)%00%(objectname)%00%(upstream:track)%00%(upstream:remotename)%00%(upstream:remoteref) refs/heads/master refs/remotes/master [1ms]
2023-04-26 17:51:15.666 [info] > git config --get commit.template [4ms]
2023-04-26 17:51:15.671 [info] > git status -z -uall [2ms]
2023-04-26 17:51:20.686 [info] > git config --get commit.template [6ms]
2023-04-26 17:51:20.686 [info] > git for-each-ref --format=%(refname)%00%(upstream:short)%00%(objectname)%00%(upstream:track)%00%(upstream:remotename)%00%(upstream:remoteref) refs/heads/master refs/remotes/master [0ms]
2023-04-26 17:51:20.694 [info] > git status -z -uall [2ms]
2023-04-26 17:51:49.462 [info] > git config --get commit.template [3ms]
2023-04-26 17:51:49.462 [info] > git for-each-ref --format=%(refname)%00%(upstream:short)%00%(objectname)%00%(upstream:track)%00%(upstream:remotename)%00%(upstream:remoteref) refs/heads/master refs/remotes/master [1ms]
2023-04-26 17:51:49.467 [info] > git status -z -uall [2ms]
2023-04-26 17:51:56.365 [info] > git config --get commit.template [4ms]
2023-04-26 17:51:56.365 [info] > git for-each-ref --format=%(refname)%00%(upstream:short)%00%(objectname)%00%(upstream:track)%00%(upstream:remotename)%00%(upstream:remoteref) refs/heads/master refs/remotes/master [1ms]
2023-04-26 17:51:56.370 [info] > git status -z -uall [2ms]
2023-04-26 17:52:10.978 [info] > git config --get commit.template [4ms]
2023-04-26 17:52:10.978 [info] > git for-each-ref --format=%(refname)%00%(upstream:short)%00%(objectname)%00%(upstream:track)%00%(upstream:remotename)%00%(upstream:remoteref) refs/heads/master refs/remotes/master [1ms]
2023-04-26 17:52:10.983 [info] > git status -z -uall [2ms]
2023-04-26 17:52:47.827 [info] > git config --get commit.template [1ms]
2023-04-26 17:52:47.835 [info] > git for-each-ref --format=%(refname)%00%(upstream:short)%00%(objectname)%00%(upstream:track)%00%(upstream:remotename)%00%(upstream:remoteref) refs/heads/master refs/remotes/master [1ms]
2023-04-26 17:52:47.844 [info] > git status -z -uall [2ms]
2023-04-26 17:53:08.445 [info] > git config --get commit.template [7ms]
2023-04-26 17:53:08.446 [info] > git for-each-ref --format=%(refname)%00%(upstream:short)%00%(objectname)%00%(upstream:track)%00%(upstream:remotename)%00%(upstream:remoteref) refs/heads/master refs/remotes/master [0ms]
2023-04-26 17:53:08.456 [info] > git status -z -uall [4ms]
2023-04-26 17:53:21.532 [info] > git config --get commit.template [7ms]
2023-04-26 17:53:21.532 [info] > git for-each-ref --format=%(refname)%00%(upstream:short)%00%(objectname)%00%(upstream:track)%00%(upstream:remotename)%00%(upstream:remoteref) refs/heads/master refs/remotes/master [1ms]
2023-04-26 17:53:21.555 [info] > git status -z -uall [16ms]
2023-04-26 17:53:21.555 [info] > git ls-files --stage -- /home/rafe/Documents/sp23/EEL5632/final_project/V2X_Example/report/eel5632_report_Autogators.tex [7ms]
2023-04-26 17:53:21.561 [info] > git cat-file -s 61426e12be26470001075001edd6b4c45a89928a [3ms]
2023-04-26 17:53:21.561 [info] > git ls-files --stage -- /home/rafe/Documents/sp23/EEL5632/final_project/V2X_Example/report/bibs.bib [7ms]
2023-04-26 17:53:21.574 [info] > git cat-file -s 5cf4e276c670a74a00aa908c2fe08a4389014b7c [7ms]
2023-04-26 17:53:21.575 [info] > git show --textconv :report/eel5632_report_Autogators.tex [1ms]
2023-04-26 17:53:21.583 [info] > git show --textconv :report/bibs.bib [2ms]
2023-04-26 17:55:22.891 [info] > git config --get commit.template [0ms]
2023-04-26 17:55:22.898 [info] > git for-each-ref --format=%(refname)%00%(upstream:short)%00%(objectname)%00%(upstream:track)%00%(upstream:remotename)%00%(upstream:remoteref) refs/heads/master refs/remotes/master [1ms]
2023-04-26 17:55:22.909 [info] > git status -z -uall [2ms]
2023-04-26 17:55:38.120 [info] > git config --get commit.template [0ms]
2023-04-26 17:55:38.128 [info] > git for-each-ref --format=%(refname)%00%(upstream:short)%00%(objectname)%00%(upstream:track)%00%(upstream:remotename)%00%(upstream:remoteref) refs/heads/master refs/remotes/master [1ms]
2023-04-26 17:55:38.136 [info] > git status -z -uall [2ms]
2023-04-26 17:56:26.858 [info] > git config --get commit.template [1ms]
2023-04-26 17:56:26.865 [info] > git for-each-ref --format=%(refname)%00%(upstream:short)%00%(objectname)%00%(upstream:track)%00%(upstream:remotename)%00%(upstream:remoteref) refs/heads/master refs/remotes/master [1ms]
2023-04-26 17:56:26.874 [info] > git status -z -uall [2ms]
2023-04-26 17:56:31.886 [info] > git config --get commit.template [4ms]
2023-04-26 17:56:31.886 [info] > git for-each-ref --format=%(refname)%00%(upstream:short)%00%(objectname)%00%(upstream:track)%00%(upstream:remotename)%00%(upstream:remoteref) refs/heads/master refs/remotes/master [0ms]
2023-04-26 17:56:31.891 [info] > git status -z -uall [2ms]
2023-04-26 17:56:36.903 [info] > git config --get commit.template [4ms]
2023-04-26 17:56:36.903 [info] > git for-each-ref --format=%(refname)%00%(upstream:short)%00%(objectname)%00%(upstream:track)%00%(upstream:remotename)%00%(upstream:remoteref) refs/heads/master refs/remotes/master [1ms]
2023-04-26 17:56:36.908 [info] > git status -z -uall [2ms]
2023-04-26 17:58:30.024 [info] > git config --get commit.template [3ms]
2023-04-26 17:58:30.025 [info] > git for-each-ref --format=%(refname)%00%(upstream:short)%00%(objectname)%00%(upstream:track)%00%(upstream:remotename)%00%(upstream:remoteref) refs/heads/master refs/remotes/master [1ms]
2023-04-26 17:58:30.029 [info] > git status -z -uall [1ms]
2023-04-26 18:00:09.441 [info] > git config --get commit.template [1ms]
2023-04-26 18:00:09.450 [info] > git for-each-ref --format=%(refname)%00%(upstream:short)%00%(objectname)%00%(upstream:track)%00%(upstream:remotename)%00%(upstream:remoteref) refs/heads/master refs/remotes/master [1ms]
2023-04-26 18:00:09.460 [info] > git status -z -uall [2ms]
2023-04-26 18:00:14.469 [info] > git config --get commit.template [1ms]
2023-04-26 18:00:14.474 [info] > git for-each-ref --format=%(refname)%00%(upstream:short)%00%(objectname)%00%(upstream:track)%00%(upstream:remotename)%00%(upstream:remoteref) refs/heads/master refs/remotes/master [1ms]
2023-04-26 18:00:14.478 [info] > git status -z -uall [1ms]
2023-04-26 18:00:27.558 [info] > git config --get commit.template [1ms]
2023-04-26 18:00:27.566 [info] > git for-each-ref --format=%(refname)%00%(upstream:short)%00%(objectname)%00%(upstream:track)%00%(upstream:remotename)%00%(upstream:remoteref) refs/heads/master refs/remotes/master [1ms]
2023-04-26 18:00:27.574 [info] > git status -z -uall [2ms]
2023-04-26 18:00:32.586 [info] > git config --get commit.template [3ms]
2023-04-26 18:00:32.586 [info] > git for-each-ref --format=%(refname)%00%(upstream:short)%00%(objectname)%00%(upstream:track)%00%(upstream:remotename)%00%(upstream:remoteref) refs/heads/master refs/remotes/master [1ms]
2023-04-26 18:00:32.591 [info] > git status -z -uall [2ms]
2023-04-26 18:02:43.942 [info] > git config --get commit.template [1ms]
2023-04-26 18:02:43.953 [info] > git for-each-ref --format=%(refname)%00%(upstream:short)%00%(objectname)%00%(upstream:track)%00%(upstream:remotename)%00%(upstream:remoteref) refs/heads/master refs/remotes/master [1ms]
2023-04-26 18:02:43.964 [info] > git status -z -uall [3ms]
2023-04-26 18:02:48.975 [info] > git config --get commit.template [0ms]
2023-04-26 18:02:48.980 [info] > git for-each-ref --format=%(refname)%00%(upstream:short)%00%(objectname)%00%(upstream:track)%00%(upstream:remotename)%00%(upstream:remoteref) refs/heads/master refs/remotes/master [1ms]
2023-04-26 18:02:48.985 [info] > git status -z -uall [2ms]
2023-04-26 18:04:32.218 [info] > git config --get commit.template [9ms]
2023-04-26 18:04:32.218 [info] > git for-each-ref --format=%(refname)%00%(upstream:short)%00%(objectname)%00%(upstream:track)%00%(upstream:remotename)%00%(upstream:remoteref) refs/heads/master refs/remotes/master [1ms]
2023-04-26 18:04:32.242 [info] > git status -z -uall [16ms]
2023-04-26 18:04:32.242 [info] > git ls-files --stage -- /home/rafe/Documents/sp23/EEL5632/final_project/V2X_Example/report/eel5632_report_Autogators.tex [8ms]
2023-04-26 18:04:32.253 [info] > git cat-file -s be2b162881e4cffa57707984cde8a1ebbfac1898 [2ms]
2023-04-26 18:04:32.253 [info] > git ls-files --stage -- /home/rafe/Documents/sp23/EEL5632/final_project/V2X_Example/report/bibs.bib [12ms]
2023-04-26 18:04:32.273 [info] > git cat-file -s 5cf4e276c670a74a00aa908c2fe08a4389014b7c [10ms]
2023-04-26 18:04:32.274 [info] > git show --textconv :report/eel5632_report_Autogators.tex [2ms]
2023-04-26 18:04:32.284 [info] > git show --textconv :report/bibs.bib [1ms]
2023-04-26 18:05:12.662 [info] > git config --get commit.template [1ms]
2023-04-26 18:05:12.669 [info] > git for-each-ref --format=%(refname)%00%(upstream:short)%00%(objectname)%00%(upstream:track)%00%(upstream:remotename)%00%(upstream:remoteref) refs/heads/master refs/remotes/master [1ms]
2023-04-26 18:05:12.680 [info] > git status -z -uall [4ms]
2023-04-26 18:05:26.513 [info] > git config --get commit.template [3ms]
2023-04-26 18:05:26.514 [info] > git for-each-ref --format=%(refname)%00%(upstream:short)%00%(objectname)%00%(upstream:track)%00%(upstream:remotename)%00%(upstream:remoteref) refs/heads/master refs/remotes/master [0ms]
2023-04-26 18:05:26.518 [info] > git status -z -uall [2ms]
2023-04-26 18:06:11.112 [info] > git config --get commit.template [2ms]
2023-04-26 18:06:11.117 [info] > git for-each-ref --format=%(refname)%00%(upstream:short)%00%(objectname)%00%(upstream:track)%00%(upstream:remotename)%00%(upstream:remoteref) refs/heads/master refs/remotes/master [1ms]
2023-04-26 18:06:11.122 [info] > git status -z -uall [2ms]
2023-04-26 18:06:21.540 [info] > git config --get commit.template [4ms]
2023-04-26 18:06:21.540 [info] > git for-each-ref --format=%(refname)%00%(upstream:short)%00%(objectname)%00%(upstream:track)%00%(upstream:remotename)%00%(upstream:remoteref) refs/heads/master refs/remotes/master [0ms]
2023-04-26 18:06:21.545 [info] > git status -z -uall [2ms]
2023-04-26 18:06:59.168 [info] > git config --get commit.template [7ms]
2023-04-26 18:06:59.168 [info] > git for-each-ref --format=%(refname)%00%(upstream:short)%00%(objectname)%00%(upstream:track)%00%(upstream:remotename)%00%(upstream:remoteref) refs/heads/master refs/remotes/master [0ms]
2023-04-26 18:06:59.177 [info] > git status -z -uall [2ms]
2023-04-26 18:07:59.534 [info] > git config --get commit.template [0ms]
2023-04-26 18:07:59.542 [info] > git for-each-ref --format=%(refname)%00%(upstream:short)%00%(objectname)%00%(upstream:track)%00%(upstream:remotename)%00%(upstream:remoteref) refs/heads/master refs/remotes/master [2ms]
2023-04-26 18:07:59.552 [info] > git status -z -uall [3ms]
2023-04-26 18:09:06.371 [info] > git config --get commit.template [0ms]
2023-04-26 18:09:06.377 [info] > git for-each-ref --format=%(refname)%00%(upstream:short)%00%(objectname)%00%(upstream:track)%00%(upstream:remotename)%00%(upstream:remoteref) refs/heads/master refs/remotes/master [0ms]
2023-04-26 18:09:06.383 [info] > git status -z -uall [2ms]
2023-04-26 18:10:24.869 [info] > git ls-files --stage -- /home/rafe/Documents/sp23/EEL5632/final_project/V2X_Example/report/eel5632_report_Autogators.tex [14ms]
2023-04-26 18:10:24.872 [info] > git config --get commit.template [24ms]
2023-04-26 18:10:24.872 [info] > git for-each-ref --format=%(refname)%00%(upstream:short)%00%(objectname)%00%(upstream:track)%00%(upstream:remotename)%00%(upstream:remoteref) refs/heads/master refs/remotes/master [4ms]
2023-04-26 18:10:24.875 [info] > git ls-files --stage -- /home/rafe/Documents/sp23/EEL5632/final_project/V2X_Example/report/bibs.bib [13ms]
2023-04-26 18:10:24.879 [info] > git status -z -uall [4ms]
2023-04-26 18:10:24.881 [info] > git cat-file -s ed5001d4dc9ff94a8843cd10063958ac0469add3 [9ms]
2023-04-26 18:10:24.881 [info] > git cat-file -s 5cf4e276c670a74a00aa908c2fe08a4389014b7c [2ms]
2023-04-26 18:10:24.896 [info] > git show --textconv :report/eel5632_report_Autogators.tex [6ms]
2023-04-26 18:10:24.897 [info] > git show --textconv :report/bibs.bib [2ms]
2023-04-26 18:10:29.890 [info] > git config --get commit.template [3ms]
2023-04-26 18:10:29.891 [info] > git for-each-ref --format=%(refname)%00%(upstream:short)%00%(objectname)%00%(upstream:track)%00%(upstream:remotename)%00%(upstream:remoteref) refs/heads/master refs/remotes/master [1ms]
2023-04-26 18:10:29.896 [info] > git status -z -uall [3ms]
