2023-05-13 14:06:04.006 [info] [SharedProcess] using utility process
2023-05-13 14:06:04.077 [info] update#setState idle
2023-05-13 14:06:04.818 [info] [UtilityProcess type: shared-process, pid: <none>]: creating new...
2023-05-13 14:06:04.823 [info] [UtilityProcess id: 2, type: fileWatcher, pid: <none>]: creating new...
2023-05-13 14:06:04.829 [info] [UtilityProcess type: shared-process, pid: 8061]: successfully created
2023-05-13 14:06:04.829 [info] [UtilityProcess id: 2, type: fileWatcher, pid: 8062]: successfully created
2023-05-13 14:06:04.879 [info] [UtilityProcess id: 1, type: extensionHost, pid: <none>]: creating new...
2023-05-13 14:06:04.882 [info] [UtilityProcess id: 1, type: extensionHost, pid: 8089]: successfully created
2023-05-13 14:06:04.904 [info] [UtilityProcess id: 2, type: extensionHost, pid: <none>]: creating new...
2023-05-13 14:06:04.908 [info] [UtilityProcess id: 2, type: extensionHost, pid: 8090]: successfully created
2023-05-13 14:06:04.933 [info] [UtilityProcess id: 1, type: fileWatcher, pid: <none>]: creating new...
2023-05-13 14:06:04.938 [info] [UtilityProcess id: 1, type: fileWatcher, pid: 8118]: successfully created
2023-05-13 14:06:07.045 [info] [UtilityProcess id: 2, type: fileWatcher, pid: 8062]: attempting to kill the process...
2023-05-13 14:06:07.045 [info] [UtilityProcess id: 2, type: fileWatcher, pid: 8062]: successfully killed the process
2023-05-13 14:06:07.048 [info] [UtilityProcess id: 2, type: fileWatcher, pid: 8062]: received exit event with code 15
2023-05-13 14:06:07.048 [error] [UtilityProcessWorker]: terminated unexpectedly with code 15, signal: unknown
2023-05-13 14:06:07.048 [error] [UtilityProcess id: 2, type: fileWatcher, pid: 8062]: crashed with code 15 and reason 'killed'
2023-05-13 14:06:07.069 [info] [UtilityProcess id: 2, type: extensionHost, pid: 8090]: received exit event with code 0
2023-05-13 14:06:07.070 [info] Extension host with pid 8090 exited with code: 0, signal: unknown.
2023-05-13 14:06:08.104 [info] [UtilityProcess id: 1, type: extensionHost, pid: 8089]: waiting to exit...
2023-05-13 14:06:08.104 [info] [UtilityProcess id: 1, type: fileWatcher, pid: 8118]: attempting to kill the process...
2023-05-13 14:06:08.104 [info] [UtilityProcess id: 1, type: fileWatcher, pid: 8118]: successfully killed the process
2023-05-13 14:06:08.107 [info] [UtilityProcess id: 1, type: extensionHost, pid: 8089]: received exit event with code 0
2023-05-13 14:06:08.107 [info] Extension host with pid 8089 exited with code: 0, signal: unknown.
2023-05-13 14:06:08.118 [info] [UtilityProcess id: 1, type: fileWatcher, pid: 8118]: received exit event with code 0
