2023-04-26 13:14:54.827 [info] Added views:workbench.panel.markers.view in workbench.panel.markers
2023-04-26 13:14:54.827 [info] Added views:workbench.panel.output in workbench.panel.output
2023-04-26 13:14:54.828 [info] Added views:terminal in terminal
2023-04-26 13:14:54.828 [info] Added views:outline in workbench.view.explorer
2023-04-26 13:14:54.828 [info] Added views:workbench.scm in workbench.view.scm
2023-04-26 13:14:54.828 [info] Added views:workbench.view.search in workbench.view.search
2023-04-26 13:14:54.828 [info] Added views:timeline in workbench.view.explorer
2023-04-26 13:14:54.828 [info] Added views:workbench.explorer.fileView in workbench.view.explorer
2023-04-26 13:14:55.146 [info] Added views:workbench.debug.variablesView,workbench.debug.watchExpressionsView,workbench.debug.callStackView,workbench.debug.breakPointsView in workbench.view.debug
2023-04-26 13:14:55.246 [info] Added views:workbench.panel.repl.view in workbench.panel.repl
2023-04-26 13:14:55.247 [info] Removed views:workbench.debug.breakPointsView,workbench.debug.callStackView,workbench.debug.watchExpressionsView,workbench.debug.variablesView from workbench.view.debug
2023-04-26 13:14:55.248 [info] Added views:workbench.debug.welcome in workbench.view.debug
2023-04-26 13:14:55.676 [info] Added views:liveshare.session in workbench.view.extension.liveshare
2023-04-26 13:45:55.335 [info] Added views:workbench.panel.markers.view in workbench.panel.markers
2023-04-26 13:45:55.335 [info] Added views:workbench.panel.output in workbench.panel.output
2023-04-26 13:45:55.335 [info] Added views:terminal in terminal
2023-04-26 13:45:55.335 [info] Added views:outline in workbench.view.explorer
2023-04-26 13:45:55.335 [info] Added views:workbench.scm in workbench.view.scm
2023-04-26 13:45:55.335 [info] Added views:workbench.view.search in workbench.view.search
2023-04-26 13:45:55.335 [info] Added views:timeline in workbench.view.explorer
2023-04-26 13:45:55.335 [info] Added views:workbench.explorer.fileView in workbench.view.explorer
2023-04-26 13:45:55.429 [info] Added views:workbench.debug.variablesView,workbench.debug.watchExpressionsView,workbench.debug.callStackView,workbench.debug.breakPointsView in workbench.view.debug
2023-04-26 13:45:55.654 [info] Added views:workbench.panel.repl.view in workbench.panel.repl
2023-04-26 13:45:56.135 [info] Added views:liveshare.session in workbench.view.extension.liveshare
2023-04-26 13:46:09.152 [info] Added views:workbench.views.extensions.installed,workbench.views.extensions.popular,extensions.recommendedList in workbench.view.extensions
2023-04-26 13:46:09.153 [info] Removed views:workbench.views.extensions.popular from workbench.view.extensions
2023-04-26 13:46:09.748 [info] Removed views:extensions.recommendedList,workbench.views.extensions.installed from workbench.view.extensions
2023-04-26 13:46:09.770 [info] Added views:workbench.views.extensions.workspaceRecommendations,workbench.views.extensions.otherRecommendations in workbench.view.extensions
