2023-05-13 14:05:54.826 [info] [SharedProcess] using utility process
2023-05-13 14:05:54.915 [info] update#setState idle
2023-05-13 14:05:55.522 [info] [UtilityProcess type: shared-process, pid: <none>]: creating new...
2023-05-13 14:05:55.525 [info] [UtilityProcess id: 2, type: fileWatcher, pid: <none>]: creating new...
2023-05-13 14:05:55.528 [info] [UtilityProcess type: shared-process, pid: 7740]: successfully created
2023-05-13 14:05:55.529 [info] [UtilityProcess id: 2, type: fileWatcher, pid: 7741]: successfully created
2023-05-13 14:05:55.606 [info] [UtilityProcess id: 1, type: extensionHost, pid: <none>]: creating new...
2023-05-13 14:05:55.610 [info] [UtilityProcess id: 1, type: extensionHost, pid: 7770]: successfully created
2023-05-13 14:05:55.693 [info] [UtilityProcess id: 1, type: fileWatcher, pid: <none>]: creating new...
2023-05-13 14:05:55.698 [info] [UtilityProcess id: 2, type: extensionHost, pid: <none>]: creating new...
2023-05-13 14:05:55.707 [info] [UtilityProcess id: 1, type: fileWatcher, pid: 7790]: successfully created
2023-05-13 14:05:55.708 [info] [UtilityProcess id: 2, type: extensionHost, pid: 7791]: successfully created
2023-05-13 14:05:59.104 [info] [UtilityProcess id: 2, type: fileWatcher, pid: 7741]: attempting to kill the process...
2023-05-13 14:05:59.105 [info] [UtilityProcess id: 2, type: fileWatcher, pid: 7741]: successfully killed the process
2023-05-13 14:05:59.108 [info] [UtilityProcess id: 2, type: fileWatcher, pid: 7741]: received exit event with code 15
2023-05-13 14:05:59.108 [error] [UtilityProcessWorker]: terminated unexpectedly with code 15, signal: unknown
2023-05-13 14:05:59.108 [error] [UtilityProcess id: 2, type: fileWatcher, pid: 7741]: crashed with code 15 and reason 'killed'
2023-05-13 14:05:59.123 [info] [UtilityProcess id: 1, type: extensionHost, pid: 7770]: received exit event with code 0
2023-05-13 14:05:59.123 [info] Extension host with pid 7770 exited with code: 0, signal: unknown.
2023-05-13 14:06:00.191 [info] [UtilityProcess id: 2, type: extensionHost, pid: 7791]: waiting to exit...
2023-05-13 14:06:00.191 [info] [UtilityProcess id: 1, type: fileWatcher, pid: 7790]: attempting to kill the process...
2023-05-13 14:06:00.191 [info] [UtilityProcess id: 1, type: fileWatcher, pid: 7790]: successfully killed the process
2023-05-13 14:06:00.193 [info] [UtilityProcess id: 2, type: extensionHost, pid: 7791]: received exit event with code 0
2023-05-13 14:06:00.193 [info] Extension host with pid 7791 exited with code: 0, signal: unknown.
2023-05-13 14:06:00.203 [info] [UtilityProcess id: 1, type: fileWatcher, pid: 7790]: received exit event with code 0
