2023-04-26 13:56:34.313 [info] Log level: Info
2023-04-26 13:56:34.313 [info] Validating found git in: "git"
2023-04-26 13:56:34.313 [info] Using git "2.40.0" from "git"
2023-04-26 13:57:38.613 [info] > git rev-parse --show-toplevel [1ms]
2023-04-26 13:57:38.619 [info] > git rev-parse --git-dir --git-common-dir [1ms]
2023-04-26 13:57:38.626 [info] Open repository: /home/rafe/Documents/sp23/EEL5632/final_project/V2X_Example
2023-04-26 13:57:38.634 [info] > git config --get commit.template [1ms]
2023-04-26 13:57:38.641 [info] > git for-each-ref --format=%(refname)%00%(upstream:short)%00%(objectname)%00%(upstream:track)%00%(upstream:remotename)%00%(upstream:remoteref) refs/heads/master refs/remotes/master [2ms]
2023-04-26 13:57:38.650 [info] > git status -z -uall [3ms]
2023-04-26 13:57:39.411 [info] Log level: Info
2023-04-26 13:57:39.411 [info] Validating found git in: "git"
2023-04-26 13:57:39.411 [info] Using git "2.40.0" from "git"
2023-04-26 13:57:39.411 [info] > git rev-parse --show-toplevel [4ms]
2023-04-26 13:57:39.430 [info] > git rev-parse --git-dir --git-common-dir [12ms]
2023-04-26 13:57:39.436 [info] Open repository: /home/rafe/Documents/sp23/EEL5632/final_project/V2X_Example
2023-04-26 13:57:39.458 [info] > git rev-parse --show-toplevel [12ms]
2023-04-26 13:57:39.468 [info] > git rev-parse --show-toplevel [4ms]
2023-04-26 13:57:39.475 [info] > git config --get commit.template [18ms]
2023-04-26 13:57:39.476 [info] > git rev-parse --show-toplevel [2ms]
2023-04-26 13:57:39.492 [info] > git for-each-ref --format=%(refname)%00%(upstream:short)%00%(objectname)%00%(upstream:track)%00%(upstream:remotename)%00%(upstream:remoteref) refs/heads/master refs/remotes/master [3ms]
2023-04-26 13:57:39.500 [info] > git rev-parse --show-toplevel [18ms]
2023-04-26 13:57:39.508 [info] > git status -z -uall [9ms]
2023-04-26 13:57:39.508 [info] > git rev-parse --show-toplevel [2ms]
2023-04-26 13:57:39.525 [info] > git rev-parse --show-toplevel [11ms]
2023-04-26 13:57:39.533 [info] > git rev-parse --show-toplevel [1ms]
2023-04-26 13:57:39.540 [info] > git config --get commit.template [15ms]
2023-04-26 13:57:39.541 [info] > git rev-parse --show-toplevel [1ms]
2023-04-26 13:57:39.549 [info] > git for-each-ref --format=%(refname)%00%(upstream:short)%00%(objectname)%00%(upstream:track)%00%(upstream:remotename)%00%(upstream:remoteref) refs/heads/master refs/remotes/master [1ms]
2023-04-26 13:57:39.557 [info] > git status -z -uall [2ms]
2023-04-26 13:57:39.975 [info] > git check-ignore -v -z --stdin [1ms]
2023-04-26 13:57:41.042 [info] > git check-ignore -v -z --stdin [1ms]
2023-04-26 13:57:43.376 [info] > git check-ignore -v -z --stdin [1ms]
2023-04-26 13:57:45.435 [info] > git show --textconv :report/eel5632_report_Autogators.tex [8ms]
2023-04-26 13:57:45.436 [info] > git ls-files --stage -- /home/rafe/Documents/sp23/EEL5632/final_project/V2X_Example/report/eel5632_report_Autogators.tex [1ms]
2023-04-26 13:57:45.444 [info] > git cat-file -s 6b984f5bd23dd708878ba7b694ef16172ad5db29 [0ms]
2023-04-26 14:00:19.359 [info] > git config --get commit.template [0ms]
2023-04-26 14:00:19.365 [info] > git for-each-ref --format=%(refname)%00%(upstream:short)%00%(objectname)%00%(upstream:track)%00%(upstream:remotename)%00%(upstream:remoteref) refs/heads/master refs/remotes/master [1ms]
2023-04-26 14:00:19.377 [info] > git status -z -uall [3ms]
2023-04-26 14:08:24.694 [info] > git show --textconv :report/eel5632_report_Autogators.tex [4ms]
2023-04-26 14:08:24.695 [info] > git ls-files --stage -- /home/rafe/Documents/sp23/EEL5632/final_project/V2X_Example/report/eel5632_report_Autogators.tex [1ms]
2023-04-26 14:08:24.699 [info] > git cat-file -s 6b984f5bd23dd708878ba7b694ef16172ad5db29 [0ms]
2023-04-26 14:09:55.190 [info] > git config --get commit.template [0ms]
2023-04-26 14:09:55.197 [info] > git for-each-ref --format=%(refname)%00%(upstream:short)%00%(objectname)%00%(upstream:track)%00%(upstream:remotename)%00%(upstream:remoteref) refs/heads/master refs/remotes/master [1ms]
2023-04-26 14:09:55.208 [info] > git status -z -uall [3ms]
2023-04-26 14:10:00.223 [info] > git config --get commit.template [4ms]
2023-04-26 14:10:00.223 [info] > git for-each-ref --format=%(refname)%00%(upstream:short)%00%(objectname)%00%(upstream:track)%00%(upstream:remotename)%00%(upstream:remoteref) refs/heads/master refs/remotes/master [1ms]
2023-04-26 14:10:00.228 [info] > git status -z -uall [2ms]
2023-04-26 14:10:14.896 [info] > git config --get commit.template [6ms]
2023-04-26 14:10:14.896 [info] > git for-each-ref --format=%(refname)%00%(upstream:short)%00%(objectname)%00%(upstream:track)%00%(upstream:remotename)%00%(upstream:remoteref) refs/heads/master refs/remotes/master [1ms]
2023-04-26 14:10:14.904 [info] > git status -z -uall [2ms]
2023-04-26 14:10:37.349 [info] > git config --get commit.template [1ms]
2023-04-26 14:10:37.353 [info] > git for-each-ref --format=%(refname)%00%(upstream:short)%00%(objectname)%00%(upstream:track)%00%(upstream:remotename)%00%(upstream:remoteref) refs/heads/master refs/remotes/master [1ms]
2023-04-26 14:10:37.358 [info] > git status -z -uall [2ms]
2023-04-26 14:10:53.323 [info] > git config --get commit.template [4ms]
2023-04-26 14:10:53.323 [info] > git for-each-ref --format=%(refname)%00%(upstream:short)%00%(objectname)%00%(upstream:track)%00%(upstream:remotename)%00%(upstream:remoteref) refs/heads/master refs/remotes/master [1ms]
2023-04-26 14:10:53.328 [info] > git status -z -uall [2ms]
2023-04-26 14:13:44.469 [info] > git config --get commit.template [0ms]
2023-04-26 14:13:44.473 [info] > git for-each-ref --format=%(refname)%00%(upstream:short)%00%(objectname)%00%(upstream:track)%00%(upstream:remotename)%00%(upstream:remoteref) refs/heads/master refs/remotes/master [1ms]
2023-04-26 14:13:44.478 [info] > git status -z -uall [2ms]
2023-04-26 14:13:49.490 [info] > git config --get commit.template [3ms]
2023-04-26 14:13:49.490 [info] > git for-each-ref --format=%(refname)%00%(upstream:short)%00%(objectname)%00%(upstream:track)%00%(upstream:remotename)%00%(upstream:remoteref) refs/heads/master refs/remotes/master [1ms]
2023-04-26 14:13:49.495 [info] > git status -z -uall [2ms]
2023-04-26 14:13:55.188 [info] > git config --get commit.template [3ms]
2023-04-26 14:13:55.189 [info] > git for-each-ref --format=%(refname)%00%(upstream:short)%00%(objectname)%00%(upstream:track)%00%(upstream:remotename)%00%(upstream:remoteref) refs/heads/master refs/remotes/master [1ms]
2023-04-26 14:13:55.194 [info] > git status -z -uall [2ms]
