2023-05-13 14:06:05.149 [info] Extension host with pid 8090 started
2023-05-13 14:06:05.149 [info] Skipping acquiring lock for /home/rafe/.config/Code/User/workspaceStorage/0e2701ecedf1d39660cd0d63fdbcf91c.
2023-05-13 14:06:05.199 [info] ExtensionService#_doActivateExtension vscode.git-base, startup: true, activationEvent: '*', root cause: vscode.git
2023-05-13 14:06:05.202 [info] ExtensionService#_doActivateExtension vscodevim.vim, startup: true, activationEvent: '*'
2023-05-13 14:06:05.242 [info] ExtensionService#_doActivateExtension vscode.github-authentication, startup: false, activationEvent: 'onAuthenticationRequest:github'
2023-05-13 14:06:05.256 [info] ExtensionService#_doActivateExtension vscode.git, startup: true, activationEvent: '*'
2023-05-13 14:06:05.273 [info] ExtensionService#_doActivateExtension vscode.github, startup: true, activationEvent: '*'
2023-05-13 14:06:05.341 [info] ExtensionService#_doActivateExtension vscode.microsoft-authentication, startup: false, activationEvent: 'onAuthenticationRequest:microsoft'
2023-05-13 14:06:05.496 [info] Eager extensions activated
2023-05-13 14:06:05.497 [info] ExtensionService#_doActivateExtension vscode.debug-auto-launch, startup: false, activationEvent: 'onStartupFinished'
2023-05-13 14:06:05.499 [info] ExtensionService#_doActivateExtension vscode.merge-conflict, startup: false, activationEvent: 'onStartupFinished'
2023-05-13 14:06:05.506 [info] ExtensionService#_doActivateExtension ms-vsliveshare.vsliveshare, startup: false, activationEvent: 'onStartupFinished'
2023-05-13 14:06:07.039 [info] Extension host terminating: renderer closed the MessagePort
2023-05-13 14:06:07.049 [error] ProxyResolver#resolveProxy DIRECT Canceled: Canceled
	at new l (/opt/visual-studio-code/resources/app/out/vs/workbench/api/node/extensionHostProcess.js:98:105190)
	at c.O (/opt/visual-studio-code/resources/app/out/vs/workbench/api/node/extensionHostProcess.js:108:11692)
	at G.<computed>.Q.charCodeAt.G.<computed> (/opt/visual-studio-code/resources/app/out/vs/workbench/api/node/extensionHostProcess.js:108:8967)
	at L.resolveProxy (/opt/visual-studio-code/resources/app/out/vs/workbench/api/node/extensionHostProcess.js:109:20163)
	at Object.resolveProxy (/opt/visual-studio-code/resources/app/out/vs/workbench/api/node/extensionHostProcess.js:119:9307)
	at useProxySettings (/opt/visual-studio-code/resources/app/node_modules.asar/vscode-proxy-agent/out/index.js:159:16)
	at /opt/visual-studio-code/resources/app/node_modules.asar/vscode-proxy-agent/out/index.js:107:13
	at /opt/visual-studio-code/resources/app/node_modules.asar/vscode-proxy-agent/out/index.js:336:13
	at runNextTicks (node:internal/process/task_queues:61:5)
	at listOnTimeout (node:internal/timers:528:9)
	at process.processTimers (node:internal/timers:502:7) 
2023-05-13 14:06:07.058 [error] ProxyResolver#resolveProxy DIRECT Canceled: Canceled
	at new l (/opt/visual-studio-code/resources/app/out/vs/workbench/api/node/extensionHostProcess.js:98:105190)
	at c.O (/opt/visual-studio-code/resources/app/out/vs/workbench/api/node/extensionHostProcess.js:108:11692)
	at G.<computed>.Q.charCodeAt.G.<computed> (/opt/visual-studio-code/resources/app/out/vs/workbench/api/node/extensionHostProcess.js:108:8967)
	at L.resolveProxy (/opt/visual-studio-code/resources/app/out/vs/workbench/api/node/extensionHostProcess.js:109:20163)
	at Object.resolveProxy (/opt/visual-studio-code/resources/app/out/vs/workbench/api/node/extensionHostProcess.js:119:9307)
	at useProxySettings (/opt/visual-studio-code/resources/app/node_modules.asar/vscode-proxy-agent/out/index.js:159:16)
	at /opt/visual-studio-code/resources/app/node_modules.asar/vscode-proxy-agent/out/index.js:107:13
	at /opt/visual-studio-code/resources/app/node_modules.asar/vscode-proxy-agent/out/index.js:336:13 
2023-05-13 14:06:07.064 [info] Extension host with pid 8090 exiting with code 0
